<?xml version="1.0" encoding="UTF-8"?>
<coverage generated="1767299208334" clover="3.2.0">
  <project timestamp="1767299208335" name="All files">
    <metrics statements="881" coveredstatements="423" conditionals="102" coveredconditionals="27" methods="384" coveredmethods="178" elements="1367" coveredelements="628" complexity="0" loc="881" ncloc="881" packages="36" files="123" classes="123"/>
    <package name="Educations.Application">
      <metrics statements="55" coveredstatements="0" conditionals="4" coveredconditionals="0" methods="13" coveredmethods="0"/>
      <file name="CreateEducation.ts" path="/home/juan/WebstormProjects/PortfolioNest/Portfolio/Educations/Application/CreateEducation.ts">
        <metrics statements="21" coveredstatements="0" conditionals="0" coveredconditionals="0" methods="3" coveredmethods="0"/>
        <line num="2" count="0" type="stmt"/>
        <line num="4" count="0" type="stmt"/>
        <line num="5" count="0" type="stmt"/>
        <line num="6" count="0" type="stmt"/>
        <line num="7" count="0" type="stmt"/>
        <line num="10" count="0" type="stmt"/>
        <line num="11" count="0" type="stmt"/>
        <line num="12" count="0" type="stmt"/>
        <line num="13" count="0" type="stmt"/>
        <line num="14" count="0" type="stmt"/>
        <line num="15" count="0" type="stmt"/>
        <line num="16" count="0" type="stmt"/>
        <line num="18" count="0" type="stmt"/>
        <line num="28" count="0" type="stmt"/>
        <line num="29" count="0" type="stmt"/>
        <line num="33" count="0" type="stmt"/>
        <line num="43" count="0" type="stmt"/>
        <line num="44" count="0" type="stmt"/>
        <line num="52" count="0" type="stmt"/>
        <line num="53" count="0" type="stmt"/>
        <line num="54" count="0" type="stmt"/>
      </file>
      <file name="DeleteEducation.ts" path="/home/juan/WebstormProjects/PortfolioNest/Portfolio/Educations/Application/DeleteEducation.ts">
        <metrics statements="6" coveredstatements="0" conditionals="0" coveredconditionals="0" methods="2" coveredmethods="0"/>
        <line num="7" count="0" type="stmt"/>
        <line num="17" count="0" type="stmt"/>
        <line num="18" count="0" type="stmt"/>
        <line num="22" count="0" type="stmt"/>
        <line num="23" count="0" type="stmt"/>
        <line num="24" count="0" type="stmt"/>
      </file>
      <file name="EditEducation.ts" path="/home/juan/WebstormProjects/PortfolioNest/Portfolio/Educations/Application/EditEducation.ts">
        <metrics statements="15" coveredstatements="0" conditionals="0" coveredconditionals="0" methods="2" coveredmethods="0"/>
        <line num="6" count="0" type="stmt"/>
        <line num="7" count="0" type="stmt"/>
        <line num="8" count="0" type="stmt"/>
        <line num="9" count="0" type="stmt"/>
        <line num="11" count="0" type="stmt"/>
        <line num="21" count="0" type="stmt"/>
        <line num="22" count="0" type="stmt"/>
        <line num="26" count="0" type="stmt"/>
        <line num="27" count="0" type="stmt"/>
        <line num="28" count="0" type="stmt"/>
        <line num="29" count="0" type="stmt"/>
        <line num="33" count="0" type="stmt"/>
        <line num="34" count="0" type="stmt"/>
        <line num="35" count="0" type="stmt"/>
        <line num="36" count="0" type="stmt"/>
      </file>
      <file name="GetAllEducations.ts" path="/home/juan/WebstormProjects/PortfolioNest/Portfolio/Educations/Application/GetAllEducations.ts">
        <metrics statements="3" coveredstatements="0" conditionals="0" coveredconditionals="0" methods="2" coveredmethods="0"/>
        <line num="6" count="0" type="stmt"/>
        <line num="12" count="0" type="stmt"/>
        <line num="16" count="0" type="stmt"/>
      </file>
      <file name="GetEducationById.ts" path="/home/juan/WebstormProjects/PortfolioNest/Portfolio/Educations/Application/GetEducationById.ts">
        <metrics statements="5" coveredstatements="0" conditionals="2" coveredconditionals="0" methods="2" coveredmethods="0"/>
        <line num="5" count="0" type="stmt"/>
        <line num="9" count="0" type="stmt"/>
        <line num="12" count="0" type="stmt"/>
        <line num="13" count="0" type="cond" truecount="0" falsecount="2"/>
        <line num="14" count="0" type="stmt"/>
      </file>
      <file name="GetEducationBySlug.ts" path="/home/juan/WebstormProjects/PortfolioNest/Portfolio/Educations/Application/GetEducationBySlug.ts">
        <metrics statements="5" coveredstatements="0" conditionals="2" coveredconditionals="0" methods="2" coveredmethods="0"/>
        <line num="5" count="0" type="stmt"/>
        <line num="11" count="0" type="stmt"/>
        <line num="15" count="0" type="stmt"/>
        <line num="16" count="0" type="cond" truecount="0" falsecount="2"/>
        <line num="17" count="0" type="stmt"/>
      </file>
    </package>
    <package name="Educations.Application.DTO">
      <metrics statements="23" coveredstatements="0" conditionals="2" coveredconditionals="0" methods="7" coveredmethods="0"/>
      <file name="CreateEducationRequest.ts" path="/home/juan/WebstormProjects/PortfolioNest/Portfolio/Educations/Application/DTO/CreateEducationRequest.ts">
        <metrics statements="8" coveredstatements="0" conditionals="0" coveredconditionals="0" methods="1" coveredmethods="0"/>
        <line num="5" count="0" type="stmt"/>
        <line num="7" count="0" type="stmt"/>
        <line num="8" count="0" type="stmt"/>
        <line num="9" count="0" type="stmt"/>
        <line num="10" count="0" type="stmt"/>
        <line num="11" count="0" type="stmt"/>
        <line num="12" count="0" type="stmt"/>
        <line num="13" count="0" type="stmt"/>
      </file>
      <file name="DeleteEducationRequest.ts" path="/home/juan/WebstormProjects/PortfolioNest/Portfolio/Educations/Application/DTO/DeleteEducationRequest.ts">
        <metrics statements="2" coveredstatements="0" conditionals="0" coveredconditionals="0" methods="1" coveredmethods="0"/>
        <line num="2" count="0" type="stmt"/>
        <line num="4" count="0" type="stmt"/>
      </file>
      <file name="EditEducationRequest.ts" path="/home/juan/WebstormProjects/PortfolioNest/Portfolio/Educations/Application/DTO/EditEducationRequest.ts">
        <metrics statements="3" coveredstatements="0" conditionals="0" coveredconditionals="0" methods="1" coveredmethods="0"/>
        <line num="3" count="0" type="stmt"/>
        <line num="5" count="0" type="stmt"/>
        <line num="6" count="0" type="stmt"/>
      </file>
      <file name="EducationResponse.ts" path="/home/juan/WebstormProjects/PortfolioNest/Portfolio/Educations/Application/DTO/EducationResponse.ts">
        <metrics statements="6" coveredstatements="0" conditionals="0" coveredconditionals="0" methods="2" coveredmethods="0"/>
        <line num="3" count="0" type="stmt"/>
        <line num="4" count="0" type="stmt"/>
        <line num="5" count="0" type="stmt"/>
        <line num="7" count="0" type="stmt"/>
        <line num="9" count="0" type="stmt"/>
        <line num="19" count="0" type="stmt"/>
      </file>
      <file name="EducationResponseCollection.ts" path="/home/juan/WebstormProjects/PortfolioNest/Portfolio/Educations/Application/DTO/EducationResponseCollection.ts">
        <metrics statements="4" coveredstatements="0" conditionals="2" coveredconditionals="0" methods="2" coveredmethods="0"/>
        <line num="1" count="0" type="stmt"/>
        <line num="5" count="0" type="stmt"/>
        <line num="7" count="0" type="cond" truecount="0" falsecount="2"/>
        <line num="8" count="0" type="stmt"/>
      </file>
    </package>
    <package name="Educations.Domain">
      <metrics statements="29" coveredstatements="0" conditionals="0" coveredconditionals="0" methods="22" coveredmethods="0"/>
      <file name="Education.ts" path="/home/juan/WebstormProjects/PortfolioNest/Portfolio/Educations/Domain/Education.ts">
        <metrics statements="29" coveredstatements="0" conditionals="0" coveredconditionals="0" methods="22" coveredmethods="0"/>
        <line num="12" count="0" type="stmt"/>
        <line num="34" count="0" type="stmt"/>
        <line num="35" count="0" type="stmt"/>
        <line num="36" count="0" type="stmt"/>
        <line num="37" count="0" type="stmt"/>
        <line num="38" count="0" type="stmt"/>
        <line num="40" count="0" type="stmt"/>
        <line num="41" count="0" type="stmt"/>
        <line num="54" count="0" type="stmt"/>
        <line num="67" count="0" type="stmt"/>
        <line num="71" count="0" type="stmt"/>
        <line num="75" count="0" type="stmt"/>
        <line num="79" count="0" type="stmt"/>
        <line num="83" count="0" type="stmt"/>
        <line num="87" count="0" type="stmt"/>
        <line num="91" count="0" type="stmt"/>
        <line num="95" count="0" type="stmt"/>
        <line num="99" count="0" type="stmt"/>
        <line num="103" count="0" type="stmt"/>
        <line num="107" count="0" type="stmt"/>
        <line num="111" count="0" type="stmt"/>
        <line num="115" count="0" type="stmt"/>
        <line num="119" count="0" type="stmt"/>
        <line num="123" count="0" type="stmt"/>
        <line num="127" count="0" type="stmt"/>
        <line num="131" count="0" type="stmt"/>
        <line num="135" count="0" type="stmt"/>
        <line num="139" count="0" type="stmt"/>
        <line num="143" count="0" type="stmt"/>
      </file>
    </package>
    <package name="Educations.Domain.ValueObject">
      <metrics statements="31" coveredstatements="0" conditionals="2" coveredconditionals="0" methods="16" coveredmethods="0"/>
      <file name="EducationDescription.ts" path="/home/juan/WebstormProjects/PortfolioNest/Portfolio/Educations/Domain/ValueObject/EducationDescription.ts">
        <metrics statements="5" coveredstatements="0" conditionals="0" coveredconditionals="0" methods="3" coveredmethods="0"/>
        <line num="1" count="0" type="stmt"/>
        <line num="3" count="0" type="stmt"/>
        <line num="7" count="0" type="stmt"/>
        <line num="10" count="0" type="stmt"/>
        <line num="14" count="0" type="stmt"/>
      </file>
      <file name="EducationId.ts" path="/home/juan/WebstormProjects/PortfolioNest/Portfolio/Educations/Domain/ValueObject/EducationId.ts">
        <metrics statements="5" coveredstatements="0" conditionals="0" coveredconditionals="0" methods="3" coveredmethods="0"/>
        <line num="1" count="0" type="stmt"/>
        <line num="3" count="0" type="stmt"/>
        <line num="7" count="0" type="stmt"/>
        <line num="11" count="0" type="stmt"/>
        <line num="15" count="0" type="stmt"/>
      </file>
      <file name="EducationPeriod.ts" path="/home/juan/WebstormProjects/PortfolioNest/Portfolio/Educations/Domain/ValueObject/EducationPeriod.ts">
        <metrics statements="11" coveredstatements="0" conditionals="2" coveredconditionals="0" methods="4" coveredmethods="0"/>
        <line num="1" count="0" type="stmt"/>
        <line num="3" count="0" type="stmt"/>
        <line num="8" count="0" type="stmt"/>
        <line num="9" count="0" type="stmt"/>
        <line num="13" count="0" type="stmt"/>
        <line num="14" count="0" type="stmt"/>
        <line num="15" count="0" type="cond" truecount="0" falsecount="2"/>
        <line num="16" count="0" type="stmt"/>
        <line num="18" count="0" type="stmt"/>
        <line num="22" count="0" type="stmt"/>
        <line num="26" count="0" type="stmt"/>
      </file>
      <file name="EducationSlug.ts" path="/home/juan/WebstormProjects/PortfolioNest/Portfolio/Educations/Domain/ValueObject/EducationSlug.ts">
        <metrics statements="5" coveredstatements="0" conditionals="0" coveredconditionals="0" methods="3" coveredmethods="0"/>
        <line num="1" count="0" type="stmt"/>
        <line num="3" count="0" type="stmt"/>
        <line num="7" count="0" type="stmt"/>
        <line num="11" count="0" type="stmt"/>
        <line num="15" count="0" type="stmt"/>
      </file>
      <file name="EducationTitle.ts" path="/home/juan/WebstormProjects/PortfolioNest/Portfolio/Educations/Domain/ValueObject/EducationTitle.ts">
        <metrics statements="5" coveredstatements="0" conditionals="0" coveredconditionals="0" methods="3" coveredmethods="0"/>
        <line num="1" count="0" type="stmt"/>
        <line num="3" count="0" type="stmt"/>
        <line num="7" count="0" type="stmt"/>
        <line num="10" count="0" type="stmt"/>
        <line num="13" count="0" type="stmt"/>
      </file>
    </package>
    <package name="Files.Application">
      <metrics statements="39" coveredstatements="39" conditionals="2" coveredconditionals="2" methods="8" coveredmethods="8"/>
      <file name="DeleteFile.ts" path="/home/juan/WebstormProjects/PortfolioNest/Portfolio/Files/Application/DeleteFile.ts">
        <metrics statements="7" coveredstatements="7" conditionals="0" coveredconditionals="0" methods="2" coveredmethods="2"/>
        <line num="6" count="1" type="stmt"/>
        <line num="8" count="2" type="stmt"/>
        <line num="9" count="2" type="stmt"/>
        <line num="10" count="2" type="stmt"/>
        <line num="14" count="2" type="stmt"/>
        <line num="15" count="1" type="stmt"/>
        <line num="16" count="1" type="stmt"/>
      </file>
      <file name="GetFile.ts" path="/home/juan/WebstormProjects/PortfolioNest/Portfolio/Files/Application/GetFile.ts">
        <metrics statements="6" coveredstatements="6" conditionals="2" coveredconditionals="2" methods="2" coveredmethods="2"/>
        <line num="5" count="1" type="stmt"/>
        <line num="6" count="2" type="stmt"/>
        <line num="9" count="2" type="stmt"/>
        <line num="10" count="2" type="cond" truecount="2" falsecount="0"/>
        <line num="11" count="1" type="stmt"/>
        <line num="13" count="1" type="stmt"/>
      </file>
      <file name="UpdateFileMetada.ts" path="/home/juan/WebstormProjects/PortfolioNest/Portfolio/Files/Application/UpdateFileMetada.ts">
        <metrics statements="10" coveredstatements="10" conditionals="0" coveredconditionals="0" methods="2" coveredmethods="2"/>
        <line num="5" count="1" type="stmt"/>
        <line num="6" count="1" type="stmt"/>
        <line num="9" count="1" type="stmt"/>
        <line num="13" count="2" type="stmt"/>
        <line num="14" count="2" type="stmt"/>
        <line num="18" count="2" type="stmt"/>
        <line num="19" count="1" type="stmt"/>
        <line num="20" count="1" type="stmt"/>
        <line num="21" count="1" type="stmt"/>
        <line num="22" count="1" type="stmt"/>
      </file>
      <file name="UploadFile.ts" path="/home/juan/WebstormProjects/PortfolioNest/Portfolio/Files/Application/UploadFile.ts">
        <metrics statements="16" coveredstatements="16" conditionals="0" coveredconditionals="0" methods="2" coveredmethods="2"/>
        <line num="5" count="1" type="stmt"/>
        <line num="6" count="1" type="stmt"/>
        <line num="7" count="1" type="stmt"/>
        <line num="8" count="1" type="stmt"/>
        <line num="9" count="1" type="stmt"/>
        <line num="10" count="1" type="stmt"/>
        <line num="11" count="1" type="stmt"/>
        <line num="12" count="1" type="stmt"/>
        <line num="13" count="1" type="stmt"/>
        <line num="14" count="1" type="stmt"/>
        <line num="16" count="1" type="stmt"/>
        <line num="17" count="1" type="stmt"/>
        <line num="20" count="1" type="stmt"/>
        <line num="30" count="1" type="stmt"/>
        <line num="33" count="1" type="stmt"/>
        <line num="34" count="1" type="stmt"/>
      </file>
    </package>
    <package name="Files.Application.DTO">
      <metrics statements="13" coveredstatements="13" conditionals="0" coveredconditionals="0" methods="3" coveredmethods="3"/>
      <file name="FileResponse.ts" path="/home/juan/WebstormProjects/PortfolioNest/Portfolio/Files/Application/DTO/FileResponse.ts">
        <metrics statements="2" coveredstatements="2" conditionals="0" coveredconditionals="0" methods="1" coveredmethods="1"/>
        <line num="4" count="3" type="stmt"/>
        <line num="6" count="5" type="stmt"/>
      </file>
      <file name="UpdateFileRequest.ts" path="/home/juan/WebstormProjects/PortfolioNest/Portfolio/Files/Application/DTO/UpdateFileRequest.ts">
        <metrics statements="4" coveredstatements="4" conditionals="0" coveredconditionals="0" methods="1" coveredmethods="1"/>
        <line num="1" count="1" type="stmt"/>
        <line num="3" count="2" type="stmt"/>
        <line num="4" count="2" type="stmt"/>
        <line num="5" count="2" type="stmt"/>
      </file>
      <file name="UploadFileRequest.ts" path="/home/juan/WebstormProjects/PortfolioNest/Portfolio/Files/Application/DTO/UploadFileRequest.ts">
        <metrics statements="7" coveredstatements="7" conditionals="0" coveredconditionals="0" methods="1" coveredmethods="1"/>
        <line num="1" count="5" type="stmt"/>
        <line num="3" count="5" type="stmt"/>
        <line num="4" count="5" type="stmt"/>
        <line num="5" count="5" type="stmt"/>
        <line num="6" count="5" type="stmt"/>
        <line num="7" count="5" type="stmt"/>
        <line num="8" count="5" type="stmt"/>
      </file>
    </package>
    <package name="Files.Domain">
      <metrics statements="26" coveredstatements="21" conditionals="0" coveredconditionals="0" methods="18" coveredmethods="13"/>
      <file name="File.ts" path="/home/juan/WebstormProjects/PortfolioNest/Portfolio/Files/Domain/File.ts">
        <metrics statements="26" coveredstatements="21" conditionals="0" coveredconditionals="0" methods="18" coveredmethods="13"/>
        <line num="9" count="14" type="stmt"/>
        <line num="11" count="21" type="stmt"/>
        <line num="12" count="21" type="stmt"/>
        <line num="13" count="21" type="stmt"/>
        <line num="14" count="21" type="stmt"/>
        <line num="15" count="21" type="stmt"/>
        <line num="16" count="21" type="stmt"/>
        <line num="17" count="21" type="stmt"/>
        <line num="18" count="21" type="stmt"/>
        <line num="30" count="21" type="stmt"/>
        <line num="34" count="3" type="stmt"/>
        <line num="38" count="1" type="stmt"/>
        <line num="42" count="13" type="stmt"/>
        <line num="46" count="0" type="stmt"/>
        <line num="50" count="9" type="stmt"/>
        <line num="54" count="0" type="stmt"/>
        <line num="58" count="7" type="stmt"/>
        <line num="62" count="0" type="stmt"/>
        <line num="66" count="7" type="stmt"/>
        <line num="70" count="0" type="stmt"/>
        <line num="74" count="9" type="stmt"/>
        <line num="78" count="0" type="stmt"/>
        <line num="82" count="8" type="stmt"/>
        <line num="86" count="2" type="stmt"/>
        <line num="90" count="8" type="stmt"/>
        <line num="94" count="2" type="stmt"/>
      </file>
    </package>
    <package name="Files.Domain.ValueObject">
      <metrics statements="68" coveredstatements="42" conditionals="34" coveredconditionals="9" methods="34" coveredmethods="25"/>
      <file name="FileAlt.ts" path="/home/juan/WebstormProjects/PortfolioNest/Portfolio/Files/Domain/ValueObject/FileAlt.ts">
        <metrics statements="5" coveredstatements="5" conditionals="0" coveredconditionals="0" methods="3" coveredmethods="3"/>
        <line num="1" count="14" type="stmt"/>
        <line num="3" count="14" type="stmt"/>
        <line num="7" count="20" type="stmt"/>
        <line num="11" count="20" type="stmt"/>
        <line num="15" count="8" type="stmt"/>
      </file>
      <file name="FileId.ts" path="/home/juan/WebstormProjects/PortfolioNest/Portfolio/Files/Domain/ValueObject/FileId.ts">
        <metrics statements="5" coveredstatements="5" conditionals="0" coveredconditionals="0" methods="3" coveredmethods="3"/>
        <line num="1" count="14" type="stmt"/>
        <line num="3" count="14" type="stmt"/>
        <line num="7" count="18" type="stmt"/>
        <line num="11" count="18" type="stmt"/>
        <line num="14" count="11" type="stmt"/>
      </file>
      <file name="FileName.ts" path="/home/juan/WebstormProjects/PortfolioNest/Portfolio/Files/Domain/ValueObject/FileName.ts">
        <metrics statements="5" coveredstatements="5" conditionals="0" coveredconditionals="0" methods="3" coveredmethods="3"/>
        <line num="1" count="14" type="stmt"/>
        <line num="3" count="14" type="stmt"/>
        <line num="7" count="18" type="stmt"/>
        <line num="11" count="18" type="stmt"/>
        <line num="15" count="9" type="stmt"/>
      </file>
      <file name="FilePath.ts" path="/home/juan/WebstormProjects/PortfolioNest/Portfolio/Files/Domain/ValueObject/FilePath.ts">
        <metrics statements="5" coveredstatements="5" conditionals="0" coveredconditionals="0" methods="3" coveredmethods="3"/>
        <line num="1" count="14" type="stmt"/>
        <line num="3" count="14" type="stmt"/>
        <line num="7" count="18" type="stmt"/>
        <line num="11" count="18" type="stmt"/>
        <line num="15" count="8" type="stmt"/>
      </file>
      <file name="FileSize.ts" path="/home/juan/WebstormProjects/PortfolioNest/Portfolio/Files/Domain/ValueObject/FileSize.ts">
        <metrics statements="38" coveredstatements="12" conditionals="34" coveredconditionals="9" methods="16" coveredmethods="7"/>
        <line num="1" count="14" type="stmt"/>
        <line num="5" count="18" type="stmt"/>
        <line num="9" count="2" type="cond" truecount="3" falsecount="1"/>
        <line num="10" count="2" type="stmt"/>
        <line num="14" count="16" type="cond" truecount="3" falsecount="1"/>
        <line num="15" count="16" type="stmt"/>
        <line num="19" count="0" type="cond" truecount="0" falsecount="4"/>
        <line num="20" count="0" type="stmt"/>
        <line num="24" count="0" type="cond" truecount="0" falsecount="4"/>
        <line num="25" count="0" type="stmt"/>
        <line num="29" count="0" type="stmt"/>
        <line num="30" count="0" type="stmt"/>
        <line num="31" count="0" type="cond" truecount="0" falsecount="2"/>
        <line num="32" count="0" type="stmt"/>
        <line num="33" count="0" type="cond" truecount="0" falsecount="2"/>
        <line num="34" count="0" type="cond" truecount="0" falsecount="6"/>
        <line num="36" count="0" type="stmt"/>
        <line num="38" count="0" type="stmt"/>
        <line num="40" count="0" type="stmt"/>
        <line num="42" count="0" type="stmt"/>
        <line num="44" count="0" type="stmt"/>
        <line num="46" count="0" type="stmt"/>
        <line num="51" count="1" type="stmt"/>
        <line num="55" count="0" type="stmt"/>
        <line num="59" count="2" type="stmt"/>
        <line num="63" count="3" type="stmt"/>
        <line num="67" count="0" type="stmt"/>
        <line num="71" count="0" type="stmt"/>
        <line num="72" count="0" type="cond" truecount="0" falsecount="2"/>
        <line num="73" count="0" type="stmt"/>
        <line num="77" count="0" type="stmt"/>
        <line num="81" count="0" type="stmt"/>
        <line num="85" count="5" type="stmt"/>
        <line num="86" count="5" type="cond" truecount="2" falsecount="0"/>
        <line num="87" count="2" type="cond" truecount="1" falsecount="1"/>
        <line num="88" count="0" type="cond" truecount="0" falsecount="2"/>
        <line num="89" count="0" type="stmt"/>
        <line num="93" count="0" type="stmt"/>
      </file>
      <file name="FileTitle.ts" path="/home/juan/WebstormProjects/PortfolioNest/Portfolio/Files/Domain/ValueObject/FileTitle.ts">
        <metrics statements="5" coveredstatements="5" conditionals="0" coveredconditionals="0" methods="3" coveredmethods="3"/>
        <line num="1" count="14" type="stmt"/>
        <line num="3" count="14" type="stmt"/>
        <line num="7" count="20" type="stmt"/>
        <line num="11" count="20" type="stmt"/>
        <line num="15" count="8" type="stmt"/>
      </file>
      <file name="FileType.ts" path="/home/juan/WebstormProjects/PortfolioNest/Portfolio/Files/Domain/ValueObject/FileType.ts">
        <metrics statements="5" coveredstatements="5" conditionals="0" coveredconditionals="0" methods="3" coveredmethods="3"/>
        <line num="1" count="14" type="stmt"/>
        <line num="3" count="14" type="stmt"/>
        <line num="7" count="18" type="stmt"/>
        <line num="11" count="18" type="stmt"/>
        <line num="15" count="6" type="stmt"/>
      </file>
    </package>
    <package name="Images.Application">
      <metrics statements="26" coveredstatements="26" conditionals="2" coveredconditionals="2" methods="6" coveredmethods="6"/>
      <file name="DeleteImage.ts" path="/home/juan/WebstormProjects/PortfolioNest/Portfolio/Images/Application/DeleteImage.ts">
        <metrics statements="8" coveredstatements="8" conditionals="0" coveredconditionals="0" methods="2" coveredmethods="2"/>
        <line num="7" count="1" type="stmt"/>
        <line num="11" count="2" type="stmt"/>
        <line num="12" count="2" type="stmt"/>
        <line num="13" count="2" type="stmt"/>
        <line num="17" count="2" type="stmt"/>
        <line num="18" count="1" type="stmt"/>
        <line num="19" count="1" type="stmt"/>
        <line num="20" count="1" type="stmt"/>
      </file>
      <file name="GetImageById.ts" path="/home/juan/WebstormProjects/PortfolioNest/Portfolio/Images/Application/GetImageById.ts">
        <metrics statements="6" coveredstatements="6" conditionals="2" coveredconditionals="2" methods="2" coveredmethods="2"/>
        <line num="5" count="1" type="stmt"/>
        <line num="7" count="2" type="stmt"/>
        <line num="11" count="2" type="stmt"/>
        <line num="12" count="2" type="cond" truecount="2" falsecount="0"/>
        <line num="13" count="1" type="stmt"/>
        <line num="15" count="1" type="stmt"/>
      </file>
      <file name="UploadImage.ts" path="/home/juan/WebstormProjects/PortfolioNest/Portfolio/Images/Application/UploadImage.ts">
        <metrics statements="12" coveredstatements="12" conditionals="0" coveredconditionals="0" methods="2" coveredmethods="2"/>
        <line num="5" count="1" type="stmt"/>
        <line num="6" count="1" type="stmt"/>
        <line num="7" count="1" type="stmt"/>
        <line num="8" count="1" type="stmt"/>
        <line num="9" count="1" type="stmt"/>
        <line num="11" count="1" type="stmt"/>
        <line num="15" count="2" type="stmt"/>
        <line num="16" count="2" type="stmt"/>
        <line num="20" count="2" type="stmt"/>
        <line num="21" count="1" type="stmt"/>
        <line num="27" count="1" type="stmt"/>
        <line num="28" count="1" type="stmt"/>
      </file>
    </package>
    <package name="Images.Application.DTO">
      <metrics statements="14" coveredstatements="14" conditionals="2" coveredconditionals="2" methods="5" coveredmethods="5"/>
      <file name="DeleteImageRequest.ts" path="/home/juan/WebstormProjects/PortfolioNest/Portfolio/Images/Application/DTO/DeleteImageRequest.ts">
        <metrics statements="2" coveredstatements="2" conditionals="0" coveredconditionals="0" methods="1" coveredmethods="1"/>
        <line num="1" count="2" type="stmt"/>
        <line num="2" count="4" type="stmt"/>
      </file>
      <file name="ImageResponse.ts" path="/home/juan/WebstormProjects/PortfolioNest/Portfolio/Images/Application/DTO/ImageResponse.ts">
        <metrics statements="3" coveredstatements="3" conditionals="0" coveredconditionals="0" methods="1" coveredmethods="1"/>
        <line num="3" count="2" type="stmt"/>
        <line num="5" count="2" type="stmt"/>
        <line num="7" count="3" type="stmt"/>
      </file>
      <file name="ImageResponseCollection.ts" path="/home/juan/WebstormProjects/PortfolioNest/Portfolio/Images/Application/DTO/ImageResponseCollection.ts">
        <metrics statements="5" coveredstatements="5" conditionals="2" coveredconditionals="2" methods="2" coveredmethods="2"/>
        <line num="3" count="1" type="stmt"/>
        <line num="5" count="1" type="stmt"/>
        <line num="7" count="3" type="cond" truecount="2" falsecount="0"/>
        <line num="8" count="2" type="stmt"/>
        <line num="9" count="2" type="stmt"/>
      </file>
      <file name="UploadImageRequest.ts" path="/home/juan/WebstormProjects/PortfolioNest/Portfolio/Images/Application/DTO/UploadImageRequest.ts">
        <metrics statements="4" coveredstatements="4" conditionals="0" coveredconditionals="0" methods="1" coveredmethods="1"/>
        <line num="3" count="2" type="stmt"/>
        <line num="5" count="2" type="stmt"/>
        <line num="6" count="2" type="stmt"/>
        <line num="7" count="2" type="stmt"/>
      </file>
    </package>
    <package name="Images.Domain">
      <metrics statements="16" coveredstatements="14" conditionals="0" coveredconditionals="0" methods="10" coveredmethods="8"/>
      <file name="Image.ts" path="/home/juan/WebstormProjects/PortfolioNest/Portfolio/Images/Domain/Image.ts">
        <metrics statements="16" coveredstatements="14" conditionals="0" coveredconditionals="0" methods="10" coveredmethods="8"/>
        <line num="8" count="7" type="stmt"/>
        <line num="10" count="9" type="stmt"/>
        <line num="11" count="9" type="stmt"/>
        <line num="12" count="9" type="stmt"/>
        <line num="13" count="9" type="stmt"/>
        <line num="14" count="9" type="stmt"/>
        <line num="15" count="9" type="stmt"/>
        <line num="26" count="9" type="stmt"/>
        <line num="30" count="6" type="stmt"/>
        <line num="33" count="10" type="stmt"/>
        <line num="36" count="7" type="stmt"/>
        <line num="39" count="5" type="stmt"/>
        <line num="44" count="0" type="stmt"/>
        <line num="48" count="0" type="stmt"/>
        <line num="52" count="3" type="stmt"/>
        <line num="56" count="1" type="stmt"/>
      </file>
    </package>
    <package name="Images.Domain.ValueObject">
      <metrics statements="15" coveredstatements="15" conditionals="8" coveredconditionals="5" methods="9" coveredmethods="9"/>
      <file name="ImageHeight.ts" path="/home/juan/WebstormProjects/PortfolioNest/Portfolio/Images/Domain/ValueObject/ImageHeight.ts">
        <metrics statements="5" coveredstatements="5" conditionals="2" coveredconditionals="1" methods="3" coveredmethods="3"/>
        <line num="1" count="7" type="stmt"/>
        <line num="2" count="9" type="stmt"/>
        <line num="3" count="9" type="cond" truecount="1" falsecount="1"/>
        <line num="6" count="9" type="stmt"/>
        <line num="9" count="5" type="stmt"/>
      </file>
      <file name="ImageId.ts" path="/home/juan/WebstormProjects/PortfolioNest/Portfolio/Images/Domain/ValueObject/ImageId.ts">
        <metrics statements="5" coveredstatements="5" conditionals="4" coveredconditionals="3" methods="3" coveredmethods="3"/>
        <line num="1" count="7" type="stmt"/>
        <line num="2" count="9" type="stmt"/>
        <line num="3" count="9" type="cond" truecount="3" falsecount="1"/>
        <line num="6" count="9" type="stmt"/>
        <line num="9" count="6" type="stmt"/>
      </file>
      <file name="ImageWidth.ts" path="/home/juan/WebstormProjects/PortfolioNest/Portfolio/Images/Domain/ValueObject/ImageWidth.ts">
        <metrics statements="5" coveredstatements="5" conditionals="2" coveredconditionals="1" methods="3" coveredmethods="3"/>
        <line num="1" count="7" type="stmt"/>
        <line num="2" count="9" type="stmt"/>
        <line num="3" count="9" type="cond" truecount="1" falsecount="1"/>
        <line num="6" count="9" type="stmt"/>
        <line num="9" count="7" type="stmt"/>
      </file>
    </package>
    <package name="Links.Application">
      <metrics statements="35" coveredstatements="35" conditionals="2" coveredconditionals="2" methods="8" coveredmethods="8"/>
      <file name="CreateLink.ts" path="/home/juan/WebstormProjects/PortfolioNest/Portfolio/Links/Application/CreateLink.ts">
        <metrics statements="12" coveredstatements="12" conditionals="0" coveredconditionals="0" methods="2" coveredmethods="2"/>
        <line num="3" count="1" type="stmt"/>
        <line num="5" count="1" type="stmt"/>
        <line num="6" count="1" type="stmt"/>
        <line num="7" count="1" type="stmt"/>
        <line num="8" count="1" type="stmt"/>
        <line num="9" count="1" type="stmt"/>
        <line num="10" count="1" type="stmt"/>
        <line num="12" count="1" type="stmt"/>
        <line num="13" count="2" type="stmt"/>
        <line num="16" count="2" type="stmt"/>
        <line num="23" count="2" type="stmt"/>
        <line num="25" count="2" type="stmt"/>
      </file>
      <file name="DeleteLink.ts" path="/home/juan/WebstormProjects/PortfolioNest/Portfolio/Links/Application/DeleteLink.ts">
        <metrics statements="6" coveredstatements="6" conditionals="0" coveredconditionals="0" methods="2" coveredmethods="2"/>
        <line num="6" count="1" type="stmt"/>
        <line num="8" count="2" type="stmt"/>
        <line num="9" count="2" type="stmt"/>
        <line num="13" count="2" type="stmt"/>
        <line num="14" count="1" type="stmt"/>
        <line num="15" count="1" type="stmt"/>
      </file>
      <file name="EditLink.ts" path="/home/juan/WebstormProjects/PortfolioNest/Portfolio/Links/Application/EditLink.ts">
        <metrics statements="11" coveredstatements="11" conditionals="0" coveredconditionals="0" methods="2" coveredmethods="2"/>
        <line num="4" count="1" type="stmt"/>
        <line num="5" count="1" type="stmt"/>
        <line num="9" count="1" type="stmt"/>
        <line num="11" count="2" type="stmt"/>
        <line num="12" count="2" type="stmt"/>
        <line num="16" count="2" type="stmt"/>
        <line num="17" count="1" type="stmt"/>
        <line num="18" count="1" type="stmt"/>
        <line num="19" count="1" type="stmt"/>
        <line num="20" count="1" type="stmt"/>
        <line num="21" count="1" type="stmt"/>
      </file>
      <file name="GetLinkById.ts" path="/home/juan/WebstormProjects/PortfolioNest/Portfolio/Links/Application/GetLinkById.ts">
        <metrics statements="6" coveredstatements="6" conditionals="2" coveredconditionals="2" methods="2" coveredmethods="2"/>
        <line num="5" count="1" type="stmt"/>
        <line num="6" count="2" type="stmt"/>
        <line num="9" count="2" type="stmt"/>
        <line num="10" count="2" type="cond" truecount="2" falsecount="0"/>
        <line num="11" count="1" type="stmt"/>
        <line num="13" count="1" type="stmt"/>
      </file>
    </package>
    <package name="Links.Application.DTO">
      <metrics statements="15" coveredstatements="15" conditionals="2" coveredconditionals="2" methods="6" coveredmethods="6"/>
      <file name="CreateLinkRequest.ts" path="/home/juan/WebstormProjects/PortfolioNest/Portfolio/Links/Application/DTO/CreateLinkRequest.ts">
        <metrics statements="3" coveredstatements="3" conditionals="0" coveredconditionals="0" methods="1" coveredmethods="1"/>
        <line num="1" count="6" type="stmt"/>
        <line num="3" count="12" type="stmt"/>
        <line num="4" count="12" type="stmt"/>
      </file>
      <file name="DeleteLinkRequest.ts" path="/home/juan/WebstormProjects/PortfolioNest/Portfolio/Links/Application/DTO/DeleteLinkRequest.ts">
        <metrics statements="2" coveredstatements="2" conditionals="0" coveredconditionals="0" methods="1" coveredmethods="1"/>
        <line num="1" count="2" type="stmt"/>
        <line num="2" count="4" type="stmt"/>
      </file>
      <file name="EditLinkRequest.ts" path="/home/juan/WebstormProjects/PortfolioNest/Portfolio/Links/Application/DTO/EditLinkRequest.ts">
        <metrics statements="3" coveredstatements="3" conditionals="0" coveredconditionals="0" methods="1" coveredmethods="1"/>
        <line num="3" count="2" type="stmt"/>
        <line num="5" count="4" type="stmt"/>
        <line num="6" count="4" type="stmt"/>
      </file>
      <file name="LinkResponse.ts" path="/home/juan/WebstormProjects/PortfolioNest/Portfolio/Links/Application/DTO/LinkResponse.ts">
        <metrics statements="2" coveredstatements="2" conditionals="0" coveredconditionals="0" methods="1" coveredmethods="1"/>
        <line num="4" count="2" type="stmt"/>
        <line num="6" count="6" type="stmt"/>
      </file>
      <file name="LinkResponseCollection.ts" path="/home/juan/WebstormProjects/PortfolioNest/Portfolio/Links/Application/DTO/LinkResponseCollection.ts">
        <metrics statements="5" coveredstatements="5" conditionals="2" coveredconditionals="2" methods="2" coveredmethods="2"/>
        <line num="3" count="1" type="stmt"/>
        <line num="5" count="1" type="stmt"/>
        <line num="7" count="4" type="cond" truecount="2" falsecount="0"/>
        <line num="8" count="3" type="stmt"/>
        <line num="9" count="4" type="stmt"/>
      </file>
    </package>
    <package name="Links.Domain">
      <metrics statements="16" coveredstatements="16" conditionals="0" coveredconditionals="0" methods="11" coveredmethods="11"/>
      <file name="Link.ts" path="/home/juan/WebstormProjects/PortfolioNest/Portfolio/Links/Domain/Link.ts">
        <metrics statements="16" coveredstatements="16" conditionals="0" coveredconditionals="0" methods="11" coveredmethods="11"/>
        <line num="7" count="8" type="stmt"/>
        <line num="21" count="17" type="stmt"/>
        <line num="22" count="17" type="stmt"/>
        <line num="23" count="17" type="stmt"/>
        <line num="24" count="17" type="stmt"/>
        <line num="25" count="17" type="stmt"/>
        <line num="34" count="17" type="stmt"/>
        <line num="38" count="11" type="stmt"/>
        <line num="42" count="11" type="stmt"/>
        <line num="46" count="2" type="stmt"/>
        <line num="50" count="11" type="stmt"/>
        <line num="54" count="2" type="stmt"/>
        <line num="58" count="17" type="stmt"/>
        <line num="62" count="1" type="stmt"/>
        <line num="66" count="15" type="stmt"/>
        <line num="70" count="2" type="stmt"/>
      </file>
    </package>
    <package name="Links.Domain.ValueObject">
      <metrics statements="18" coveredstatements="17" conditionals="2" coveredconditionals="1" methods="10" coveredmethods="10"/>
      <file name="LinkId.ts" path="/home/juan/WebstormProjects/PortfolioNest/Portfolio/Links/Domain/ValueObject/LinkId.ts">
        <metrics statements="5" coveredstatements="5" conditionals="0" coveredconditionals="0" methods="3" coveredmethods="3"/>
        <line num="1" count="8" type="stmt"/>
        <line num="3" count="8" type="stmt"/>
        <line num="5" count="11" type="stmt"/>
        <line num="10" count="17" type="stmt"/>
        <line num="13" count="17" type="stmt"/>
      </file>
      <file name="LinkTitle.ts" path="/home/juan/WebstormProjects/PortfolioNest/Portfolio/Links/Domain/ValueObject/LinkTitle.ts">
        <metrics statements="5" coveredstatements="5" conditionals="0" coveredconditionals="0" methods="3" coveredmethods="3"/>
        <line num="1" count="8" type="stmt"/>
        <line num="3" count="8" type="stmt"/>
        <line num="5" count="11" type="stmt"/>
        <line num="10" count="19" type="stmt"/>
        <line num="13" count="19" type="stmt"/>
      </file>
      <file name="LinkUrl.ts" path="/home/juan/WebstormProjects/PortfolioNest/Portfolio/Links/Domain/ValueObject/LinkUrl.ts">
        <metrics statements="8" coveredstatements="7" conditionals="2" coveredconditionals="1" methods="4" coveredmethods="4"/>
        <line num="1" count="8" type="stmt"/>
        <line num="5" count="19" type="cond" truecount="1" falsecount="1"/>
        <line num="6" count="0" type="stmt"/>
        <line num="8" count="19" type="stmt"/>
        <line num="11" count="19" type="stmt"/>
        <line num="14" count="11" type="stmt"/>
        <line num="19" count="19" type="stmt"/>
        <line num="20" count="19" type="stmt"/>
      </file>
    </package>
    <package name="Profile.Application">
      <metrics statements="61" coveredstatements="61" conditionals="2" coveredconditionals="2" methods="12" coveredmethods="12"/>
      <file name="AddProfileLinks.ts" path="/home/juan/WebstormProjects/PortfolioNest/Portfolio/Profile/Application/AddProfileLinks.ts">
        <metrics statements="10" coveredstatements="10" conditionals="0" coveredconditionals="0" methods="2" coveredmethods="2"/>
        <line num="8" count="1" type="stmt"/>
        <line num="12" count="2" type="stmt"/>
        <line num="13" count="2" type="stmt"/>
        <line num="14" count="2" type="stmt"/>
        <line num="18" count="2" type="stmt"/>
        <line num="19" count="1" type="stmt"/>
        <line num="20" count="2" type="stmt"/>
        <line num="21" count="2" type="stmt"/>
        <line num="23" count="1" type="stmt"/>
        <line num="24" count="1" type="stmt"/>
      </file>
      <file name="CreateProfile.ts" path="/home/juan/WebstormProjects/PortfolioNest/Portfolio/Profile/Application/CreateProfile.ts">
        <metrics statements="14" coveredstatements="14" conditionals="0" coveredconditionals="0" methods="2" coveredmethods="2"/>
        <line num="1" count="1" type="stmt"/>
        <line num="2" count="1" type="stmt"/>
        <line num="3" count="1" type="stmt"/>
        <line num="5" count="1" type="stmt"/>
        <line num="6" count="1" type="stmt"/>
        <line num="7" count="1" type="stmt"/>
        <line num="8" count="1" type="stmt"/>
        <line num="9" count="1" type="stmt"/>
        <line num="12" count="1" type="stmt"/>
        <line num="14" count="1" type="stmt"/>
        <line num="17" count="2" type="stmt"/>
        <line num="20" count="2" type="stmt"/>
        <line num="29" count="2" type="stmt"/>
        <line num="30" count="2" type="stmt"/>
      </file>
      <file name="EditProfile.ts" path="/home/juan/WebstormProjects/PortfolioNest/Portfolio/Profile/Application/EditProfile.ts">
        <metrics statements="15" coveredstatements="15" conditionals="0" coveredconditionals="0" methods="2" coveredmethods="2"/>
        <line num="5" count="1" type="stmt"/>
        <line num="6" count="1" type="stmt"/>
        <line num="7" count="1" type="stmt"/>
        <line num="8" count="1" type="stmt"/>
        <line num="11" count="1" type="stmt"/>
        <line num="15" count="2" type="stmt"/>
        <line num="16" count="2" type="stmt"/>
        <line num="20" count="2" type="stmt"/>
        <line num="21" count="1" type="stmt"/>
        <line num="22" count="1" type="stmt"/>
        <line num="23" count="1" type="stmt"/>
        <line num="24" count="1" type="stmt"/>
        <line num="25" count="1" type="stmt"/>
        <line num="26" count="1" type="stmt"/>
        <line num="27" count="1" type="stmt"/>
      </file>
      <file name="GetProfileById.ts" path="/home/juan/WebstormProjects/PortfolioNest/Portfolio/Profile/Application/GetProfileById.ts">
        <metrics statements="6" coveredstatements="6" conditionals="2" coveredconditionals="2" methods="2" coveredmethods="2"/>
        <line num="5" count="1" type="stmt"/>
        <line num="6" count="2" type="stmt"/>
        <line num="9" count="2" type="stmt"/>
        <line num="10" count="2" type="cond" truecount="2" falsecount="0"/>
        <line num="11" count="1" type="stmt"/>
        <line num="13" count="1" type="stmt"/>
      </file>
      <file name="UploadCV.ts" path="/home/juan/WebstormProjects/PortfolioNest/Portfolio/Profile/Application/UploadCV.ts">
        <metrics statements="8" coveredstatements="8" conditionals="0" coveredconditionals="0" methods="2" coveredmethods="2"/>
        <line num="8" count="1" type="stmt"/>
        <line num="10" count="2" type="stmt"/>
        <line num="11" count="2" type="stmt"/>
        <line num="12" count="2" type="stmt"/>
        <line num="16" count="2" type="stmt"/>
        <line num="17" count="1" type="stmt"/>
        <line num="18" count="1" type="stmt"/>
        <line num="19" count="1" type="stmt"/>
      </file>
      <file name="UploadPhoto.ts" path="/home/juan/WebstormProjects/PortfolioNest/Portfolio/Profile/Application/UploadPhoto.ts">
        <metrics statements="8" coveredstatements="8" conditionals="0" coveredconditionals="0" methods="2" coveredmethods="2"/>
        <line num="8" count="1" type="stmt"/>
        <line num="12" count="2" type="stmt"/>
        <line num="13" count="2" type="stmt"/>
        <line num="14" count="2" type="stmt"/>
        <line num="18" count="2" type="stmt"/>
        <line num="19" count="1" type="stmt"/>
        <line num="20" count="1" type="stmt"/>
        <line num="21" count="1" type="stmt"/>
      </file>
    </package>
    <package name="Profile.Application.DTO">
      <metrics statements="19" coveredstatements="19" conditionals="0" coveredconditionals="0" methods="6" coveredmethods="6"/>
      <file name="AddLinksRequest.ts" path="/home/juan/WebstormProjects/PortfolioNest/Portfolio/Profile/Application/DTO/AddLinksRequest.ts">
        <metrics statements="3" coveredstatements="3" conditionals="0" coveredconditionals="0" methods="1" coveredmethods="1"/>
        <line num="3" count="2" type="stmt"/>
        <line num="5" count="4" type="stmt"/>
        <line num="6" count="4" type="stmt"/>
      </file>
      <file name="CreateProfileRequest.ts" path="/home/juan/WebstormProjects/PortfolioNest/Portfolio/Profile/Application/DTO/CreateProfileRequest.ts">
        <metrics statements="5" coveredstatements="5" conditionals="0" coveredconditionals="0" methods="1" coveredmethods="1"/>
        <line num="1" count="4" type="stmt"/>
        <line num="3" count="7" type="stmt"/>
        <line num="4" count="7" type="stmt"/>
        <line num="5" count="7" type="stmt"/>
        <line num="6" count="7" type="stmt"/>
      </file>
      <file name="EditProfileRequest.ts" path="/home/juan/WebstormProjects/PortfolioNest/Portfolio/Profile/Application/DTO/EditProfileRequest.ts">
        <metrics statements="3" coveredstatements="3" conditionals="0" coveredconditionals="0" methods="1" coveredmethods="1"/>
        <line num="3" count="2" type="stmt"/>
        <line num="5" count="4" type="stmt"/>
        <line num="6" count="4" type="stmt"/>
      </file>
      <file name="ProfileResponse.ts" path="/home/juan/WebstormProjects/PortfolioNest/Portfolio/Profile/Application/DTO/ProfileResponse.ts">
        <metrics statements="2" coveredstatements="2" conditionals="0" coveredconditionals="0" methods="1" coveredmethods="1"/>
        <line num="4" count="1" type="stmt"/>
        <line num="6" count="1" type="stmt"/>
      </file>
      <file name="UploadCvRequest.ts" path="/home/juan/WebstormProjects/PortfolioNest/Portfolio/Profile/Application/DTO/UploadCvRequest.ts">
        <metrics statements="3" coveredstatements="3" conditionals="0" coveredconditionals="0" methods="1" coveredmethods="1"/>
        <line num="3" count="1" type="stmt"/>
        <line num="5" count="2" type="stmt"/>
        <line num="6" count="2" type="stmt"/>
      </file>
      <file name="UploadPhotoRequest.ts" path="/home/juan/WebstormProjects/PortfolioNest/Portfolio/Profile/Application/DTO/UploadPhotoRequest.ts">
        <metrics statements="3" coveredstatements="3" conditionals="0" coveredconditionals="0" methods="1" coveredmethods="1"/>
        <line num="3" count="2" type="stmt"/>
        <line num="5" count="4" type="stmt"/>
        <line num="6" count="4" type="stmt"/>
      </file>
    </package>
    <package name="Profile.Domain">
      <metrics statements="36" coveredstatements="27" conditionals="0" coveredconditionals="0" methods="26" coveredmethods="17"/>
      <file name="Profile.ts" path="/home/juan/WebstormProjects/PortfolioNest/Portfolio/Profile/Domain/Profile.ts">
        <metrics statements="36" coveredstatements="27" conditionals="0" coveredconditionals="0" methods="26" coveredmethods="17"/>
        <line num="16" count="5" type="stmt"/>
        <line num="22" count="9" type="stmt"/>
        <line num="23" count="9" type="stmt"/>
        <line num="24" count="9" type="stmt"/>
        <line num="38" count="9" type="stmt"/>
        <line num="39" count="9" type="stmt"/>
        <line num="40" count="9" type="stmt"/>
        <line num="41" count="9" type="stmt"/>
        <line num="42" count="9" type="stmt"/>
        <line num="43" count="9" type="stmt"/>
        <line num="44" count="9" type="stmt"/>
        <line num="56" count="9" type="stmt"/>
        <line num="68" count="6" type="stmt"/>
        <line num="72" count="0" type="stmt"/>
        <line num="75" count="6" type="stmt"/>
        <line num="78" count="2" type="stmt"/>
        <line num="81" count="2" type="stmt"/>
        <line num="85" count="1" type="stmt"/>
        <line num="89" count="0" type="stmt"/>
        <line num="93" count="0" type="stmt"/>
        <line num="97" count="1" type="stmt"/>
        <line num="101" count="1" type="stmt"/>
        <line num="105" count="5" type="stmt"/>
        <line num="109" count="1" type="stmt"/>
        <line num="113" count="0" type="stmt"/>
        <line num="117" count="0" type="stmt"/>
        <line num="121" count="0" type="stmt"/>
        <line num="125" count="0" type="stmt"/>
        <line num="129" count="2" type="stmt"/>
        <line num="133" count="1" type="stmt"/>
        <line num="137" count="2" type="stmt"/>
        <line num="141" count="1" type="stmt"/>
        <line num="145" count="0" type="stmt"/>
        <line num="149" count="0" type="stmt"/>
        <line num="153" count="3" type="stmt"/>
        <line num="157" count="1" type="stmt"/>
      </file>
    </package>
    <package name="Profile.Domain.ValueObjects">
      <metrics statements="25" coveredstatements="23" conditionals="0" coveredconditionals="0" methods="15" coveredmethods="13"/>
      <file name="ProfileBio.ts" path="/home/juan/WebstormProjects/PortfolioNest/Portfolio/Profile/Domain/ValueObjects/ProfileBio.ts">
        <metrics statements="5" coveredstatements="4" conditionals="0" coveredconditionals="0" methods="3" coveredmethods="2"/>
        <line num="1" count="6" type="stmt"/>
        <line num="3" count="6" type="stmt"/>
        <line num="7" count="11" type="stmt"/>
        <line num="11" count="11" type="stmt"/>
        <line num="15" count="0" type="stmt"/>
      </file>
      <file name="ProfileDescription.ts" path="/home/juan/WebstormProjects/PortfolioNest/Portfolio/Profile/Domain/ValueObjects/ProfileDescription.ts">
        <metrics statements="5" coveredstatements="4" conditionals="0" coveredconditionals="0" methods="3" coveredmethods="2"/>
        <line num="1" count="6" type="stmt"/>
        <line num="3" count="6" type="stmt"/>
        <line num="7" count="10" type="stmt"/>
        <line num="11" count="10" type="stmt"/>
        <line num="15" count="0" type="stmt"/>
      </file>
      <file name="ProfileId.ts" path="/home/juan/WebstormProjects/PortfolioNest/Portfolio/Profile/Domain/ValueObjects/ProfileId.ts">
        <metrics statements="5" coveredstatements="5" conditionals="0" coveredconditionals="0" methods="3" coveredmethods="3"/>
        <line num="1" count="5" type="stmt"/>
        <line num="3" count="5" type="stmt"/>
        <line num="7" count="9" type="stmt"/>
        <line num="11" count="9" type="stmt"/>
        <line num="14" count="5" type="stmt"/>
      </file>
      <file name="ProfileName.ts" path="/home/juan/WebstormProjects/PortfolioNest/Portfolio/Profile/Domain/ValueObjects/ProfileName.ts">
        <metrics statements="5" coveredstatements="5" conditionals="0" coveredconditionals="0" methods="3" coveredmethods="3"/>
        <line num="1" count="6" type="stmt"/>
        <line num="3" count="6" type="stmt"/>
        <line num="7" count="12" type="stmt"/>
        <line num="11" count="12" type="stmt"/>
        <line num="15" count="5" type="stmt"/>
      </file>
      <file name="ProfileRol.ts" path="/home/juan/WebstormProjects/PortfolioNest/Portfolio/Profile/Domain/ValueObjects/ProfileRol.ts">
        <metrics statements="5" coveredstatements="5" conditionals="0" coveredconditionals="0" methods="3" coveredmethods="3"/>
        <line num="1" count="6" type="stmt"/>
        <line num="3" count="6" type="stmt"/>
        <line num="7" count="11" type="stmt"/>
        <line num="11" count="11" type="stmt"/>
        <line num="15" count="1" type="stmt"/>
      </file>
    </package>
    <package name="Projects.Application">
      <metrics statements="54" coveredstatements="0" conditionals="4" coveredconditionals="0" methods="16" coveredmethods="0"/>
      <file name="CreateProject.ts" path="/home/juan/WebstormProjects/PortfolioNest/Portfolio/Projects/Application/CreateProject.ts">
        <metrics statements="14" coveredstatements="0" conditionals="0" coveredconditionals="0" methods="2" coveredmethods="0"/>
        <line num="2" count="0" type="stmt"/>
        <line num="3" count="0" type="stmt"/>
        <line num="5" count="0" type="stmt"/>
        <line num="6" count="0" type="stmt"/>
        <line num="7" count="0" type="stmt"/>
        <line num="8" count="0" type="stmt"/>
        <line num="9" count="0" type="stmt"/>
        <line num="12" count="0" type="stmt"/>
        <line num="14" count="0" type="stmt"/>
        <line num="20" count="0" type="stmt"/>
        <line num="21" count="0" type="stmt"/>
        <line num="25" count="0" type="stmt"/>
        <line num="34" count="0" type="stmt"/>
        <line num="35" count="0" type="stmt"/>
      </file>
      <file name="DeleteProject.ts" path="/home/juan/WebstormProjects/PortfolioNest/Portfolio/Projects/Application/DeleteProject.ts">
        <metrics statements="6" coveredstatements="0" conditionals="0" coveredconditionals="0" methods="2" coveredmethods="0"/>
        <line num="7" count="0" type="stmt"/>
        <line num="14" count="0" type="stmt"/>
        <line num="15" count="0" type="stmt"/>
        <line num="19" count="0" type="stmt"/>
        <line num="20" count="0" type="stmt"/>
        <line num="21" count="0" type="stmt"/>
      </file>
      <file name="EditProject.ts" path="/home/juan/WebstormProjects/PortfolioNest/Portfolio/Projects/Application/EditProject.ts">
        <metrics statements="15" coveredstatements="0" conditionals="0" coveredconditionals="0" methods="2" coveredmethods="0"/>
        <line num="3" count="0" type="stmt"/>
        <line num="4" count="0" type="stmt"/>
        <line num="5" count="0" type="stmt"/>
        <line num="10" count="0" type="stmt"/>
        <line num="16" count="0" type="stmt"/>
        <line num="17" count="0" type="stmt"/>
        <line num="21" count="0" type="stmt"/>
        <line num="22" count="0" type="stmt"/>
        <line num="23" count="0" type="stmt"/>
        <line num="24" count="0" type="stmt"/>
        <line num="25" count="0" type="stmt"/>
        <line num="26" count="0" type="stmt"/>
        <line num="27" count="0" type="stmt"/>
        <line num="28" count="0" type="stmt"/>
        <line num="29" count="0" type="stmt"/>
      </file>
      <file name="GetAllProjects.ts" path="/home/juan/WebstormProjects/PortfolioNest/Portfolio/Projects/Application/GetAllProjects.ts">
        <metrics statements="3" coveredstatements="0" conditionals="0" coveredconditionals="0" methods="2" coveredmethods="0"/>
        <line num="6" count="0" type="stmt"/>
        <line num="9" count="0" type="stmt"/>
        <line num="13" count="0" type="stmt"/>
      </file>
      <file name="GetPinnedProjects.ts" path="/home/juan/WebstormProjects/PortfolioNest/Portfolio/Projects/Application/GetPinnedProjects.ts">
        <metrics statements="3" coveredstatements="0" conditionals="0" coveredconditionals="0" methods="2" coveredmethods="0"/>
        <line num="5" count="0" type="stmt"/>
        <line num="8" count="0" type="stmt"/>
        <line num="12" count="0" type="stmt"/>
      </file>
      <file name="GetProjectById.ts" path="/home/juan/WebstormProjects/PortfolioNest/Portfolio/Projects/Application/GetProjectById.ts">
        <metrics statements="5" coveredstatements="0" conditionals="2" coveredconditionals="0" methods="2" coveredmethods="0"/>
        <line num="5" count="0" type="stmt"/>
        <line num="9" count="0" type="stmt"/>
        <line num="13" count="0" type="stmt"/>
        <line num="14" count="0" type="cond" truecount="0" falsecount="2"/>
        <line num="15" count="0" type="stmt"/>
      </file>
      <file name="GetProjectBySlug.ts" path="/home/juan/WebstormProjects/PortfolioNest/Portfolio/Projects/Application/GetProjectBySlug.ts">
        <metrics statements="5" coveredstatements="0" conditionals="2" coveredconditionals="0" methods="2" coveredmethods="0"/>
        <line num="5" count="0" type="stmt"/>
        <line num="9" count="0" type="stmt"/>
        <line num="13" count="0" type="stmt"/>
        <line num="14" count="0" type="cond" truecount="0" falsecount="2"/>
        <line num="15" count="0" type="stmt"/>
      </file>
      <file name="GetProjectsByTag.ts" path="/home/juan/WebstormProjects/PortfolioNest/Portfolio/Projects/Application/GetProjectsByTag.ts">
        <metrics statements="3" coveredstatements="0" conditionals="0" coveredconditionals="0" methods="2" coveredmethods="0"/>
        <line num="6" count="0" type="stmt"/>
        <line num="11" count="0" type="stmt"/>
        <line num="18" count="0" type="stmt"/>
      </file>
    </package>
    <package name="Projects.Application.DTO">
      <metrics statements="18" coveredstatements="0" conditionals="5" coveredconditionals="0" methods="6" coveredmethods="0"/>
      <file name="CreateProjectRequest.ts" path="/home/juan/WebstormProjects/PortfolioNest/Portfolio/Projects/Application/DTO/CreateProjectRequest.ts">
        <metrics statements="6" coveredstatements="0" conditionals="3" coveredconditionals="0" methods="1" coveredmethods="0"/>
        <line num="4" count="0" type="stmt"/>
        <line num="6" count="0" type="stmt"/>
        <line num="7" count="0" type="stmt"/>
        <line num="8" count="0" type="cond" truecount="0" falsecount="1"/>
        <line num="9" count="0" type="cond" truecount="0" falsecount="1"/>
        <line num="10" count="0" type="cond" truecount="0" falsecount="1"/>
      </file>
      <file name="DeleteProjectRequest.ts" path="/home/juan/WebstormProjects/PortfolioNest/Portfolio/Projects/Application/DTO/DeleteProjectRequest.ts">
        <metrics statements="2" coveredstatements="0" conditionals="0" coveredconditionals="0" methods="1" coveredmethods="0"/>
        <line num="1" count="0" type="stmt"/>
        <line num="2" count="0" type="stmt"/>
      </file>
      <file name="EditProjectRequest.ts" path="/home/juan/WebstormProjects/PortfolioNest/Portfolio/Projects/Application/DTO/EditProjectRequest.ts">
        <metrics statements="3" coveredstatements="0" conditionals="0" coveredconditionals="0" methods="1" coveredmethods="0"/>
        <line num="3" count="0" type="stmt"/>
        <line num="5" count="0" type="stmt"/>
        <line num="6" count="0" type="stmt"/>
      </file>
      <file name="ProjectResponse.ts" path="/home/juan/WebstormProjects/PortfolioNest/Portfolio/Projects/Application/DTO/ProjectResponse.ts">
        <metrics statements="2" coveredstatements="0" conditionals="0" coveredconditionals="0" methods="1" coveredmethods="0"/>
        <line num="4" count="0" type="stmt"/>
        <line num="6" count="0" type="stmt"/>
      </file>
      <file name="ProjectResponseCollection.ts" path="/home/juan/WebstormProjects/PortfolioNest/Portfolio/Projects/Application/DTO/ProjectResponseCollection.ts">
        <metrics statements="5" coveredstatements="0" conditionals="2" coveredconditionals="0" methods="2" coveredmethods="0"/>
        <line num="3" count="0" type="stmt"/>
        <line num="5" count="0" type="stmt"/>
        <line num="7" count="0" type="cond" truecount="0" falsecount="2"/>
        <line num="8" count="0" type="stmt"/>
        <line num="9" count="0" type="stmt"/>
      </file>
    </package>
    <package name="Projects.Domain">
      <metrics statements="27" coveredstatements="0" conditionals="0" coveredconditionals="0" methods="20" coveredmethods="0"/>
      <file name="Project.ts" path="/home/juan/WebstormProjects/PortfolioNest/Portfolio/Projects/Domain/Project.ts">
        <metrics statements="27" coveredstatements="0" conditionals="0" coveredconditionals="0" methods="20" coveredmethods="0"/>
        <line num="11" count="0" type="stmt"/>
        <line num="31" count="0" type="stmt"/>
        <line num="32" count="0" type="stmt"/>
        <line num="33" count="0" type="stmt"/>
        <line num="34" count="0" type="stmt"/>
        <line num="35" count="0" type="stmt"/>
        <line num="36" count="0" type="stmt"/>
        <line num="37" count="0" type="stmt"/>
        <line num="49" count="0" type="stmt"/>
        <line num="61" count="0" type="stmt"/>
        <line num="65" count="0" type="stmt"/>
        <line num="69" count="0" type="stmt"/>
        <line num="73" count="0" type="stmt"/>
        <line num="77" count="0" type="stmt"/>
        <line num="81" count="0" type="stmt"/>
        <line num="85" count="0" type="stmt"/>
        <line num="89" count="0" type="stmt"/>
        <line num="93" count="0" type="stmt"/>
        <line num="97" count="0" type="stmt"/>
        <line num="101" count="0" type="stmt"/>
        <line num="105" count="0" type="stmt"/>
        <line num="109" count="0" type="stmt"/>
        <line num="113" count="0" type="stmt"/>
        <line num="117" count="0" type="stmt"/>
        <line num="121" count="0" type="stmt"/>
        <line num="124" count="0" type="stmt"/>
        <line num="128" count="0" type="stmt"/>
      </file>
    </package>
    <package name="Projects.Domain.ValueObject">
      <metrics statements="21" coveredstatements="0" conditionals="0" coveredconditionals="0" methods="13" coveredmethods="0"/>
      <file name="ProjectDescription.ts" path="/home/juan/WebstormProjects/PortfolioNest/Portfolio/Projects/Domain/ValueObject/ProjectDescription.ts">
        <metrics statements="5" coveredstatements="0" conditionals="0" coveredconditionals="0" methods="3" coveredmethods="0"/>
        <line num="1" count="0" type="stmt"/>
        <line num="3" count="0" type="stmt"/>
        <line num="7" count="0" type="stmt"/>
        <line num="11" count="0" type="stmt"/>
        <line num="14" count="0" type="stmt"/>
      </file>
      <file name="ProjectId.ts" path="/home/juan/WebstormProjects/PortfolioNest/Portfolio/Projects/Domain/ValueObject/ProjectId.ts">
        <metrics statements="6" coveredstatements="0" conditionals="0" coveredconditionals="0" methods="4" coveredmethods="0"/>
        <line num="1" count="0" type="stmt"/>
        <line num="3" count="0" type="stmt"/>
        <line num="7" count="0" type="stmt"/>
        <line num="11" count="0" type="stmt"/>
        <line num="15" count="0" type="stmt"/>
        <line num="19" count="0" type="stmt"/>
      </file>
      <file name="ProjectSlug.ts" path="/home/juan/WebstormProjects/PortfolioNest/Portfolio/Projects/Domain/ValueObject/ProjectSlug.ts">
        <metrics statements="5" coveredstatements="0" conditionals="0" coveredconditionals="0" methods="3" coveredmethods="0"/>
        <line num="1" count="0" type="stmt"/>
        <line num="3" count="0" type="stmt"/>
        <line num="7" count="0" type="stmt"/>
        <line num="11" count="0" type="stmt"/>
        <line num="15" count="0" type="stmt"/>
      </file>
      <file name="ProjectTitle.ts" path="/home/juan/WebstormProjects/PortfolioNest/Portfolio/Projects/Domain/ValueObject/ProjectTitle.ts">
        <metrics statements="5" coveredstatements="0" conditionals="0" coveredconditionals="0" methods="3" coveredmethods="0"/>
        <line num="1" count="0" type="stmt"/>
        <line num="3" count="0" type="stmt"/>
        <line num="7" count="0" type="stmt"/>
        <line num="10" count="0" type="stmt"/>
        <line num="13" count="0" type="stmt"/>
      </file>
    </package>
    <package name="Shared.Application">
      <metrics statements="5" coveredstatements="0" conditionals="1" coveredconditionals="0" methods="3" coveredmethods="0"/>
      <file name="ApiResponse.ts" path="/home/juan/WebstormProjects/PortfolioNest/Portfolio/Shared/Application/ApiResponse.ts">
        <metrics statements="3" coveredstatements="0" conditionals="1" coveredconditionals="0" methods="2" coveredmethods="0"/>
        <line num="4" count="0" type="stmt"/>
        <line num="6" count="0" type="stmt"/>
        <line num="14" count="0" type="stmt"/>
      </file>
      <file name="IdGenerator.ts" path="/home/juan/WebstormProjects/PortfolioNest/Portfolio/Shared/Application/IdGenerator.ts">
        <metrics statements="2" coveredstatements="0" conditionals="0" coveredconditionals="0" methods="1" coveredmethods="0"/>
        <line num="3" count="0" type="stmt"/>
        <line num="7" count="0" type="stmt"/>
      </file>
    </package>
    <package name="Shared.Domain">
      <metrics statements="60" coveredstatements="26" conditionals="18" coveredconditionals="0" methods="37" coveredmethods="18"/>
      <file name="IdValueObject.ts" path="/home/juan/WebstormProjects/PortfolioNest/Portfolio/Shared/Domain/IdValueObject.ts">
        <metrics statements="5" coveredstatements="4" conditionals="0" coveredconditionals="0" methods="4" coveredmethods="3"/>
        <line num="2" count="24" type="stmt"/>
        <line num="6" count="44" type="stmt"/>
        <line num="10" count="44" type="stmt"/>
        <line num="14" count="26" type="stmt"/>
        <line num="18" count="0" type="stmt"/>
      </file>
      <file name="MailValueObject.ts" path="/home/juan/WebstormProjects/PortfolioNest/Portfolio/Shared/Domain/MailValueObject.ts">
        <metrics statements="9" coveredstatements="0" conditionals="2" coveredconditionals="0" methods="5" coveredmethods="0"/>
        <line num="1" count="0" type="stmt"/>
        <line num="3" count="0" type="stmt"/>
        <line num="8" count="0" type="stmt"/>
        <line num="12" count="0" type="cond" truecount="0" falsecount="2"/>
        <line num="13" count="0" type="stmt"/>
        <line num="15" count="0" type="stmt"/>
        <line num="19" count="0" type="stmt"/>
        <line num="23" count="0" type="stmt"/>
        <line num="27" count="0" type="stmt"/>
      </file>
      <file name="Pinned.ts" path="/home/juan/WebstormProjects/PortfolioNest/Portfolio/Shared/Domain/Pinned.ts">
        <metrics statements="4" coveredstatements="0" conditionals="0" coveredconditionals="0" methods="3" coveredmethods="0"/>
        <line num="1" count="0" type="stmt"/>
        <line num="5" count="0" type="stmt"/>
        <line num="8" count="0" type="stmt"/>
        <line num="12" count="0" type="stmt"/>
      </file>
      <file name="SlugValueObject.ts" path="/home/juan/WebstormProjects/PortfolioNest/Portfolio/Shared/Domain/SlugValueObject.ts">
        <metrics statements="10" coveredstatements="0" conditionals="4" coveredconditionals="0" methods="6" coveredmethods="0"/>
        <line num="1" count="0" type="stmt"/>
        <line num="5" count="0" type="cond" truecount="0" falsecount="2"/>
        <line num="6" count="0" type="stmt"/>
        <line num="8" count="0" type="stmt"/>
        <line num="12" count="0" type="stmt"/>
        <line num="13" count="0" type="stmt"/>
        <line num="17" count="0" type="stmt"/>
        <line num="21" count="0" type="stmt"/>
        <line num="25" count="0" type="stmt"/>
        <line num="39" count="0" type="cond" truecount="0" falsecount="2"/>
      </file>
      <file name="SoftDelete.ts" path="/home/juan/WebstormProjects/PortfolioNest/Portfolio/Shared/Domain/SoftDelete.ts">
        <metrics statements="14" coveredstatements="8" conditionals="8" coveredconditionals="0" methods="8" coveredmethods="6"/>
        <line num="1" count="17" type="stmt"/>
        <line num="6" count="38" type="stmt"/>
        <line num="7" count="38" type="stmt"/>
        <line num="14" count="34" type="stmt"/>
        <line num="21" count="2" type="stmt"/>
        <line num="28" count="0" type="cond" truecount="0" falsecount="4"/>
        <line num="29" count="0" type="stmt"/>
        <line num="31" count="0" type="cond" truecount="0" falsecount="4"/>
        <line num="32" count="0" type="stmt"/>
        <line num="34" count="0" type="stmt"/>
        <line num="41" count="2" type="stmt"/>
        <line num="48" count="0" type="stmt"/>
        <line num="52" count="3" type="stmt"/>
        <line num="56" count="15" type="stmt"/>
      </file>
      <file name="StringValueObject.ts" path="/home/juan/WebstormProjects/PortfolioNest/Portfolio/Shared/Domain/StringValueObject.ts">
        <metrics statements="9" coveredstatements="6" conditionals="4" coveredconditionals="0" methods="5" coveredmethods="4"/>
        <line num="1" count="25" type="stmt"/>
        <line num="5" count="157" type="stmt"/>
        <line num="11" count="157" type="stmt"/>
        <line num="13" count="157" type="stmt"/>
        <line num="17" count="157" type="stmt"/>
        <line num="21" count="56" type="stmt"/>
        <line num="25" count="0" type="cond" truecount="0" falsecount="4"/>
        <line num="26" count="0" type="stmt"/>
        <line num="28" count="0" type="stmt"/>
      </file>
      <file name="Timestamp.ts" path="/home/juan/WebstormProjects/PortfolioNest/Portfolio/Shared/Domain/Timestamp.ts">
        <metrics statements="9" coveredstatements="8" conditionals="0" coveredconditionals="0" methods="6" coveredmethods="5"/>
        <line num="1" count="17" type="stmt"/>
        <line num="6" count="35" type="stmt"/>
        <line num="7" count="35" type="stmt"/>
        <line num="14" count="34" type="stmt"/>
        <line num="15" count="34" type="stmt"/>
        <line num="28" count="0" type="stmt"/>
        <line num="35" count="1" type="stmt"/>
        <line num="39" count="9" type="stmt"/>
        <line num="43" count="7" type="stmt"/>
      </file>
    </package>
    <package name="Tags.Application">
      <metrics statements="26" coveredstatements="0" conditionals="2" coveredconditionals="0" methods="6" coveredmethods="0"/>
      <file name="CreateTag.ts" path="/home/juan/WebstormProjects/PortfolioNest/Portfolio/Tags/Application/CreateTag.ts">
        <metrics statements="11" coveredstatements="0" conditionals="0" coveredconditionals="0" methods="2" coveredmethods="0"/>
        <line num="3" count="0" type="stmt"/>
        <line num="4" count="0" type="stmt"/>
        <line num="5" count="0" type="stmt"/>
        <line num="6" count="0" type="stmt"/>
        <line num="7" count="0" type="stmt"/>
        <line num="9" count="0" type="stmt"/>
        <line num="13" count="0" type="stmt"/>
        <line num="14" count="0" type="stmt"/>
        <line num="18" count="0" type="stmt"/>
        <line num="24" count="0" type="stmt"/>
        <line num="25" count="0" type="stmt"/>
      </file>
      <file name="EditTag.ts" path="/home/juan/WebstormProjects/PortfolioNest/Portfolio/Tags/Application/EditTag.ts">
        <metrics statements="9" coveredstatements="0" conditionals="0" coveredconditionals="0" methods="2" coveredmethods="0"/>
        <line num="3" count="0" type="stmt"/>
        <line num="8" count="0" type="stmt"/>
        <line num="13" count="0" type="stmt"/>
        <line num="14" count="0" type="stmt"/>
        <line num="18" count="0" type="stmt"/>
        <line num="19" count="0" type="stmt"/>
        <line num="20" count="0" type="stmt"/>
        <line num="21" count="0" type="stmt"/>
        <line num="22" count="0" type="stmt"/>
      </file>
      <file name="GetTagById.ts" path="/home/juan/WebstormProjects/PortfolioNest/Portfolio/Tags/Application/GetTagById.ts">
        <metrics statements="6" coveredstatements="0" conditionals="2" coveredconditionals="0" methods="2" coveredmethods="0"/>
        <line num="3" count="0" type="stmt"/>
        <line num="6" count="0" type="stmt"/>
        <line num="10" count="0" type="stmt"/>
        <line num="11" count="0" type="cond" truecount="0" falsecount="2"/>
        <line num="12" count="0" type="stmt"/>
        <line num="14" count="0" type="stmt"/>
      </file>
    </package>
    <package name="Tags.Application.DTO">
      <metrics statements="11" coveredstatements="0" conditionals="2" coveredconditionals="0" methods="5" coveredmethods="0"/>
      <file name="CreateTagRequest.ts" path="/home/juan/WebstormProjects/PortfolioNest/Portfolio/Tags/Application/DTO/CreateTagRequest.ts">
        <metrics statements="2" coveredstatements="0" conditionals="0" coveredconditionals="0" methods="1" coveredmethods="0"/>
        <line num="1" count="0" type="stmt"/>
        <line num="2" count="0" type="stmt"/>
      </file>
      <file name="EditTagRequest.ts" path="/home/juan/WebstormProjects/PortfolioNest/Portfolio/Tags/Application/DTO/EditTagRequest.ts">
        <metrics statements="3" coveredstatements="0" conditionals="0" coveredconditionals="0" methods="1" coveredmethods="0"/>
        <line num="3" count="0" type="stmt"/>
        <line num="5" count="0" type="stmt"/>
        <line num="6" count="0" type="stmt"/>
      </file>
      <file name="TagResponse.ts" path="/home/juan/WebstormProjects/PortfolioNest/Portfolio/Tags/Application/DTO/TagResponse.ts">
        <metrics statements="2" coveredstatements="0" conditionals="0" coveredconditionals="0" methods="1" coveredmethods="0"/>
        <line num="4" count="0" type="stmt"/>
        <line num="6" count="0" type="stmt"/>
      </file>
      <file name="TagResponseCollection.ts" path="/home/juan/WebstormProjects/PortfolioNest/Portfolio/Tags/Application/DTO/TagResponseCollection.ts">
        <metrics statements="4" coveredstatements="0" conditionals="2" coveredconditionals="0" methods="2" coveredmethods="0"/>
        <line num="3" count="0" type="stmt"/>
        <line num="5" count="0" type="stmt"/>
        <line num="7" count="0" type="cond" truecount="0" falsecount="2"/>
        <line num="8" count="0" type="stmt"/>
      </file>
    </package>
    <package name="Tags.Domain">
      <metrics statements="13" coveredstatements="0" conditionals="0" coveredconditionals="0" methods="9" coveredmethods="0"/>
      <file name="Tag.ts" path="/home/juan/WebstormProjects/PortfolioNest/Portfolio/Tags/Domain/Tag.ts">
        <metrics statements="13" coveredstatements="0" conditionals="0" coveredconditionals="0" methods="9" coveredmethods="0"/>
        <line num="6" count="0" type="stmt"/>
        <line num="18" count="0" type="stmt"/>
        <line num="19" count="0" type="stmt"/>
        <line num="20" count="0" type="stmt"/>
        <line num="21" count="0" type="stmt"/>
        <line num="30" count="0" type="stmt"/>
        <line num="34" count="0" type="stmt"/>
        <line num="38" count="0" type="stmt"/>
        <line num="42" count="0" type="stmt"/>
        <line num="46" count="0" type="stmt"/>
        <line num="50" count="0" type="stmt"/>
        <line num="54" count="0" type="stmt"/>
        <line num="58" count="0" type="stmt"/>
      </file>
    </package>
    <package name="Tags.Domain.ValueObject">
      <metrics statements="11" coveredstatements="0" conditionals="0" coveredconditionals="0" methods="7" coveredmethods="0"/>
      <file name="TagId.ts" path="/home/juan/WebstormProjects/PortfolioNest/Portfolio/Tags/Domain/ValueObject/TagId.ts">
        <metrics statements="6" coveredstatements="0" conditionals="0" coveredconditionals="0" methods="4" coveredmethods="0"/>
        <line num="1" count="0" type="stmt"/>
        <line num="3" count="0" type="stmt"/>
        <line num="7" count="0" type="stmt"/>
        <line num="11" count="0" type="stmt"/>
        <line num="15" count="0" type="stmt"/>
        <line num="19" count="0" type="stmt"/>
      </file>
      <file name="TagTitle.ts" path="/home/juan/WebstormProjects/PortfolioNest/Portfolio/Tags/Domain/ValueObject/TagTitle.ts">
        <metrics statements="5" coveredstatements="0" conditionals="0" coveredconditionals="0" methods="3" coveredmethods="0"/>
        <line num="1" count="0" type="stmt"/>
        <line num="3" count="0" type="stmt"/>
        <line num="7" count="0" type="stmt"/>
        <line num="10" count="0" type="stmt"/>
        <line num="14" count="0" type="stmt"/>
      </file>
    </package>
    <package name="User.Application">
      <metrics statements="17" coveredstatements="0" conditionals="0" coveredconditionals="0" methods="4" coveredmethods="0"/>
      <file name="CreateUser.ts" path="/home/juan/WebstormProjects/PortfolioNest/Portfolio/User/Application/CreateUser.ts">
        <metrics statements="14" coveredstatements="0" conditionals="0" coveredconditionals="0" methods="2" coveredmethods="0"/>
        <line num="2" count="0" type="stmt"/>
        <line num="4" count="0" type="stmt"/>
        <line num="5" count="0" type="stmt"/>
        <line num="6" count="0" type="stmt"/>
        <line num="7" count="0" type="stmt"/>
        <line num="8" count="0" type="stmt"/>
        <line num="10" count="0" type="stmt"/>
        <line num="15" count="0" type="stmt"/>
        <line num="16" count="0" type="stmt"/>
        <line num="20" count="0" type="stmt"/>
        <line num="21" count="0" type="stmt"/>
        <line num="28" count="0" type="stmt"/>
        <line num="29" count="0" type="stmt"/>
        <line num="31" count="0" type="stmt"/>
      </file>
      <file name="UpdateUserImage.ts" path="/home/juan/WebstormProjects/PortfolioNest/Portfolio/User/Application/UpdateUserImage.ts">
        <metrics statements="3" coveredstatements="0" conditionals="0" coveredconditionals="0" methods="2" coveredmethods="0"/>
        <line num="5" count="0" type="stmt"/>
        <line num="8" count="0" type="stmt"/>
        <line num="11" count="0" type="stmt"/>
      </file>
    </package>
    <package name="User.Application.DTO">
      <metrics statements="3" coveredstatements="0" conditionals="0" coveredconditionals="0" methods="1" coveredmethods="0"/>
      <file name="UpdateUserImageRequest.ts" path="/home/juan/WebstormProjects/PortfolioNest/Portfolio/User/Application/DTO/UpdateUserImageRequest.ts">
        <metrics statements="3" coveredstatements="0" conditionals="0" coveredconditionals="0" methods="1" coveredmethods="0"/>
        <line num="2" count="0" type="stmt"/>
        <line num="4" count="0" type="stmt"/>
        <line num="5" count="0" type="stmt"/>
      </file>
    </package>
    <package name="User.Domain">
      <metrics statements="7" coveredstatements="0" conditionals="0" coveredconditionals="0" methods="2" coveredmethods="0"/>
      <file name="User.ts" path="/home/juan/WebstormProjects/PortfolioNest/Portfolio/User/Domain/User.ts">
        <metrics statements="7" coveredstatements="0" conditionals="0" coveredconditionals="0" methods="2" coveredmethods="0"/>
        <line num="7" count="0" type="stmt"/>
        <line num="21" count="0" type="stmt"/>
        <line num="22" count="0" type="stmt"/>
        <line num="23" count="0" type="stmt"/>
        <line num="24" count="0" type="stmt"/>
        <line num="25" count="0" type="stmt"/>
        <line num="35" count="0" type="stmt"/>
      </file>
    </package>
    <package name="User.Domain.ValueObject">
      <metrics statements="23" coveredstatements="0" conditionals="6" coveredconditionals="0" methods="10" coveredmethods="0"/>
      <file name="UserId.ts" path="/home/juan/WebstormProjects/PortfolioNest/Portfolio/User/Domain/ValueObject/UserId.ts">
        <metrics statements="6" coveredstatements="0" conditionals="0" coveredconditionals="0" methods="4" coveredmethods="0"/>
        <line num="1" count="0" type="stmt"/>
        <line num="3" count="0" type="stmt"/>
        <line num="7" count="0" type="stmt"/>
        <line num="11" count="0" type="stmt"/>
        <line num="15" count="0" type="stmt"/>
        <line num="19" count="0" type="stmt"/>
      </file>
      <file name="UserMail.ts" path="/home/juan/WebstormProjects/PortfolioNest/Portfolio/User/Domain/ValueObject/UserMail.ts">
        <metrics statements="4" coveredstatements="0" conditionals="0" coveredconditionals="0" methods="2" coveredmethods="0"/>
        <line num="1" count="0" type="stmt"/>
        <line num="3" count="0" type="stmt"/>
        <line num="6" count="0" type="stmt"/>
        <line num="10" count="0" type="stmt"/>
      </file>
      <file name="UserPassword.ts" path="/home/juan/WebstormProjects/PortfolioNest/Portfolio/User/Domain/ValueObject/UserPassword.ts">
        <metrics statements="13" coveredstatements="0" conditionals="6" coveredconditionals="0" methods="4" coveredmethods="0"/>
        <line num="1" count="0" type="stmt"/>
        <line num="3" count="0" type="stmt"/>
        <line num="4" count="0" type="stmt"/>
        <line num="7" count="0" type="stmt"/>
        <line num="11" count="0" type="cond" truecount="0" falsecount="2"/>
        <line num="12" count="0" type="stmt"/>
        <line num="15" count="0" type="cond" truecount="0" falsecount="2"/>
        <line num="16" count="0" type="stmt"/>
        <line num="21" count="0" type="cond" truecount="0" falsecount="2"/>
        <line num="22" count="0" type="stmt"/>
        <line num="27" count="0" type="stmt"/>
        <line num="31" count="0" type="stmt"/>
        <line num="35" count="0" type="stmt"/>
      </file>
    </package>
    <package name="Works.Domain">
      <metrics statements="1" coveredstatements="0" conditionals="0" coveredconditionals="0" methods="0" coveredmethods="0"/>
      <file name="Work.ts" path="/home/juan/WebstormProjects/PortfolioNest/Portfolio/Works/Domain/Work.ts">
        <metrics statements="1" coveredstatements="0" conditionals="0" coveredconditionals="0" methods="0" coveredmethods="0"/>
        <line num="7" count="0" type="stmt"/>
      </file>
    </package>
    <package name="Works.Domain.ValueObject">
      <metrics statements="4" coveredstatements="0" conditionals="0" coveredconditionals="0" methods="0" coveredmethods="0"/>
      <file name="WorkCompany.ts" path="/home/juan/WebstormProjects/PortfolioNest/Portfolio/Works/Domain/ValueObject/WorkCompany.ts">
        <metrics statements="1" coveredstatements="0" conditionals="0" coveredconditionals="0" methods="0" coveredmethods="0"/>
        <line num="1" count="0" type="stmt"/>
      </file>
      <file name="WorkDescription.ts" path="/home/juan/WebstormProjects/PortfolioNest/Portfolio/Works/Domain/ValueObject/WorkDescription.ts">
        <metrics statements="1" coveredstatements="0" conditionals="0" coveredconditionals="0" methods="0" coveredmethods="0"/>
        <line num="1" count="0" type="stmt"/>
      </file>
      <file name="WorkId.ts" path="/home/juan/WebstormProjects/PortfolioNest/Portfolio/Works/Domain/ValueObject/WorkId.ts">
        <metrics statements="1" coveredstatements="0" conditionals="0" coveredconditionals="0" methods="0" coveredmethods="0"/>
        <line num="3" count="0" type="stmt"/>
      </file>
      <file name="WorkPosition.ts" path="/home/juan/WebstormProjects/PortfolioNest/Portfolio/Works/Domain/ValueObject/WorkPosition.ts">
        <metrics statements="1" coveredstatements="0" conditionals="0" coveredconditionals="0" methods="0" coveredmethods="0"/>
        <line num="1" count="0" type="stmt"/>
      </file>
    </package>
  </project>
</coverage>
