{"/home/juan/WebstormProjects/PortfolioNest/Portfolio/Educations/Application/CreateEducation.ts": {"path":"/home/juan/WebstormProjects/PortfolioNest/Portfolio/Educations/Application/CreateEducation.ts","statementMap":{"0":{"start":{"line":2,"column":0},"end":{"line":2,"column":48}},"1":{"start":{"line":4,"column":0},"end":{"line":4,"column":70}},"2":{"start":{"line":5,"column":0},"end":{"line":5,"column":68}},"3":{"start":{"line":6,"column":0},"end":{"line":6,"column":72}},"4":{"start":{"line":7,"column":0},"end":{"line":7,"column":82}},"5":{"start":{"line":10,"column":0},"end":{"line":10,"column":64}},"6":{"start":{"line":11,"column":0},"end":{"line":11,"column":58}},"7":{"start":{"line":12,"column":0},"end":{"line":12,"column":60}},"8":{"start":{"line":13,"column":0},"end":{"line":13,"column":47}},"9":{"start":{"line":14,"column":0},"end":{"line":14,"column":69}},"10":{"start":{"line":15,"column":0},"end":{"line":15,"column":63}},"11":{"start":{"line":16,"column":0},"end":{"line":16,"column":65}},"12":{"start":{"line":28,"column":4},"end":{"line":28,"column":33}},"13":{"start":{"line":29,"column":4},"end":{"line":29,"column":35}},"14":{"start":{"line":33,"column":22},"end":{"line":41,"column":null}},"15":{"start":{"line":43,"column":4},"end":{"line":51,"column":6}},"16":{"start":{"line":44,"column":6},"end":{"line":49,"column":null}},"17":{"start":{"line":52,"column":4},"end":{"line":52,"column":33}},"18":{"start":{"line":53,"column":4},"end":{"line":53,"column":42}},"19":{"start":{"line":54,"column":4},"end":{"line":54,"column":21}},"20":{"start":{"line":18,"column":0},"end":{"line":18,"column":13}}},"fnMap":{"0":{"name":"(anonymous_0)","decl":{"start":{"line":24,"column":2},"end":{"line":24,"column":null}},"loc":{"start":{"line":26,"column":36},"end":{"line":30,"column":3}}},"1":{"name":"(anonymous_1)","decl":{"start":{"line":32,"column":2},"end":{"line":32,"column":7}},"loc":{"start":{"line":32,"column":43},"end":{"line":55,"column":3}}},"2":{"name":"(anonymous_2)","decl":{"start":{"line":43,"column":36},"end":{"line":43,"column":37}},"loc":{"start":{"line":44,"column":6},"end":{"line":49,"column":null}}}},"branchMap":{},"s":{"0":0,"1":0,"2":0,"3":0,"4":0,"5":0,"6":0,"7":0,"8":0,"9":0,"10":0,"11":0,"12":0,"13":0,"14":0,"15":0,"16":0,"17":0,"18":0,"19":0,"20":0},"f":{"0":0,"1":0,"2":0},"b":{}}
,"/home/juan/WebstormProjects/PortfolioNest/Portfolio/Educations/Application/DeleteEducation.ts": {"path":"/home/juan/WebstormProjects/PortfolioNest/Portfolio/Educations/Application/DeleteEducation.ts","statementMap":{"0":{"start":{"line":17,"column":4},"end":{"line":17,"column":33}},"1":{"start":{"line":18,"column":4},"end":{"line":18,"column":45}},"2":{"start":{"line":22,"column":22},"end":{"line":22,"column":68}},"3":{"start":{"line":23,"column":4},"end":{"line":23,"column":50}},"4":{"start":{"line":24,"column":4},"end":{"line":24,"column":21}},"5":{"start":{"line":7,"column":0},"end":{"line":7,"column":13}}},"fnMap":{"0":{"name":"(anonymous_0)","decl":{"start":{"line":13,"column":2},"end":{"line":13,"column":null}},"loc":{"start":{"line":15,"column":38},"end":{"line":19,"column":3}}},"1":{"name":"(anonymous_1)","decl":{"start":{"line":21,"column":2},"end":{"line":21,"column":7}},"loc":{"start":{"line":21,"column":43},"end":{"line":25,"column":3}}}},"branchMap":{},"s":{"0":0,"1":0,"2":0,"3":0,"4":0,"5":0},"f":{"0":0,"1":0},"b":{}}
,"/home/juan/WebstormProjects/PortfolioNest/Portfolio/Educations/Application/EditEducation.ts": {"path":"/home/juan/WebstormProjects/PortfolioNest/Portfolio/Educations/Application/EditEducation.ts","statementMap":{"0":{"start":{"line":6,"column":0},"end":{"line":6,"column":70}},"1":{"start":{"line":7,"column":0},"end":{"line":7,"column":68}},"2":{"start":{"line":8,"column":0},"end":{"line":8,"column":72}},"3":{"start":{"line":9,"column":0},"end":{"line":9,"column":82}},"4":{"start":{"line":21,"column":4},"end":{"line":21,"column":33}},"5":{"start":{"line":22,"column":4},"end":{"line":22,"column":45}},"6":{"start":{"line":26,"column":22},"end":{"line":26,"column":74}},"7":{"start":{"line":27,"column":4},"end":{"line":27,"column":60}},"8":{"start":{"line":28,"column":4},"end":{"line":28,"column":58}},"9":{"start":{"line":29,"column":4},"end":{"line":32,"column":6}},"10":{"start":{"line":33,"column":4},"end":{"line":33,"column":78}},"11":{"start":{"line":34,"column":4},"end":{"line":34,"column":54}},"12":{"start":{"line":35,"column":4},"end":{"line":35,"column":42}},"13":{"start":{"line":36,"column":4},"end":{"line":36,"column":21}},"14":{"start":{"line":11,"column":0},"end":{"line":11,"column":13}}},"fnMap":{"0":{"name":"(anonymous_0)","decl":{"start":{"line":17,"column":2},"end":{"line":17,"column":null}},"loc":{"start":{"line":19,"column":38},"end":{"line":23,"column":3}}},"1":{"name":"(anonymous_1)","decl":{"start":{"line":25,"column":2},"end":{"line":25,"column":7}},"loc":{"start":{"line":25,"column":41},"end":{"line":37,"column":3}}}},"branchMap":{},"s":{"0":0,"1":0,"2":0,"3":0,"4":0,"5":0,"6":0,"7":0,"8":0,"9":0,"10":0,"11":0,"12":0,"13":0,"14":0},"f":{"0":0,"1":0},"b":{}}
,"/home/juan/WebstormProjects/PortfolioNest/Portfolio/Educations/Application/GetAllEducations.ts": {"path":"/home/juan/WebstormProjects/PortfolioNest/Portfolio/Educations/Application/GetAllEducations.ts","statementMap":{"0":{"start":{"line":12,"column":4},"end":{"line":12,"column":33}},"1":{"start":{"line":16,"column":4},"end":{"line":16,"column":61}},"2":{"start":{"line":6,"column":0},"end":{"line":6,"column":13}}},"fnMap":{"0":{"name":"(anonymous_0)","decl":{"start":{"line":11,"column":2},"end":{"line":11,"column":14}},"loc":{"start":{"line":11,"column":45},"end":{"line":13,"column":3}}},"1":{"name":"(anonymous_1)","decl":{"start":{"line":15,"column":2},"end":{"line":15,"column":7}},"loc":{"start":{"line":15,"column":30},"end":{"line":17,"column":3}}}},"branchMap":{},"s":{"0":0,"1":0,"2":0},"f":{"0":0,"1":0},"b":{}}
,"/home/juan/WebstormProjects/PortfolioNest/Portfolio/Educations/Application/GetEducationById.ts": {"path":"/home/juan/WebstormProjects/PortfolioNest/Portfolio/Educations/Application/GetEducationById.ts","statementMap":{"0":{"start":{"line":9,"column":4},"end":{"line":9,"column":33}},"1":{"start":{"line":12,"column":22},"end":{"line":12,"column":56}},"2":{"start":{"line":13,"column":4},"end":{"line":13,"column":67}},"3":{"start":{"line":13,"column":28},"end":{"line":13,"column":67}},"4":{"start":{"line":14,"column":4},"end":{"line":14,"column":21}},"5":{"start":{"line":5,"column":0},"end":{"line":5,"column":13}}},"fnMap":{"0":{"name":"(anonymous_0)","decl":{"start":{"line":8,"column":2},"end":{"line":8,"column":14}},"loc":{"start":{"line":8,"column":45},"end":{"line":10,"column":3}}},"1":{"name":"(anonymous_1)","decl":{"start":{"line":11,"column":2},"end":{"line":11,"column":7}},"loc":{"start":{"line":11,"column":27},"end":{"line":15,"column":3}}}},"branchMap":{"0":{"loc":{"start":{"line":13,"column":4},"end":{"line":13,"column":67}},"type":"if","locations":[{"start":{"line":13,"column":4},"end":{"line":13,"column":67}},{"start":{},"end":{}}]}},"s":{"0":0,"1":0,"2":0,"3":0,"4":0,"5":0},"f":{"0":0,"1":0},"b":{"0":[0,0]}}
,"/home/juan/WebstormProjects/PortfolioNest/Portfolio/Educations/Application/GetEducationBySlug.ts": {"path":"/home/juan/WebstormProjects/PortfolioNest/Portfolio/Educations/Application/GetEducationBySlug.ts","statementMap":{"0":{"start":{"line":11,"column":4},"end":{"line":11,"column":33}},"1":{"start":{"line":15,"column":22},"end":{"line":15,"column":58}},"2":{"start":{"line":16,"column":4},"end":{"line":16,"column":67}},"3":{"start":{"line":16,"column":28},"end":{"line":16,"column":67}},"4":{"start":{"line":17,"column":4},"end":{"line":17,"column":21}},"5":{"start":{"line":5,"column":0},"end":{"line":5,"column":13}}},"fnMap":{"0":{"name":"(anonymous_0)","decl":{"start":{"line":10,"column":2},"end":{"line":10,"column":14}},"loc":{"start":{"line":10,"column":45},"end":{"line":12,"column":3}}},"1":{"name":"(anonymous_1)","decl":{"start":{"line":14,"column":2},"end":{"line":14,"column":7}},"loc":{"start":{"line":14,"column":27},"end":{"line":18,"column":3}}}},"branchMap":{"0":{"loc":{"start":{"line":16,"column":4},"end":{"line":16,"column":67}},"type":"if","locations":[{"start":{"line":16,"column":4},"end":{"line":16,"column":67}},{"start":{},"end":{}}]}},"s":{"0":0,"1":0,"2":0,"3":0,"4":0,"5":0},"f":{"0":0,"1":0},"b":{"0":[0,0]}}
,"/home/juan/WebstormProjects/PortfolioNest/Portfolio/Educations/Application/DTO/CreateEducationRequest.ts": {"path":"/home/juan/WebstormProjects/PortfolioNest/Portfolio/Educations/Application/DTO/CreateEducationRequest.ts","statementMap":{"0":{"start":{"line":7,"column":11},"end":{"line":7,"column":24}},"1":{"start":{"line":8,"column":11},"end":{"line":8,"column":30}},"2":{"start":{"line":9,"column":11},"end":{"line":9,"column":28}},"3":{"start":{"line":10,"column":11},"end":{"line":10,"column":26}},"4":{"start":{"line":11,"column":11},"end":{"line":11,"column":37}},"5":{"start":{"line":12,"column":11},"end":{"line":12,"column":43}},"6":{"start":{"line":13,"column":11},"end":{"line":13,"column":34}},"7":{"start":{"line":5,"column":0},"end":{"line":5,"column":13}}},"fnMap":{"0":{"name":"(anonymous_0)","decl":{"start":{"line":6,"column":2},"end":{"line":6,"column":null}},"loc":{"start":{"line":13,"column":34},"end":{"line":14,"column":6}}}},"branchMap":{},"s":{"0":0,"1":0,"2":0,"3":0,"4":0,"5":0,"6":0,"7":0},"f":{"0":0},"b":{}}
,"/home/juan/WebstormProjects/PortfolioNest/Portfolio/Educations/Application/DTO/DeleteEducationRequest.ts": {"path":"/home/juan/WebstormProjects/PortfolioNest/Portfolio/Educations/Application/DTO/DeleteEducationRequest.ts","statementMap":{"0":{"start":{"line":4,"column":11},"end":{"line":4,"column":30}},"1":{"start":{"line":2,"column":0},"end":{"line":2,"column":13}}},"fnMap":{"0":{"name":"(anonymous_0)","decl":{"start":{"line":3,"column":2},"end":{"line":3,"column":null}},"loc":{"start":{"line":4,"column":30},"end":{"line":6,"column":6}}}},"branchMap":{},"s":{"0":0,"1":0},"f":{"0":0},"b":{}}
,"/home/juan/WebstormProjects/PortfolioNest/Portfolio/Educations/Application/DTO/EditEducationRequest.ts": {"path":"/home/juan/WebstormProjects/PortfolioNest/Portfolio/Educations/Application/DTO/EditEducationRequest.ts","statementMap":{"0":{"start":{"line":5,"column":11},"end":{"line":5,"column":30}},"1":{"start":{"line":6,"column":11},"end":{"line":6,"column":39}},"2":{"start":{"line":3,"column":0},"end":{"line":3,"column":13}}},"fnMap":{"0":{"name":"(anonymous_0)","decl":{"start":{"line":4,"column":2},"end":{"line":4,"column":null}},"loc":{"start":{"line":6,"column":39},"end":{"line":7,"column":6}}}},"branchMap":{},"s":{"0":0,"1":0,"2":0},"f":{"0":0},"b":{}}
,"/home/juan/WebstormProjects/PortfolioNest/Portfolio/Educations/Application/DTO/EducationResponse.ts": {"path":"/home/juan/WebstormProjects/PortfolioNest/Portfolio/Educations/Application/DTO/EducationResponse.ts","statementMap":{"0":{"start":{"line":3,"column":0},"end":{"line":3,"column":92}},"1":{"start":{"line":4,"column":0},"end":{"line":4,"column":95}},"2":{"start":{"line":5,"column":0},"end":{"line":5,"column":104}},"3":{"start":{"line":9,"column":4},"end":{"line":25,"column":6}},"4":{"start":{"line":19,"column":39},"end":{"line":19,"column":48}},"5":{"start":{"line":7,"column":0},"end":{"line":7,"column":13}}},"fnMap":{"0":{"name":"(anonymous_0)","decl":{"start":{"line":8,"column":2},"end":{"line":8,"column":10}},"loc":{"start":{"line":8,"column":31},"end":{"line":26,"column":3}}},"1":{"name":"(anonymous_1)","decl":{"start":{"line":19,"column":32},"end":{"line":19,"column":33}},"loc":{"start":{"line":19,"column":39},"end":{"line":19,"column":48}}}},"branchMap":{},"s":{"0":0,"1":0,"2":0,"3":0,"4":0,"5":0},"f":{"0":0,"1":0},"b":{}}
,"/home/juan/WebstormProjects/PortfolioNest/Portfolio/Educations/Application/DTO/EducationResponseCollection.ts": {"path":"/home/juan/WebstormProjects/PortfolioNest/Portfolio/Educations/Application/DTO/EducationResponseCollection.ts","statementMap":{"0":{"start":{"line":1,"column":0},"end":{"line":1,"column":56}},"1":{"start":{"line":7,"column":4},"end":{"line":7,"column":40}},"2":{"start":{"line":7,"column":30},"end":{"line":7,"column":40}},"3":{"start":{"line":8,"column":4},"end":{"line":8,"column":80}},"4":{"start":{"line":8,"column":35},"end":{"line":8,"column":78}},"5":{"start":{"line":5,"column":0},"end":{"line":5,"column":13}}},"fnMap":{"0":{"name":"(anonymous_0)","decl":{"start":{"line":6,"column":2},"end":{"line":6,"column":10}},"loc":{"start":{"line":6,"column":28},"end":{"line":9,"column":3}}},"1":{"name":"(anonymous_1)","decl":{"start":{"line":8,"column":20},"end":{"line":8,"column":21}},"loc":{"start":{"line":8,"column":35},"end":{"line":8,"column":78}}}},"branchMap":{"0":{"loc":{"start":{"line":7,"column":4},"end":{"line":7,"column":40}},"type":"if","locations":[{"start":{"line":7,"column":4},"end":{"line":7,"column":40}},{"start":{},"end":{}}]}},"s":{"0":0,"1":0,"2":0,"3":0,"4":0,"5":0},"f":{"0":0,"1":0},"b":{"0":[0,0]}}
,"/home/juan/WebstormProjects/PortfolioNest/Portfolio/Educations/Domain/Education.ts": {"path":"/home/juan/WebstormProjects/PortfolioNest/Portfolio/Educations/Domain/Education.ts","statementMap":{"0":{"start":{"line":34,"column":4},"end":{"line":34,"column":18}},"1":{"start":{"line":35,"column":4},"end":{"line":35,"column":24}},"2":{"start":{"line":36,"column":4},"end":{"line":36,"column":36}},"3":{"start":{"line":37,"column":4},"end":{"line":37,"column":28}},"4":{"start":{"line":38,"column":4},"end":{"line":38,"column":22}},"5":{"start":{"line":40,"column":4},"end":{"line":40,"column":32}},"6":{"start":{"line":41,"column":4},"end":{"line":41,"column":34}},"7":{"start":{"line":54,"column":4},"end":{"line":63,"column":6}},"8":{"start":{"line":67,"column":4},"end":{"line":67,"column":20}},"9":{"start":{"line":71,"column":4},"end":{"line":71,"column":21}},"10":{"start":{"line":75,"column":4},"end":{"line":75,"column":23}},"11":{"start":{"line":79,"column":4},"end":{"line":79,"column":24}},"12":{"start":{"line":83,"column":4},"end":{"line":83,"column":29}},"13":{"start":{"line":87,"column":4},"end":{"line":87,"column":30}},"14":{"start":{"line":91,"column":4},"end":{"line":91,"column":25}},"15":{"start":{"line":95,"column":4},"end":{"line":95,"column":26}},"16":{"start":{"line":99,"column":4},"end":{"line":99,"column":22}},"17":{"start":{"line":103,"column":4},"end":{"line":103,"column":23}},"18":{"start":{"line":107,"column":4},"end":{"line":107,"column":26}},"19":{"start":{"line":111,"column":4},"end":{"line":111,"column":27}},"20":{"start":{"line":115,"column":4},"end":{"line":115,"column":23}},"21":{"start":{"line":119,"column":4},"end":{"line":119,"column":24}},"22":{"start":{"line":123,"column":4},"end":{"line":123,"column":22}},"23":{"start":{"line":127,"column":4},"end":{"line":127,"column":23}},"24":{"start":{"line":131,"column":4},"end":{"line":131,"column":27}},"25":{"start":{"line":135,"column":4},"end":{"line":135,"column":28}},"26":{"start":{"line":139,"column":4},"end":{"line":139,"column":28}},"27":{"start":{"line":143,"column":4},"end":{"line":143,"column":29}},"28":{"start":{"line":12,"column":0},"end":{"line":12,"column":13}}},"fnMap":{"0":{"name":"(anonymous_0)","decl":{"start":{"line":24,"column":2},"end":{"line":24,"column":null}},"loc":{"start":{"line":32,"column":26},"end":{"line":42,"column":3}}},"1":{"name":"(anonymous_1)","decl":{"start":{"line":44,"column":2},"end":{"line":44,"column":8}},"loc":{"start":{"line":52,"column":26},"end":{"line":64,"column":3}}},"2":{"name":"(anonymous_2)","decl":{"start":{"line":66,"column":2},"end":{"line":66,"column":6}},"loc":{"start":{"line":66,"column":8},"end":{"line":68,"column":3}}},"3":{"name":"(anonymous_3)","decl":{"start":{"line":70,"column":2},"end":{"line":70,"column":6}},"loc":{"start":{"line":70,"column":27},"end":{"line":72,"column":3}}},"4":{"name":"(anonymous_4)","decl":{"start":{"line":74,"column":2},"end":{"line":74,"column":6}},"loc":{"start":{"line":74,"column":11},"end":{"line":76,"column":3}}},"5":{"name":"(anonymous_5)","decl":{"start":{"line":78,"column":2},"end":{"line":78,"column":6}},"loc":{"start":{"line":78,"column":33},"end":{"line":80,"column":3}}},"6":{"name":"(anonymous_6)","decl":{"start":{"line":82,"column":2},"end":{"line":82,"column":6}},"loc":{"start":{"line":82,"column":17},"end":{"line":84,"column":3}}},"7":{"name":"(anonymous_7)","decl":{"start":{"line":86,"column":2},"end":{"line":86,"column":6}},"loc":{"start":{"line":86,"column":45},"end":{"line":88,"column":3}}},"8":{"name":"(anonymous_8)","decl":{"start":{"line":90,"column":2},"end":{"line":90,"column":6}},"loc":{"start":{"line":90,"column":13},"end":{"line":92,"column":3}}},"9":{"name":"(anonymous_9)","decl":{"start":{"line":94,"column":2},"end":{"line":94,"column":6}},"loc":{"start":{"line":94,"column":36},"end":{"line":96,"column":3}}},"10":{"name":"(anonymous_10)","decl":{"start":{"line":98,"column":2},"end":{"line":98,"column":6}},"loc":{"start":{"line":98,"column":10},"end":{"line":100,"column":3}}},"11":{"name":"(anonymous_11)","decl":{"start":{"line":102,"column":2},"end":{"line":102,"column":6}},"loc":{"start":{"line":102,"column":31},"end":{"line":104,"column":3}}},"12":{"name":"(anonymous_12)","decl":{"start":{"line":106,"column":2},"end":{"line":106,"column":6}},"loc":{"start":{"line":106,"column":14},"end":{"line":108,"column":3}}},"13":{"name":"(anonymous_13)","decl":{"start":{"line":110,"column":2},"end":{"line":110,"column":6}},"loc":{"start":{"line":110,"column":31},"end":{"line":112,"column":3}}},"14":{"name":"(anonymous_14)","decl":{"start":{"line":114,"column":2},"end":{"line":114,"column":6}},"loc":{"start":{"line":114,"column":11},"end":{"line":116,"column":3}}},"15":{"name":"(anonymous_15)","decl":{"start":{"line":118,"column":2},"end":{"line":118,"column":6}},"loc":{"start":{"line":118,"column":25},"end":{"line":120,"column":3}}},"16":{"name":"(anonymous_16)","decl":{"start":{"line":122,"column":2},"end":{"line":122,"column":6}},"loc":{"start":{"line":122,"column":10},"end":{"line":124,"column":3}}},"17":{"name":"(anonymous_17)","decl":{"start":{"line":126,"column":2},"end":{"line":126,"column":6}},"loc":{"start":{"line":126,"column":23},"end":{"line":128,"column":3}}},"18":{"name":"(anonymous_18)","decl":{"start":{"line":130,"column":2},"end":{"line":130,"column":6}},"loc":{"start":{"line":130,"column":15},"end":{"line":132,"column":3}}},"19":{"name":"(anonymous_19)","decl":{"start":{"line":134,"column":2},"end":{"line":134,"column":6}},"loc":{"start":{"line":134,"column":32},"end":{"line":136,"column":3}}},"20":{"name":"(anonymous_20)","decl":{"start":{"line":138,"column":2},"end":{"line":138,"column":6}},"loc":{"start":{"line":138,"column":16},"end":{"line":140,"column":3}}},"21":{"name":"(anonymous_21)","decl":{"start":{"line":142,"column":2},"end":{"line":142,"column":6}},"loc":{"start":{"line":142,"column":34},"end":{"line":144,"column":3}}}},"branchMap":{},"s":{"0":0,"1":0,"2":0,"3":0,"4":0,"5":0,"6":0,"7":0,"8":0,"9":0,"10":0,"11":0,"12":0,"13":0,"14":0,"15":0,"16":0,"17":0,"18":0,"19":0,"20":0,"21":0,"22":0,"23":0,"24":0,"25":0,"26":0,"27":0,"28":0},"f":{"0":0,"1":0,"2":0,"3":0,"4":0,"5":0,"6":0,"7":0,"8":0,"9":0,"10":0,"11":0,"12":0,"13":0,"14":0,"15":0,"16":0,"17":0,"18":0,"19":0,"20":0,"21":0},"b":{}}
,"/home/juan/WebstormProjects/PortfolioNest/Portfolio/Educations/Domain/ValueObject/EducationDescription.ts": {"path":"/home/juan/WebstormProjects/PortfolioNest/Portfolio/Educations/Domain/ValueObject/EducationDescription.ts","statementMap":{"0":{"start":{"line":1,"column":0},"end":{"line":1,"column":77}},"1":{"start":{"line":7,"column":4},"end":{"line":7,"column":24}},"2":{"start":{"line":10,"column":4},"end":{"line":10,"column":69}},"3":{"start":{"line":14,"column":4},"end":{"line":14,"column":23}},"4":{"start":{"line":3,"column":0},"end":{"line":3,"column":13}}},"fnMap":{"0":{"name":"(anonymous_0)","decl":{"start":{"line":6,"column":2},"end":{"line":6,"column":22}},"loc":{"start":{"line":6,"column":46},"end":{"line":8,"column":3}}},"1":{"name":"(anonymous_1)","decl":{"start":{"line":9,"column":2},"end":{"line":9,"column":8}},"loc":{"start":{"line":9,"column":29},"end":{"line":11,"column":3}}},"2":{"name":"(anonymous_2)","decl":{"start":{"line":13,"column":2},"end":{"line":13,"column":6}},"loc":{"start":{"line":13,"column":11},"end":{"line":15,"column":3}}}},"branchMap":{},"s":{"0":0,"1":0,"2":0,"3":0,"4":0},"f":{"0":0,"1":0,"2":0},"b":{}}
,"/home/juan/WebstormProjects/PortfolioNest/Portfolio/Educations/Domain/ValueObject/EducationId.ts": {"path":"/home/juan/WebstormProjects/PortfolioNest/Portfolio/Educations/Domain/ValueObject/EducationId.ts","statementMap":{"0":{"start":{"line":1,"column":0},"end":{"line":1,"column":69}},"1":{"start":{"line":7,"column":4},"end":{"line":7,"column":18}},"2":{"start":{"line":11,"column":4},"end":{"line":11,"column":56}},"3":{"start":{"line":15,"column":4},"end":{"line":15,"column":20}},"4":{"start":{"line":3,"column":0},"end":{"line":3,"column":13}}},"fnMap":{"0":{"name":"(anonymous_0)","decl":{"start":{"line":6,"column":2},"end":{"line":6,"column":22}},"loc":{"start":{"line":6,"column":39},"end":{"line":8,"column":3}}},"1":{"name":"(anonymous_1)","decl":{"start":{"line":10,"column":2},"end":{"line":10,"column":8}},"loc":{"start":{"line":10,"column":29},"end":{"line":12,"column":3}}},"2":{"name":"(anonymous_2)","decl":{"start":{"line":14,"column":2},"end":{"line":14,"column":6}},"loc":{"start":{"line":14,"column":8},"end":{"line":16,"column":3}}}},"branchMap":{},"s":{"0":0,"1":0,"2":0,"3":0,"4":0},"f":{"0":0,"1":0,"2":0},"b":{}}
,"/home/juan/WebstormProjects/PortfolioNest/Portfolio/Educations/Domain/ValueObject/EducationPeriod.ts": {"path":"/home/juan/WebstormProjects/PortfolioNest/Portfolio/Educations/Domain/ValueObject/EducationPeriod.ts","statementMap":{"0":{"start":{"line":1,"column":0},"end":{"line":1,"column":33}},"1":{"start":{"line":8,"column":4},"end":{"line":8,"column":32}},"2":{"start":{"line":9,"column":4},"end":{"line":9,"column":28}},"3":{"start":{"line":13,"column":18},"end":{"line":13,"column":37}},"4":{"start":{"line":14,"column":16},"end":{"line":14,"column":33}},"5":{"start":{"line":15,"column":4},"end":{"line":17,"column":5}},"6":{"start":{"line":16,"column":6},"end":{"line":16,"column":62}},"7":{"start":{"line":18,"column":4},"end":{"line":18,"column":43}},"8":{"start":{"line":22,"column":4},"end":{"line":22,"column":27}},"9":{"start":{"line":26,"column":4},"end":{"line":26,"column":25}},"10":{"start":{"line":3,"column":0},"end":{"line":3,"column":13}}},"fnMap":{"0":{"name":"(anonymous_0)","decl":{"start":{"line":7,"column":2},"end":{"line":7,"column":22}},"loc":{"start":{"line":7,"column":52},"end":{"line":10,"column":3}}},"1":{"name":"(anonymous_1)","decl":{"start":{"line":12,"column":2},"end":{"line":12,"column":8}},"loc":{"start":{"line":12,"column":50},"end":{"line":19,"column":3}}},"2":{"name":"(anonymous_2)","decl":{"start":{"line":21,"column":2},"end":{"line":21,"column":6}},"loc":{"start":{"line":21,"column":15},"end":{"line":23,"column":3}}},"3":{"name":"(anonymous_3)","decl":{"start":{"line":25,"column":2},"end":{"line":25,"column":6}},"loc":{"start":{"line":25,"column":13},"end":{"line":27,"column":3}}}},"branchMap":{"0":{"loc":{"start":{"line":15,"column":4},"end":{"line":17,"column":5}},"type":"if","locations":[{"start":{"line":15,"column":4},"end":{"line":17,"column":5}},{"start":{},"end":{}}]}},"s":{"0":0,"1":0,"2":0,"3":0,"4":0,"5":0,"6":0,"7":0,"8":0,"9":0,"10":0},"f":{"0":0,"1":0,"2":0,"3":0},"b":{"0":[0,0]}}
,"/home/juan/WebstormProjects/PortfolioNest/Portfolio/Educations/Domain/ValueObject/EducationSlug.ts": {"path":"/home/juan/WebstormProjects/PortfolioNest/Portfolio/Educations/Domain/ValueObject/EducationSlug.ts","statementMap":{"0":{"start":{"line":1,"column":0},"end":{"line":1,"column":73}},"1":{"start":{"line":7,"column":4},"end":{"line":7,"column":24}},"2":{"start":{"line":11,"column":4},"end":{"line":11,"column":60}},"3":{"start":{"line":15,"column":4},"end":{"line":15,"column":23}},"4":{"start":{"line":3,"column":0},"end":{"line":3,"column":13}}},"fnMap":{"0":{"name":"(anonymous_0)","decl":{"start":{"line":6,"column":2},"end":{"line":6,"column":22}},"loc":{"start":{"line":6,"column":44},"end":{"line":8,"column":3}}},"1":{"name":"(anonymous_1)","decl":{"start":{"line":10,"column":2},"end":{"line":10,"column":8}},"loc":{"start":{"line":10,"column":29},"end":{"line":12,"column":3}}},"2":{"name":"(anonymous_2)","decl":{"start":{"line":14,"column":2},"end":{"line":14,"column":6}},"loc":{"start":{"line":14,"column":11},"end":{"line":16,"column":3}}}},"branchMap":{},"s":{"0":0,"1":0,"2":0,"3":0,"4":0},"f":{"0":0,"1":0,"2":0},"b":{}}
,"/home/juan/WebstormProjects/PortfolioNest/Portfolio/Educations/Domain/ValueObject/EducationTitle.ts": {"path":"/home/juan/WebstormProjects/PortfolioNest/Portfolio/Educations/Domain/ValueObject/EducationTitle.ts","statementMap":{"0":{"start":{"line":1,"column":0},"end":{"line":1,"column":77}},"1":{"start":{"line":7,"column":4},"end":{"line":7,"column":24}},"2":{"start":{"line":10,"column":4},"end":{"line":10,"column":63}},"3":{"start":{"line":13,"column":4},"end":{"line":13,"column":23}},"4":{"start":{"line":3,"column":0},"end":{"line":3,"column":13}}},"fnMap":{"0":{"name":"(anonymous_0)","decl":{"start":{"line":6,"column":2},"end":{"line":6,"column":22}},"loc":{"start":{"line":6,"column":46},"end":{"line":8,"column":3}}},"1":{"name":"(anonymous_1)","decl":{"start":{"line":9,"column":2},"end":{"line":9,"column":8}},"loc":{"start":{"line":9,"column":29},"end":{"line":11,"column":3}}},"2":{"name":"(anonymous_2)","decl":{"start":{"line":12,"column":2},"end":{"line":12,"column":6}},"loc":{"start":{"line":12,"column":11},"end":{"line":14,"column":3}}}},"branchMap":{},"s":{"0":0,"1":0,"2":0,"3":0,"4":0},"f":{"0":0,"1":0,"2":0},"b":{}}
,"/home/juan/WebstormProjects/PortfolioNest/Portfolio/Files/Application/DeleteFile.ts": {"path":"/home/juan/WebstormProjects/PortfolioNest/Portfolio/Files/Application/DeleteFile.ts","statementMap":{"0":{"start":{"line":8,"column":21},"end":{"line":8,"column":33}},"1":{"start":{"line":9,"column":21},"end":{"line":9,"column":57}},"2":{"start":{"line":10,"column":21},"end":{"line":10,"column":47}},"3":{"start":{"line":14,"column":17},"end":{"line":14,"column":47}},"4":{"start":{"line":15,"column":4},"end":{"line":15,"column":45}},"5":{"start":{"line":16,"column":4},"end":{"line":16,"column":58}},"6":{"start":{"line":6,"column":0},"end":{"line":6,"column":13}}},"fnMap":{"0":{"name":"(anonymous_0)","decl":{"start":{"line":7,"column":2},"end":{"line":7,"column":null}},"loc":{"start":{"line":10,"column":47},"end":{"line":11,"column":6}}},"1":{"name":"(anonymous_1)","decl":{"start":{"line":13,"column":2},"end":{"line":13,"column":7}},"loc":{"start":{"line":13,"column":30},"end":{"line":17,"column":3}}}},"branchMap":{},"s":{"0":2,"1":2,"2":2,"3":2,"4":1,"5":1,"6":1},"f":{"0":2,"1":2},"b":{}}
,"/home/juan/WebstormProjects/PortfolioNest/Portfolio/Files/Application/GetFile.ts": {"path":"/home/juan/WebstormProjects/PortfolioNest/Portfolio/Files/Application/GetFile.ts","statementMap":{"0":{"start":{"line":6,"column":31},"end":{"line":6,"column":64}},"1":{"start":{"line":9,"column":17},"end":{"line":9,"column":51}},"2":{"start":{"line":10,"column":4},"end":{"line":12,"column":5}},"3":{"start":{"line":11,"column":6},"end":{"line":11,"column":40}},"4":{"start":{"line":13,"column":4},"end":{"line":13,"column":16}},"5":{"start":{"line":5,"column":0},"end":{"line":5,"column":13}}},"fnMap":{"0":{"name":"(anonymous_0)","decl":{"start":{"line":6,"column":2},"end":{"line":6,"column":31}},"loc":{"start":{"line":6,"column":64},"end":{"line":6,"column":68}}},"1":{"name":"(anonymous_1)","decl":{"start":{"line":8,"column":2},"end":{"line":8,"column":7}},"loc":{"start":{"line":8,"column":27},"end":{"line":14,"column":3}}}},"branchMap":{"0":{"loc":{"start":{"line":10,"column":4},"end":{"line":12,"column":5}},"type":"if","locations":[{"start":{"line":10,"column":4},"end":{"line":12,"column":5}},{"start":{},"end":{}}]}},"s":{"0":2,"1":2,"2":2,"3":1,"4":1,"5":1},"f":{"0":2,"1":2},"b":{"0":[1,1]}}
,"/home/juan/WebstormProjects/PortfolioNest/Portfolio/Files/Application/UpdateFileMetada.ts": {"path":"/home/juan/WebstormProjects/PortfolioNest/Portfolio/Files/Application/UpdateFileMetada.ts","statementMap":{"0":{"start":{"line":5,"column":0},"end":{"line":5,"column":60}},"1":{"start":{"line":6,"column":0},"end":{"line":6,"column":56}},"2":{"start":{"line":13,"column":21},"end":{"line":13,"column":33}},"3":{"start":{"line":14,"column":21},"end":{"line":14,"column":51}},"4":{"start":{"line":18,"column":17},"end":{"line":18,"column":51}},"5":{"start":{"line":19,"column":4},"end":{"line":19,"column":49}},"6":{"start":{"line":20,"column":4},"end":{"line":20,"column":43}},"7":{"start":{"line":21,"column":4},"end":{"line":21,"column":37}},"8":{"start":{"line":22,"column":4},"end":{"line":22,"column":16}},"9":{"start":{"line":9,"column":0},"end":{"line":9,"column":13}}},"fnMap":{"0":{"name":"(anonymous_0)","decl":{"start":{"line":12,"column":2},"end":{"line":12,"column":null}},"loc":{"start":{"line":14,"column":51},"end":{"line":15,"column":6}}},"1":{"name":"(anonymous_1)","decl":{"start":{"line":17,"column":2},"end":{"line":17,"column":7}},"loc":{"start":{"line":17,"column":42},"end":{"line":23,"column":3}}}},"branchMap":{},"s":{"0":1,"1":1,"2":2,"3":2,"4":2,"5":1,"6":1,"7":1,"8":1,"9":1},"f":{"0":2,"1":2},"b":{}}
,"/home/juan/WebstormProjects/PortfolioNest/Portfolio/Files/Application/UploadFile.ts": {"path":"/home/juan/WebstormProjects/PortfolioNest/Portfolio/Files/Application/UploadFile.ts","statementMap":{"0":{"start":{"line":5,"column":0},"end":{"line":5,"column":38}},"1":{"start":{"line":6,"column":0},"end":{"line":6,"column":41}},"2":{"start":{"line":7,"column":0},"end":{"line":7,"column":54}},"3":{"start":{"line":8,"column":0},"end":{"line":8,"column":58}},"4":{"start":{"line":9,"column":0},"end":{"line":9,"column":58}},"5":{"start":{"line":10,"column":0},"end":{"line":10,"column":58}},"6":{"start":{"line":11,"column":0},"end":{"line":11,"column":58}},"7":{"start":{"line":12,"column":0},"end":{"line":12,"column":60}},"8":{"start":{"line":13,"column":0},"end":{"line":13,"column":56}},"9":{"start":{"line":16,"column":21},"end":{"line":16,"column":45}},"10":{"start":{"line":17,"column":21},"end":{"line":17,"column":51}},"11":{"start":{"line":20,"column":17},"end":{"line":27,"column":null}},"12":{"start":{"line":30,"column":4},"end":{"line":30,"column":67}},"13":{"start":{"line":33,"column":4},"end":{"line":33,"column":37}},"14":{"start":{"line":34,"column":4},"end":{"line":34,"column":16}},"15":{"start":{"line":14,"column":0},"end":{"line":14,"column":13}}},"fnMap":{"0":{"name":"(anonymous_0)","decl":{"start":{"line":15,"column":2},"end":{"line":15,"column":null}},"loc":{"start":{"line":17,"column":51},"end":{"line":18,"column":6}}},"1":{"name":"(anonymous_1)","decl":{"start":{"line":19,"column":2},"end":{"line":19,"column":7}},"loc":{"start":{"line":19,"column":38},"end":{"line":35,"column":3}}}},"branchMap":{},"s":{"0":1,"1":1,"2":1,"3":1,"4":1,"5":1,"6":1,"7":1,"8":1,"9":1,"10":1,"11":1,"12":1,"13":1,"14":1,"15":1},"f":{"0":1,"1":1},"b":{}}
,"/home/juan/WebstormProjects/PortfolioNest/Portfolio/Files/Application/DTO/FileResponse.ts": {"path":"/home/juan/WebstormProjects/PortfolioNest/Portfolio/Files/Application/DTO/FileResponse.ts","statementMap":{"0":{"start":{"line":6,"column":4},"end":{"line":14,"column":6}},"1":{"start":{"line":4,"column":0},"end":{"line":4,"column":13}}},"fnMap":{"0":{"name":"(anonymous_0)","decl":{"start":{"line":5,"column":2},"end":{"line":5,"column":10}},"loc":{"start":{"line":5,"column":21},"end":{"line":15,"column":3}}}},"branchMap":{},"s":{"0":5,"1":3},"f":{"0":5},"b":{}}
,"/home/juan/WebstormProjects/PortfolioNest/Portfolio/Files/Application/DTO/UpdateFileRequest.ts": {"path":"/home/juan/WebstormProjects/PortfolioNest/Portfolio/Files/Application/DTO/UpdateFileRequest.ts","statementMap":{"0":{"start":{"line":3,"column":20},"end":{"line":3,"column":30}},"1":{"start":{"line":4,"column":20},"end":{"line":4,"column":33}},"2":{"start":{"line":5,"column":20},"end":{"line":5,"column":31}},"3":{"start":{"line":1,"column":0},"end":{"line":1,"column":13}}},"fnMap":{"0":{"name":"(anonymous_0)","decl":{"start":{"line":2,"column":2},"end":{"line":2,"column":null}},"loc":{"start":{"line":5,"column":31},"end":{"line":6,"column":6}}}},"branchMap":{},"s":{"0":2,"1":2,"2":2,"3":1},"f":{"0":2},"b":{}}
,"/home/juan/WebstormProjects/PortfolioNest/Portfolio/Files/Application/DTO/UploadFileRequest.ts": {"path":"/home/juan/WebstormProjects/PortfolioNest/Portfolio/Files/Application/DTO/UploadFileRequest.ts","statementMap":{"0":{"start":{"line":3,"column":20},"end":{"line":3,"column":32}},"1":{"start":{"line":4,"column":20},"end":{"line":4,"column":32}},"2":{"start":{"line":5,"column":20},"end":{"line":5,"column":32}},"3":{"start":{"line":6,"column":20},"end":{"line":6,"column":33}},"4":{"start":{"line":7,"column":20},"end":{"line":7,"column":31}},"5":{"start":{"line":8,"column":20},"end":{"line":8,"column":34}},"6":{"start":{"line":1,"column":0},"end":{"line":1,"column":13}}},"fnMap":{"0":{"name":"(anonymous_0)","decl":{"start":{"line":2,"column":2},"end":{"line":2,"column":null}},"loc":{"start":{"line":8,"column":34},"end":{"line":9,"column":6}}}},"branchMap":{},"s":{"0":5,"1":5,"2":5,"3":5,"4":5,"5":5,"6":5},"f":{"0":5},"b":{}}
,"/home/juan/WebstormProjects/PortfolioNest/Portfolio/Files/Domain/File.ts": {"path":"/home/juan/WebstormProjects/PortfolioNest/Portfolio/Files/Domain/File.ts","statementMap":{"0":{"start":{"line":11,"column":12},"end":{"line":11,"column":23}},"1":{"start":{"line":12,"column":12},"end":{"line":12,"column":27}},"2":{"start":{"line":13,"column":12},"end":{"line":13,"column":27}},"3":{"start":{"line":14,"column":12},"end":{"line":14,"column":27}},"4":{"start":{"line":15,"column":12},"end":{"line":15,"column":27}},"5":{"start":{"line":16,"column":12},"end":{"line":16,"column":29}},"6":{"start":{"line":17,"column":12},"end":{"line":17,"column":25}},"7":{"start":{"line":18,"column":12},"end":{"line":18,"column":28}},"8":{"start":{"line":30,"column":4},"end":{"line":30,"column":60}},"9":{"start":{"line":34,"column":4},"end":{"line":34,"column":24}},"10":{"start":{"line":38,"column":4},"end":{"line":38,"column":26}},"11":{"start":{"line":42,"column":4},"end":{"line":42,"column":20}},"12":{"start":{"line":46,"column":4},"end":{"line":46,"column":21}},"13":{"start":{"line":50,"column":4},"end":{"line":50,"column":22}},"14":{"start":{"line":54,"column":4},"end":{"line":54,"column":23}},"15":{"start":{"line":58,"column":4},"end":{"line":58,"column":22}},"16":{"start":{"line":62,"column":4},"end":{"line":62,"column":23}},"17":{"start":{"line":66,"column":4},"end":{"line":66,"column":22}},"18":{"start":{"line":70,"column":4},"end":{"line":70,"column":23}},"19":{"start":{"line":74,"column":4},"end":{"line":74,"column":22}},"20":{"start":{"line":78,"column":4},"end":{"line":78,"column":23}},"21":{"start":{"line":82,"column":4},"end":{"line":82,"column":23}},"22":{"start":{"line":86,"column":4},"end":{"line":86,"column":24}},"23":{"start":{"line":90,"column":4},"end":{"line":90,"column":21}},"24":{"start":{"line":94,"column":4},"end":{"line":94,"column":22}},"25":{"start":{"line":9,"column":0},"end":{"line":9,"column":13}}},"fnMap":{"0":{"name":"(anonymous_0)","decl":{"start":{"line":10,"column":2},"end":{"line":10,"column":null}},"loc":{"start":{"line":18,"column":28},"end":{"line":19,"column":6}}},"1":{"name":"(anonymous_1)","decl":{"start":{"line":21,"column":9},"end":{"line":21,"column":15}},"loc":{"start":{"line":28,"column":16},"end":{"line":31,"column":3}}},"2":{"name":"(anonymous_2)","decl":{"start":{"line":33,"column":2},"end":{"line":33,"column":6}},"loc":{"start":{"line":33,"column":12},"end":{"line":35,"column":3}}},"3":{"name":"(anonymous_3)","decl":{"start":{"line":37,"column":2},"end":{"line":37,"column":6}},"loc":{"start":{"line":37,"column":27},"end":{"line":39,"column":3}}},"4":{"name":"(anonymous_4)","decl":{"start":{"line":41,"column":2},"end":{"line":41,"column":6}},"loc":{"start":{"line":41,"column":8},"end":{"line":43,"column":3}}},"5":{"name":"(anonymous_5)","decl":{"start":{"line":45,"column":2},"end":{"line":45,"column":6}},"loc":{"start":{"line":45,"column":22},"end":{"line":47,"column":3}}},"6":{"name":"(anonymous_6)","decl":{"start":{"line":49,"column":2},"end":{"line":49,"column":6}},"loc":{"start":{"line":49,"column":10},"end":{"line":51,"column":3}}},"7":{"name":"(anonymous_7)","decl":{"start":{"line":53,"column":2},"end":{"line":53,"column":6}},"loc":{"start":{"line":53,"column":26},"end":{"line":55,"column":3}}},"8":{"name":"(anonymous_8)","decl":{"start":{"line":57,"column":2},"end":{"line":57,"column":6}},"loc":{"start":{"line":57,"column":10},"end":{"line":59,"column":3}}},"9":{"name":"(anonymous_9)","decl":{"start":{"line":61,"column":2},"end":{"line":61,"column":6}},"loc":{"start":{"line":61,"column":26},"end":{"line":63,"column":3}}},"10":{"name":"(anonymous_10)","decl":{"start":{"line":65,"column":2},"end":{"line":65,"column":6}},"loc":{"start":{"line":65,"column":10},"end":{"line":67,"column":3}}},"11":{"name":"(anonymous_11)","decl":{"start":{"line":69,"column":2},"end":{"line":69,"column":6}},"loc":{"start":{"line":69,"column":26},"end":{"line":71,"column":3}}},"12":{"name":"(anonymous_12)","decl":{"start":{"line":73,"column":2},"end":{"line":73,"column":6}},"loc":{"start":{"line":73,"column":10},"end":{"line":75,"column":3}}},"13":{"name":"(anonymous_13)","decl":{"start":{"line":77,"column":2},"end":{"line":77,"column":6}},"loc":{"start":{"line":77,"column":26},"end":{"line":79,"column":3}}},"14":{"name":"(anonymous_14)","decl":{"start":{"line":81,"column":2},"end":{"line":81,"column":6}},"loc":{"start":{"line":81,"column":11},"end":{"line":83,"column":3}}},"15":{"name":"(anonymous_15)","decl":{"start":{"line":85,"column":2},"end":{"line":85,"column":6}},"loc":{"start":{"line":85,"column":28},"end":{"line":87,"column":3}}},"16":{"name":"(anonymous_16)","decl":{"start":{"line":89,"column":2},"end":{"line":89,"column":6}},"loc":{"start":{"line":89,"column":9},"end":{"line":91,"column":3}}},"17":{"name":"(anonymous_17)","decl":{"start":{"line":93,"column":2},"end":{"line":93,"column":6}},"loc":{"start":{"line":93,"column":24},"end":{"line":95,"column":3}}}},"branchMap":{},"s":{"0":21,"1":21,"2":21,"3":21,"4":21,"5":21,"6":21,"7":21,"8":21,"9":3,"10":1,"11":13,"12":0,"13":9,"14":0,"15":7,"16":0,"17":7,"18":0,"19":9,"20":0,"21":8,"22":2,"23":8,"24":2,"25":14},"f":{"0":21,"1":21,"2":3,"3":1,"4":13,"5":0,"6":9,"7":0,"8":7,"9":0,"10":7,"11":0,"12":9,"13":0,"14":8,"15":2,"16":8,"17":2},"b":{}}
,"/home/juan/WebstormProjects/PortfolioNest/Portfolio/Files/Domain/ValueObject/FileAlt.ts": {"path":"/home/juan/WebstormProjects/PortfolioNest/Portfolio/Files/Domain/ValueObject/FileAlt.ts","statementMap":{"0":{"start":{"line":1,"column":0},"end":{"line":1,"column":77}},"1":{"start":{"line":7,"column":4},"end":{"line":7,"column":48}},"2":{"start":{"line":11,"column":4},"end":{"line":11,"column":29}},"3":{"start":{"line":15,"column":4},"end":{"line":15,"column":22}},"4":{"start":{"line":3,"column":0},"end":{"line":3,"column":13}}},"fnMap":{"0":{"name":"(anonymous_0)","decl":{"start":{"line":6,"column":2},"end":{"line":6,"column":22}},"loc":{"start":{"line":6,"column":34},"end":{"line":8,"column":3}}},"1":{"name":"(anonymous_1)","decl":{"start":{"line":10,"column":9},"end":{"line":10,"column":15}},"loc":{"start":{"line":10,"column":35},"end":{"line":12,"column":3}}},"2":{"name":"(anonymous_2)","decl":{"start":{"line":14,"column":2},"end":{"line":14,"column":6}},"loc":{"start":{"line":14,"column":9},"end":{"line":16,"column":3}}}},"branchMap":{},"s":{"0":14,"1":20,"2":20,"3":8,"4":14},"f":{"0":20,"1":20,"2":8},"b":{}}
,"/home/juan/WebstormProjects/PortfolioNest/Portfolio/Files/Domain/ValueObject/FileId.ts": {"path":"/home/juan/WebstormProjects/PortfolioNest/Portfolio/Files/Domain/ValueObject/FileId.ts","statementMap":{"0":{"start":{"line":1,"column":0},"end":{"line":1,"column":69}},"1":{"start":{"line":7,"column":4},"end":{"line":7,"column":39}},"2":{"start":{"line":11,"column":4},"end":{"line":11,"column":26}},"3":{"start":{"line":14,"column":4},"end":{"line":14,"column":19}},"4":{"start":{"line":3,"column":0},"end":{"line":3,"column":13}}},"fnMap":{"0":{"name":"(anonymous_0)","decl":{"start":{"line":6,"column":2},"end":{"line":6,"column":22}},"loc":{"start":{"line":6,"column":32},"end":{"line":8,"column":3}}},"1":{"name":"(anonymous_1)","decl":{"start":{"line":10,"column":9},"end":{"line":10,"column":15}},"loc":{"start":{"line":10,"column":33},"end":{"line":12,"column":3}}},"2":{"name":"(anonymous_2)","decl":{"start":{"line":13,"column":2},"end":{"line":13,"column":6}},"loc":{"start":{"line":13,"column":12},"end":{"line":15,"column":3}}}},"branchMap":{},"s":{"0":14,"1":18,"2":18,"3":11,"4":14},"f":{"0":18,"1":18,"2":11},"b":{}}
,"/home/juan/WebstormProjects/PortfolioNest/Portfolio/Files/Domain/ValueObject/FileName.ts": {"path":"/home/juan/WebstormProjects/PortfolioNest/Portfolio/Files/Domain/ValueObject/FileName.ts","statementMap":{"0":{"start":{"line":1,"column":0},"end":{"line":1,"column":77}},"1":{"start":{"line":7,"column":4},"end":{"line":7,"column":48}},"2":{"start":{"line":11,"column":4},"end":{"line":11,"column":30}},"3":{"start":{"line":15,"column":4},"end":{"line":15,"column":22}},"4":{"start":{"line":3,"column":0},"end":{"line":3,"column":13}}},"fnMap":{"0":{"name":"(anonymous_0)","decl":{"start":{"line":6,"column":2},"end":{"line":6,"column":22}},"loc":{"start":{"line":6,"column":34},"end":{"line":8,"column":3}}},"1":{"name":"(anonymous_1)","decl":{"start":{"line":10,"column":9},"end":{"line":10,"column":15}},"loc":{"start":{"line":10,"column":35},"end":{"line":12,"column":3}}},"2":{"name":"(anonymous_2)","decl":{"start":{"line":14,"column":2},"end":{"line":14,"column":6}},"loc":{"start":{"line":14,"column":10},"end":{"line":16,"column":3}}}},"branchMap":{},"s":{"0":14,"1":18,"2":18,"3":9,"4":14},"f":{"0":18,"1":18,"2":9},"b":{}}
,"/home/juan/WebstormProjects/PortfolioNest/Portfolio/Files/Domain/ValueObject/FilePath.ts": {"path":"/home/juan/WebstormProjects/PortfolioNest/Portfolio/Files/Domain/ValueObject/FilePath.ts","statementMap":{"0":{"start":{"line":1,"column":0},"end":{"line":1,"column":77}},"1":{"start":{"line":7,"column":4},"end":{"line":7,"column":48}},"2":{"start":{"line":11,"column":4},"end":{"line":11,"column":30}},"3":{"start":{"line":15,"column":4},"end":{"line":15,"column":22}},"4":{"start":{"line":3,"column":0},"end":{"line":3,"column":13}}},"fnMap":{"0":{"name":"(anonymous_0)","decl":{"start":{"line":6,"column":2},"end":{"line":6,"column":22}},"loc":{"start":{"line":6,"column":34},"end":{"line":8,"column":3}}},"1":{"name":"(anonymous_1)","decl":{"start":{"line":10,"column":9},"end":{"line":10,"column":15}},"loc":{"start":{"line":10,"column":35},"end":{"line":12,"column":3}}},"2":{"name":"(anonymous_2)","decl":{"start":{"line":14,"column":2},"end":{"line":14,"column":6}},"loc":{"start":{"line":14,"column":10},"end":{"line":16,"column":3}}}},"branchMap":{},"s":{"0":14,"1":18,"2":18,"3":8,"4":14},"f":{"0":18,"1":18,"2":8},"b":{}}
,"/home/juan/WebstormProjects/PortfolioNest/Portfolio/Files/Domain/ValueObject/FileSize.ts": {"path":"/home/juan/WebstormProjects/PortfolioNest/Portfolio/Files/Domain/ValueObject/FileSize.ts","statementMap":{"0":{"start":{"line":5,"column":4},"end":{"line":5,"column":48}},"1":{"start":{"line":9,"column":4},"end":{"line":9,"column":79}},"2":{"start":{"line":9,"column":46},"end":{"line":9,"column":79}},"3":{"start":{"line":10,"column":4},"end":{"line":10,"column":31}},"4":{"start":{"line":14,"column":4},"end":{"line":14,"column":77}},"5":{"start":{"line":14,"column":40},"end":{"line":14,"column":77}},"6":{"start":{"line":15,"column":4},"end":{"line":15,"column":35}},"7":{"start":{"line":19,"column":4},"end":{"line":19,"column":77}},"8":{"start":{"line":19,"column":40},"end":{"line":19,"column":77}},"9":{"start":{"line":20,"column":4},"end":{"line":20,"column":42}},"10":{"start":{"line":24,"column":4},"end":{"line":24,"column":77}},"11":{"start":{"line":24,"column":40},"end":{"line":24,"column":77}},"12":{"start":{"line":25,"column":4},"end":{"line":25,"column":49}},"13":{"start":{"line":29,"column":14},"end":{"line":29,"column":40}},"14":{"start":{"line":30,"column":14},"end":{"line":30,"column":54}},"15":{"start":{"line":31,"column":4},"end":{"line":31,"column":51}},"16":{"start":{"line":31,"column":12},"end":{"line":31,"column":51}},"17":{"start":{"line":32,"column":18},"end":{"line":32,"column":34}},"18":{"start":{"line":33,"column":17},"end":{"line":33,"column":28}},"19":{"start":{"line":34,"column":4},"end":{"line":47,"column":5}},"20":{"start":{"line":36,"column":8},"end":{"line":36,"column":41}},"21":{"start":{"line":38,"column":8},"end":{"line":38,"column":45}},"22":{"start":{"line":40,"column":8},"end":{"line":40,"column":45}},"23":{"start":{"line":42,"column":8},"end":{"line":42,"column":45}},"24":{"start":{"line":44,"column":8},"end":{"line":44,"column":52}},"25":{"start":{"line":46,"column":8},"end":{"line":46,"column":44}},"26":{"start":{"line":51,"column":4},"end":{"line":51,"column":22}},"27":{"start":{"line":55,"column":4},"end":{"line":55,"column":29}},"28":{"start":{"line":59,"column":4},"end":{"line":59,"column":38}},"29":{"start":{"line":63,"column":4},"end":{"line":63,"column":45}},"30":{"start":{"line":67,"column":4},"end":{"line":67,"column":56}},"31":{"start":{"line":71,"column":19},"end":{"line":71,"column":43}},"32":{"start":{"line":72,"column":4},"end":{"line":72,"column":67}},"33":{"start":{"line":72,"column":20},"end":{"line":72,"column":67}},"34":{"start":{"line":73,"column":4},"end":{"line":73,"column":38}},"35":{"start":{"line":77,"column":4},"end":{"line":77,"column":38}},"36":{"start":{"line":81,"column":4},"end":{"line":81,"column":36}},"37":{"start":{"line":85,"column":14},"end":{"line":85,"column":24}},"38":{"start":{"line":86,"column":4},"end":{"line":86,"column":78}},"39":{"start":{"line":86,"column":33},"end":{"line":86,"column":78}},"40":{"start":{"line":87,"column":4},"end":{"line":87,"column":71}},"41":{"start":{"line":87,"column":26},"end":{"line":87,"column":71}},"42":{"start":{"line":88,"column":4},"end":{"line":88,"column":64}},"43":{"start":{"line":88,"column":19},"end":{"line":88,"column":64}},"44":{"start":{"line":89,"column":4},"end":{"line":89,"column":20}},"45":{"start":{"line":93,"column":4},"end":{"line":93,"column":22}},"46":{"start":{"line":1,"column":0},"end":{"line":1,"column":13}}},"fnMap":{"0":{"name":"(anonymous_0)","decl":{"start":{"line":4,"column":2},"end":{"line":4,"column":22}},"loc":{"start":{"line":4,"column":35},"end":{"line":6,"column":3}}},"1":{"name":"(anonymous_1)","decl":{"start":{"line":8,"column":2},"end":{"line":8,"column":8}},"loc":{"start":{"line":8,"column":32},"end":{"line":11,"column":3}}},"2":{"name":"(anonymous_2)","decl":{"start":{"line":13,"column":2},"end":{"line":13,"column":8}},"loc":{"start":{"line":13,"column":33},"end":{"line":16,"column":3}}},"3":{"name":"(anonymous_3)","decl":{"start":{"line":18,"column":2},"end":{"line":18,"column":8}},"loc":{"start":{"line":18,"column":33},"end":{"line":21,"column":3}}},"4":{"name":"(anonymous_4)","decl":{"start":{"line":23,"column":2},"end":{"line":23,"column":8}},"loc":{"start":{"line":23,"column":33},"end":{"line":26,"column":3}}},"5":{"name":"(anonymous_5)","decl":{"start":{"line":28,"column":2},"end":{"line":28,"column":8}},"loc":{"start":{"line":28,"column":28},"end":{"line":48,"column":3}}},"6":{"name":"(anonymous_6)","decl":{"start":{"line":50,"column":2},"end":{"line":50,"column":10}},"loc":{"start":{"line":50,"column":10},"end":{"line":52,"column":3}}},"7":{"name":"(anonymous_7)","decl":{"start":{"line":54,"column":2},"end":{"line":54,"column":13}},"loc":{"start":{"line":54,"column":13},"end":{"line":56,"column":3}}},"8":{"name":"(anonymous_8)","decl":{"start":{"line":58,"column":2},"end":{"line":58,"column":13}},"loc":{"start":{"line":58,"column":13},"end":{"line":60,"column":3}}},"9":{"name":"(anonymous_9)","decl":{"start":{"line":62,"column":2},"end":{"line":62,"column":13}},"loc":{"start":{"line":62,"column":13},"end":{"line":64,"column":3}}},"10":{"name":"(anonymous_10)","decl":{"start":{"line":66,"column":2},"end":{"line":66,"column":5}},"loc":{"start":{"line":66,"column":21},"end":{"line":68,"column":3}}},"11":{"name":"(anonymous_11)","decl":{"start":{"line":70,"column":2},"end":{"line":70,"column":10}},"loc":{"start":{"line":70,"column":26},"end":{"line":74,"column":3}}},"12":{"name":"(anonymous_12)","decl":{"start":{"line":76,"column":2},"end":{"line":76,"column":8}},"loc":{"start":{"line":76,"column":24},"end":{"line":78,"column":3}}},"13":{"name":"(anonymous_13)","decl":{"start":{"line":80,"column":2},"end":{"line":80,"column":11}},"loc":{"start":{"line":80,"column":27},"end":{"line":82,"column":3}}},"14":{"name":"(anonymous_14)","decl":{"start":{"line":84,"column":2},"end":{"line":84,"column":10}},"loc":{"start":{"line":84,"column":10},"end":{"line":90,"column":3}}},"15":{"name":"(anonymous_15)","decl":{"start":{"line":92,"column":2},"end":{"line":92,"column":8}},"loc":{"start":{"line":92,"column":8},"end":{"line":94,"column":3}}}},"branchMap":{"0":{"loc":{"start":{"line":9,"column":4},"end":{"line":9,"column":79}},"type":"if","locations":[{"start":{"line":9,"column":4},"end":{"line":9,"column":79}},{"start":{},"end":{}}]},"1":{"loc":{"start":{"line":9,"column":8},"end":{"line":9,"column":44}},"type":"binary-expr","locations":[{"start":{"line":9,"column":8},"end":{"line":9,"column":31}},{"start":{"line":9,"column":35},"end":{"line":9,"column":44}}]},"2":{"loc":{"start":{"line":14,"column":4},"end":{"line":14,"column":77}},"type":"if","locations":[{"start":{"line":14,"column":4},"end":{"line":14,"column":77}},{"start":{},"end":{}}]},"3":{"loc":{"start":{"line":14,"column":8},"end":{"line":14,"column":38}},"type":"binary-expr","locations":[{"start":{"line":14,"column":8},"end":{"line":14,"column":28}},{"start":{"line":14,"column":32},"end":{"line":14,"column":38}}]},"4":{"loc":{"start":{"line":19,"column":4},"end":{"line":19,"column":77}},"type":"if","locations":[{"start":{"line":19,"column":4},"end":{"line":19,"column":77}},{"start":{},"end":{}}]},"5":{"loc":{"start":{"line":19,"column":8},"end":{"line":19,"column":38}},"type":"binary-expr","locations":[{"start":{"line":19,"column":8},"end":{"line":19,"column":28}},{"start":{"line":19,"column":32},"end":{"line":19,"column":38}}]},"6":{"loc":{"start":{"line":24,"column":4},"end":{"line":24,"column":77}},"type":"if","locations":[{"start":{"line":24,"column":4},"end":{"line":24,"column":77}},{"start":{},"end":{}}]},"7":{"loc":{"start":{"line":24,"column":8},"end":{"line":24,"column":38}},"type":"binary-expr","locations":[{"start":{"line":24,"column":8},"end":{"line":24,"column":28}},{"start":{"line":24,"column":32},"end":{"line":24,"column":38}}]},"8":{"loc":{"start":{"line":31,"column":4},"end":{"line":31,"column":51}},"type":"if","locations":[{"start":{"line":31,"column":4},"end":{"line":31,"column":51}},{"start":{},"end":{}}]},"9":{"loc":{"start":{"line":33,"column":17},"end":{"line":33,"column":28}},"type":"binary-expr","locations":[{"start":{"line":33,"column":17},"end":{"line":33,"column":21}},{"start":{"line":33,"column":25},"end":{"line":33,"column":28}}]},"10":{"loc":{"start":{"line":34,"column":4},"end":{"line":47,"column":5}},"type":"switch","locations":[{"start":{"line":35,"column":6},"end":{"line":36,"column":41}},{"start":{"line":37,"column":6},"end":{"line":38,"column":45}},{"start":{"line":39,"column":6},"end":{"line":40,"column":45}},{"start":{"line":41,"column":6},"end":{"line":42,"column":45}},{"start":{"line":43,"column":6},"end":{"line":44,"column":52}},{"start":{"line":45,"column":6},"end":{"line":46,"column":44}}]},"11":{"loc":{"start":{"line":72,"column":4},"end":{"line":72,"column":67}},"type":"if","locations":[{"start":{"line":72,"column":4},"end":{"line":72,"column":67}},{"start":{},"end":{}}]},"12":{"loc":{"start":{"line":86,"column":4},"end":{"line":86,"column":78}},"type":"if","locations":[{"start":{"line":86,"column":4},"end":{"line":86,"column":78}},{"start":{},"end":{}}]},"13":{"loc":{"start":{"line":87,"column":4},"end":{"line":87,"column":71}},"type":"if","locations":[{"start":{"line":87,"column":4},"end":{"line":87,"column":71}},{"start":{},"end":{}}]},"14":{"loc":{"start":{"line":88,"column":4},"end":{"line":88,"column":64}},"type":"if","locations":[{"start":{"line":88,"column":4},"end":{"line":88,"column":64}},{"start":{},"end":{}}]}},"s":{"0":18,"1":2,"2":0,"3":2,"4":16,"5":0,"6":16,"7":0,"8":0,"9":0,"10":0,"11":0,"12":0,"13":0,"14":0,"15":0,"16":0,"17":0,"18":0,"19":0,"20":0,"21":0,"22":0,"23":0,"24":0,"25":0,"26":1,"27":0,"28":2,"29":3,"30":0,"31":0,"32":0,"33":0,"34":0,"35":0,"36":0,"37":5,"38":5,"39":3,"40":2,"41":2,"42":0,"43":0,"44":0,"45":0,"46":14},"f":{"0":18,"1":2,"2":16,"3":0,"4":0,"5":0,"6":1,"7":0,"8":2,"9":3,"10":0,"11":0,"12":0,"13":0,"14":5,"15":0},"b":{"0":[0,2],"1":[2,2],"2":[0,16],"3":[16,16],"4":[0,0],"5":[0,0],"6":[0,0],"7":[0,0],"8":[0,0],"9":[0,0],"10":[0,0,0,0,0,0],"11":[0,0],"12":[3,2],"13":[2,0],"14":[0,0]}}
,"/home/juan/WebstormProjects/PortfolioNest/Portfolio/Files/Domain/ValueObject/FileTitle.ts": {"path":"/home/juan/WebstormProjects/PortfolioNest/Portfolio/Files/Domain/ValueObject/FileTitle.ts","statementMap":{"0":{"start":{"line":1,"column":0},"end":{"line":1,"column":77}},"1":{"start":{"line":7,"column":4},"end":{"line":7,"column":48}},"2":{"start":{"line":11,"column":4},"end":{"line":11,"column":31}},"3":{"start":{"line":15,"column":4},"end":{"line":15,"column":22}},"4":{"start":{"line":3,"column":0},"end":{"line":3,"column":13}}},"fnMap":{"0":{"name":"(anonymous_0)","decl":{"start":{"line":6,"column":2},"end":{"line":6,"column":22}},"loc":{"start":{"line":6,"column":34},"end":{"line":8,"column":3}}},"1":{"name":"(anonymous_1)","decl":{"start":{"line":10,"column":9},"end":{"line":10,"column":15}},"loc":{"start":{"line":10,"column":35},"end":{"line":12,"column":3}}},"2":{"name":"(anonymous_2)","decl":{"start":{"line":14,"column":2},"end":{"line":14,"column":6}},"loc":{"start":{"line":14,"column":11},"end":{"line":16,"column":3}}}},"branchMap":{},"s":{"0":14,"1":20,"2":20,"3":8,"4":14},"f":{"0":20,"1":20,"2":8},"b":{}}
,"/home/juan/WebstormProjects/PortfolioNest/Portfolio/Files/Domain/ValueObject/FileType.ts": {"path":"/home/juan/WebstormProjects/PortfolioNest/Portfolio/Files/Domain/ValueObject/FileType.ts","statementMap":{"0":{"start":{"line":1,"column":0},"end":{"line":1,"column":77}},"1":{"start":{"line":7,"column":4},"end":{"line":7,"column":48}},"2":{"start":{"line":11,"column":4},"end":{"line":11,"column":30}},"3":{"start":{"line":15,"column":4},"end":{"line":15,"column":22}},"4":{"start":{"line":3,"column":0},"end":{"line":3,"column":13}}},"fnMap":{"0":{"name":"(anonymous_0)","decl":{"start":{"line":6,"column":2},"end":{"line":6,"column":22}},"loc":{"start":{"line":6,"column":34},"end":{"line":8,"column":3}}},"1":{"name":"(anonymous_1)","decl":{"start":{"line":10,"column":9},"end":{"line":10,"column":15}},"loc":{"start":{"line":10,"column":35},"end":{"line":12,"column":3}}},"2":{"name":"(anonymous_2)","decl":{"start":{"line":14,"column":2},"end":{"line":14,"column":6}},"loc":{"start":{"line":14,"column":10},"end":{"line":16,"column":3}}}},"branchMap":{},"s":{"0":14,"1":18,"2":18,"3":6,"4":14},"f":{"0":18,"1":18,"2":6},"b":{}}
,"/home/juan/WebstormProjects/PortfolioNest/Portfolio/Images/Application/DeleteImage.ts": {"path":"/home/juan/WebstormProjects/PortfolioNest/Portfolio/Images/Application/DeleteImage.ts","statementMap":{"0":{"start":{"line":11,"column":21},"end":{"line":11,"column":38}},"1":{"start":{"line":12,"column":21},"end":{"line":12,"column":43}},"2":{"start":{"line":13,"column":21},"end":{"line":13,"column":52}},"3":{"start":{"line":17,"column":18},"end":{"line":17,"column":52}},"4":{"start":{"line":18,"column":4},"end":{"line":18,"column":67}},"5":{"start":{"line":19,"column":4},"end":{"line":19,"column":51}},"6":{"start":{"line":20,"column":4},"end":{"line":20,"column":38}},"7":{"start":{"line":7,"column":0},"end":{"line":7,"column":13}}},"fnMap":{"0":{"name":"(anonymous_0)","decl":{"start":{"line":10,"column":2},"end":{"line":10,"column":null}},"loc":{"start":{"line":13,"column":52},"end":{"line":14,"column":6}}},"1":{"name":"(anonymous_1)","decl":{"start":{"line":16,"column":2},"end":{"line":16,"column":7}},"loc":{"start":{"line":16,"column":43},"end":{"line":21,"column":3}}}},"branchMap":{},"s":{"0":2,"1":2,"2":2,"3":2,"4":1,"5":1,"6":1,"7":1},"f":{"0":2,"1":2},"b":{}}
,"/home/juan/WebstormProjects/PortfolioNest/Portfolio/Images/Application/GetImageById.ts": {"path":"/home/juan/WebstormProjects/PortfolioNest/Portfolio/Images/Application/GetImageById.ts","statementMap":{"0":{"start":{"line":7,"column":21},"end":{"line":7,"column":51}},"1":{"start":{"line":11,"column":18},"end":{"line":11,"column":56}},"2":{"start":{"line":12,"column":4},"end":{"line":14,"column":5}},"3":{"start":{"line":13,"column":6},"end":{"line":13,"column":41}},"4":{"start":{"line":15,"column":4},"end":{"line":15,"column":17}},"5":{"start":{"line":5,"column":0},"end":{"line":5,"column":13}}},"fnMap":{"0":{"name":"(anonymous_0)","decl":{"start":{"line":6,"column":2},"end":{"line":6,"column":null}},"loc":{"start":{"line":7,"column":51},"end":{"line":8,"column":6}}},"1":{"name":"(anonymous_1)","decl":{"start":{"line":10,"column":2},"end":{"line":10,"column":7}},"loc":{"start":{"line":10,"column":26},"end":{"line":16,"column":3}}}},"branchMap":{"0":{"loc":{"start":{"line":12,"column":4},"end":{"line":14,"column":5}},"type":"if","locations":[{"start":{"line":12,"column":4},"end":{"line":14,"column":5}},{"start":{},"end":{}}]}},"s":{"0":2,"1":2,"2":2,"3":1,"4":1,"5":1},"f":{"0":2,"1":2},"b":{"0":[1,1]}}
,"/home/juan/WebstormProjects/PortfolioNest/Portfolio/Images/Application/UploadImage.ts": {"path":"/home/juan/WebstormProjects/PortfolioNest/Portfolio/Images/Application/UploadImage.ts","statementMap":{"0":{"start":{"line":5,"column":0},"end":{"line":5,"column":40}},"1":{"start":{"line":6,"column":0},"end":{"line":6,"column":41}},"2":{"start":{"line":7,"column":0},"end":{"line":7,"column":64}},"3":{"start":{"line":8,"column":0},"end":{"line":8,"column":62}},"4":{"start":{"line":9,"column":0},"end":{"line":9,"column":56}},"5":{"start":{"line":15,"column":21},"end":{"line":15,"column":43}},"6":{"start":{"line":16,"column":21},"end":{"line":16,"column":52}},"7":{"start":{"line":20,"column":17},"end":{"line":20,"column":60}},"8":{"start":{"line":21,"column":18},"end":{"line":25,"column":null}},"9":{"start":{"line":27,"column":4},"end":{"line":27,"column":38}},"10":{"start":{"line":28,"column":4},"end":{"line":28,"column":17}},"11":{"start":{"line":11,"column":0},"end":{"line":11,"column":13}}},"fnMap":{"0":{"name":"(anonymous_0)","decl":{"start":{"line":14,"column":2},"end":{"line":14,"column":null}},"loc":{"start":{"line":16,"column":52},"end":{"line":17,"column":6}}},"1":{"name":"(anonymous_1)","decl":{"start":{"line":19,"column":2},"end":{"line":19,"column":7}},"loc":{"start":{"line":19,"column":43},"end":{"line":29,"column":3}}}},"branchMap":{},"s":{"0":1,"1":1,"2":1,"3":1,"4":1,"5":2,"6":2,"7":2,"8":1,"9":1,"10":1,"11":1},"f":{"0":2,"1":2},"b":{}}
,"/home/juan/WebstormProjects/PortfolioNest/Portfolio/Images/Application/DTO/DeleteImageRequest.ts": {"path":"/home/juan/WebstormProjects/PortfolioNest/Portfolio/Images/Application/DTO/DeleteImageRequest.ts","statementMap":{"0":{"start":{"line":2,"column":21},"end":{"line":2,"column":31}},"1":{"start":{"line":1,"column":0},"end":{"line":1,"column":13}}},"fnMap":{"0":{"name":"(anonymous_0)","decl":{"start":{"line":2,"column":2},"end":{"line":2,"column":21}},"loc":{"start":{"line":2,"column":31},"end":{"line":2,"column":35}}}},"branchMap":{},"s":{"0":4,"1":2},"f":{"0":4},"b":{}}
,"/home/juan/WebstormProjects/PortfolioNest/Portfolio/Images/Application/DTO/ImageResponse.ts": {"path":"/home/juan/WebstormProjects/PortfolioNest/Portfolio/Images/Application/DTO/ImageResponse.ts","statementMap":{"0":{"start":{"line":3,"column":0},"end":{"line":3,"column":75}},"1":{"start":{"line":7,"column":4},"end":{"line":13,"column":6}},"2":{"start":{"line":5,"column":0},"end":{"line":5,"column":13}}},"fnMap":{"0":{"name":"(anonymous_0)","decl":{"start":{"line":6,"column":2},"end":{"line":6,"column":10}},"loc":{"start":{"line":6,"column":22},"end":{"line":14,"column":3}}}},"branchMap":{},"s":{"0":2,"1":3,"2":2},"f":{"0":3},"b":{}}
,"/home/juan/WebstormProjects/PortfolioNest/Portfolio/Images/Application/DTO/ImageResponseCollection.ts": {"path":"/home/juan/WebstormProjects/PortfolioNest/Portfolio/Images/Application/DTO/ImageResponseCollection.ts","statementMap":{"0":{"start":{"line":3,"column":0},"end":{"line":3,"column":48}},"1":{"start":{"line":7,"column":4},"end":{"line":7,"column":40}},"2":{"start":{"line":7,"column":30},"end":{"line":7,"column":40}},"3":{"start":{"line":8,"column":22},"end":{"line":8,"column":41}},"4":{"start":{"line":9,"column":4},"end":{"line":9,"column":58}},"5":{"start":{"line":9,"column":31},"end":{"line":9,"column":56}},"6":{"start":{"line":5,"column":0},"end":{"line":5,"column":13}}},"fnMap":{"0":{"name":"(anonymous_0)","decl":{"start":{"line":6,"column":2},"end":{"line":6,"column":10}},"loc":{"start":{"line":6,"column":24},"end":{"line":10,"column":3}}},"1":{"name":"(anonymous_1)","decl":{"start":{"line":9,"column":20},"end":{"line":9,"column":21}},"loc":{"start":{"line":9,"column":31},"end":{"line":9,"column":56}}}},"branchMap":{"0":{"loc":{"start":{"line":7,"column":4},"end":{"line":7,"column":40}},"type":"if","locations":[{"start":{"line":7,"column":4},"end":{"line":7,"column":40}},{"start":{},"end":{}}]}},"s":{"0":1,"1":3,"2":1,"3":2,"4":2,"5":2,"6":1},"f":{"0":3,"1":2},"b":{"0":[1,2]}}
,"/home/juan/WebstormProjects/PortfolioNest/Portfolio/Images/Application/DTO/UploadImageRequest.ts": {"path":"/home/juan/WebstormProjects/PortfolioNest/Portfolio/Images/Application/DTO/UploadImageRequest.ts","statementMap":{"0":{"start":{"line":5,"column":20},"end":{"line":5,"column":33}},"1":{"start":{"line":6,"column":20},"end":{"line":6,"column":34}},"2":{"start":{"line":7,"column":20},"end":{"line":7,"column":43}},"3":{"start":{"line":3,"column":0},"end":{"line":3,"column":13}}},"fnMap":{"0":{"name":"(anonymous_0)","decl":{"start":{"line":4,"column":2},"end":{"line":4,"column":null}},"loc":{"start":{"line":7,"column":43},"end":{"line":8,"column":6}}}},"branchMap":{},"s":{"0":2,"1":2,"2":2,"3":2},"f":{"0":2},"b":{}}
,"/home/juan/WebstormProjects/PortfolioNest/Portfolio/Images/Domain/Image.ts": {"path":"/home/juan/WebstormProjects/PortfolioNest/Portfolio/Images/Domain/Image.ts","statementMap":{"0":{"start":{"line":10,"column":21},"end":{"line":10,"column":33}},"1":{"start":{"line":11,"column":21},"end":{"line":11,"column":32}},"2":{"start":{"line":12,"column":21},"end":{"line":12,"column":39}},"3":{"start":{"line":13,"column":21},"end":{"line":13,"column":41}},"4":{"start":{"line":14,"column":12},"end":{"line":14,"column":33}},"5":{"start":{"line":15,"column":12},"end":{"line":15,"column":36}},"6":{"start":{"line":26,"column":4},"end":{"line":26,"column":70}},"7":{"start":{"line":30,"column":4},"end":{"line":30,"column":20}},"8":{"start":{"line":33,"column":4},"end":{"line":33,"column":22}},"9":{"start":{"line":36,"column":4},"end":{"line":36,"column":23}},"10":{"start":{"line":39,"column":4},"end":{"line":39,"column":24}},"11":{"start":{"line":44,"column":4},"end":{"line":44,"column":27}},"12":{"start":{"line":48,"column":4},"end":{"line":48,"column":28}},"13":{"start":{"line":52,"column":4},"end":{"line":52,"column":29}},"14":{"start":{"line":56,"column":4},"end":{"line":56,"column":30}},"15":{"start":{"line":8,"column":0},"end":{"line":8,"column":13}}},"fnMap":{"0":{"name":"(anonymous_0)","decl":{"start":{"line":9,"column":2},"end":{"line":9,"column":null}},"loc":{"start":{"line":15,"column":36},"end":{"line":16,"column":6}}},"1":{"name":"(anonymous_1)","decl":{"start":{"line":18,"column":9},"end":{"line":18,"column":15}},"loc":{"start":{"line":24,"column":27},"end":{"line":27,"column":3}}},"2":{"name":"(anonymous_2)","decl":{"start":{"line":29,"column":2},"end":{"line":29,"column":6}},"loc":{"start":{"line":29,"column":8},"end":{"line":31,"column":3}}},"3":{"name":"(anonymous_3)","decl":{"start":{"line":32,"column":2},"end":{"line":32,"column":6}},"loc":{"start":{"line":32,"column":10},"end":{"line":34,"column":3}}},"4":{"name":"(anonymous_4)","decl":{"start":{"line":35,"column":2},"end":{"line":35,"column":6}},"loc":{"start":{"line":35,"column":11},"end":{"line":37,"column":3}}},"5":{"name":"(anonymous_5)","decl":{"start":{"line":38,"column":2},"end":{"line":38,"column":6}},"loc":{"start":{"line":38,"column":12},"end":{"line":40,"column":3}}},"6":{"name":"(anonymous_6)","decl":{"start":{"line":43,"column":2},"end":{"line":43,"column":6}},"loc":{"start":{"line":43,"column":15},"end":{"line":45,"column":3}}},"7":{"name":"(anonymous_7)","decl":{"start":{"line":47,"column":2},"end":{"line":47,"column":6}},"loc":{"start":{"line":47,"column":32},"end":{"line":49,"column":3}}},"8":{"name":"(anonymous_8)","decl":{"start":{"line":51,"column":2},"end":{"line":51,"column":6}},"loc":{"start":{"line":51,"column":17},"end":{"line":53,"column":3}}},"9":{"name":"(anonymous_9)","decl":{"start":{"line":55,"column":2},"end":{"line":55,"column":6}},"loc":{"start":{"line":55,"column":35},"end":{"line":57,"column":3}}}},"branchMap":{},"s":{"0":9,"1":9,"2":9,"3":9,"4":9,"5":9,"6":9,"7":6,"8":10,"9":7,"10":5,"11":0,"12":0,"13":3,"14":1,"15":7},"f":{"0":9,"1":9,"2":6,"3":10,"4":7,"5":5,"6":0,"7":0,"8":3,"9":1},"b":{}}
,"/home/juan/WebstormProjects/PortfolioNest/Portfolio/Images/Domain/ValueObject/ImageHeight.ts": {"path":"/home/juan/WebstormProjects/PortfolioNest/Portfolio/Images/Domain/ValueObject/ImageHeight.ts","statementMap":{"0":{"start":{"line":2,"column":31},"end":{"line":2,"column":44}},"1":{"start":{"line":3,"column":4},"end":{"line":3,"column":63}},"2":{"start":{"line":3,"column":20},"end":{"line":3,"column":63}},"3":{"start":{"line":6,"column":4},"end":{"line":6,"column":34}},"4":{"start":{"line":9,"column":4},"end":{"line":9,"column":22}},"5":{"start":{"line":1,"column":0},"end":{"line":1,"column":13}}},"fnMap":{"0":{"name":"(anonymous_0)","decl":{"start":{"line":2,"column":2},"end":{"line":2,"column":31}},"loc":{"start":{"line":2,"column":44},"end":{"line":4,"column":3}}},"1":{"name":"(anonymous_1)","decl":{"start":{"line":5,"column":2},"end":{"line":5,"column":8}},"loc":{"start":{"line":5,"column":29},"end":{"line":7,"column":3}}},"2":{"name":"(anonymous_2)","decl":{"start":{"line":8,"column":2},"end":{"line":8,"column":10}},"loc":{"start":{"line":8,"column":10},"end":{"line":10,"column":3}}}},"branchMap":{"0":{"loc":{"start":{"line":3,"column":4},"end":{"line":3,"column":63}},"type":"if","locations":[{"start":{"line":3,"column":4},"end":{"line":3,"column":63}},{"start":{},"end":{}}]}},"s":{"0":9,"1":9,"2":0,"3":9,"4":5,"5":7},"f":{"0":9,"1":9,"2":5},"b":{"0":[0,9]}}
,"/home/juan/WebstormProjects/PortfolioNest/Portfolio/Images/Domain/ValueObject/ImageId.ts": {"path":"/home/juan/WebstormProjects/PortfolioNest/Portfolio/Images/Domain/ValueObject/ImageId.ts","statementMap":{"0":{"start":{"line":2,"column":31},"end":{"line":2,"column":44}},"1":{"start":{"line":3,"column":4},"end":{"line":3,"column":71}},"2":{"start":{"line":3,"column":36},"end":{"line":3,"column":71}},"3":{"start":{"line":6,"column":4},"end":{"line":6,"column":30}},"4":{"start":{"line":9,"column":4},"end":{"line":9,"column":22}},"5":{"start":{"line":1,"column":0},"end":{"line":1,"column":13}}},"fnMap":{"0":{"name":"(anonymous_0)","decl":{"start":{"line":2,"column":2},"end":{"line":2,"column":31}},"loc":{"start":{"line":2,"column":44},"end":{"line":4,"column":3}}},"1":{"name":"(anonymous_1)","decl":{"start":{"line":5,"column":2},"end":{"line":5,"column":8}},"loc":{"start":{"line":5,"column":29},"end":{"line":7,"column":3}}},"2":{"name":"(anonymous_2)","decl":{"start":{"line":8,"column":2},"end":{"line":8,"column":10}},"loc":{"start":{"line":8,"column":10},"end":{"line":10,"column":3}}}},"branchMap":{"0":{"loc":{"start":{"line":3,"column":4},"end":{"line":3,"column":71}},"type":"if","locations":[{"start":{"line":3,"column":4},"end":{"line":3,"column":71}},{"start":{},"end":{}}]},"1":{"loc":{"start":{"line":3,"column":8},"end":{"line":3,"column":34}},"type":"binary-expr","locations":[{"start":{"line":3,"column":8},"end":{"line":3,"column":14}},{"start":{"line":3,"column":18},"end":{"line":3,"column":34}}]}},"s":{"0":9,"1":9,"2":0,"3":9,"4":6,"5":7},"f":{"0":9,"1":9,"2":6},"b":{"0":[0,9],"1":[9,9]}}
,"/home/juan/WebstormProjects/PortfolioNest/Portfolio/Images/Domain/ValueObject/ImageWidth.ts": {"path":"/home/juan/WebstormProjects/PortfolioNest/Portfolio/Images/Domain/ValueObject/ImageWidth.ts","statementMap":{"0":{"start":{"line":2,"column":31},"end":{"line":2,"column":44}},"1":{"start":{"line":3,"column":4},"end":{"line":3,"column":62}},"2":{"start":{"line":3,"column":20},"end":{"line":3,"column":62}},"3":{"start":{"line":6,"column":4},"end":{"line":6,"column":33}},"4":{"start":{"line":9,"column":4},"end":{"line":9,"column":22}},"5":{"start":{"line":1,"column":0},"end":{"line":1,"column":13}}},"fnMap":{"0":{"name":"(anonymous_0)","decl":{"start":{"line":2,"column":2},"end":{"line":2,"column":31}},"loc":{"start":{"line":2,"column":44},"end":{"line":4,"column":3}}},"1":{"name":"(anonymous_1)","decl":{"start":{"line":5,"column":2},"end":{"line":5,"column":8}},"loc":{"start":{"line":5,"column":29},"end":{"line":7,"column":3}}},"2":{"name":"(anonymous_2)","decl":{"start":{"line":8,"column":2},"end":{"line":8,"column":10}},"loc":{"start":{"line":8,"column":10},"end":{"line":10,"column":3}}}},"branchMap":{"0":{"loc":{"start":{"line":3,"column":4},"end":{"line":3,"column":62}},"type":"if","locations":[{"start":{"line":3,"column":4},"end":{"line":3,"column":62}},{"start":{},"end":{}}]}},"s":{"0":9,"1":9,"2":0,"3":9,"4":7,"5":7},"f":{"0":9,"1":9,"2":7},"b":{"0":[0,9]}}
,"/home/juan/WebstormProjects/PortfolioNest/Portfolio/Links/Application/CreateLink.ts": {"path":"/home/juan/WebstormProjects/PortfolioNest/Portfolio/Links/Application/CreateLink.ts","statementMap":{"0":{"start":{"line":3,"column":0},"end":{"line":3,"column":38}},"1":{"start":{"line":5,"column":0},"end":{"line":5,"column":41}},"2":{"start":{"line":6,"column":0},"end":{"line":6,"column":54}},"3":{"start":{"line":7,"column":0},"end":{"line":7,"column":56}},"4":{"start":{"line":8,"column":0},"end":{"line":8,"column":60}},"5":{"start":{"line":9,"column":0},"end":{"line":9,"column":58}},"6":{"start":{"line":10,"column":0},"end":{"line":10,"column":60}},"7":{"start":{"line":13,"column":31},"end":{"line":13,"column":61}},"8":{"start":{"line":16,"column":17},"end":{"line":21,"column":null}},"9":{"start":{"line":23,"column":4},"end":{"line":23,"column":37}},"10":{"start":{"line":25,"column":4},"end":{"line":25,"column":16}},"11":{"start":{"line":12,"column":0},"end":{"line":12,"column":13}}},"fnMap":{"0":{"name":"(anonymous_0)","decl":{"start":{"line":13,"column":2},"end":{"line":13,"column":31}},"loc":{"start":{"line":13,"column":61},"end":{"line":13,"column":65}}},"1":{"name":"(anonymous_1)","decl":{"start":{"line":15,"column":2},"end":{"line":15,"column":7}},"loc":{"start":{"line":15,"column":42},"end":{"line":26,"column":3}}}},"branchMap":{},"s":{"0":1,"1":1,"2":1,"3":1,"4":1,"5":1,"6":1,"7":2,"8":2,"9":2,"10":2,"11":1},"f":{"0":2,"1":2},"b":{}}
,"/home/juan/WebstormProjects/PortfolioNest/Portfolio/Links/Application/DeleteLink.ts": {"path":"/home/juan/WebstormProjects/PortfolioNest/Portfolio/Links/Application/DeleteLink.ts","statementMap":{"0":{"start":{"line":8,"column":21},"end":{"line":8,"column":37}},"1":{"start":{"line":9,"column":21},"end":{"line":9,"column":51}},"2":{"start":{"line":13,"column":17},"end":{"line":13,"column":47}},"3":{"start":{"line":14,"column":4},"end":{"line":14,"column":47}},"4":{"start":{"line":15,"column":4},"end":{"line":15,"column":37}},"5":{"start":{"line":6,"column":0},"end":{"line":6,"column":13}}},"fnMap":{"0":{"name":"(anonymous_0)","decl":{"start":{"line":7,"column":2},"end":{"line":7,"column":null}},"loc":{"start":{"line":9,"column":51},"end":{"line":10,"column":6}}},"1":{"name":"(anonymous_1)","decl":{"start":{"line":12,"column":2},"end":{"line":12,"column":7}},"loc":{"start":{"line":12,"column":38},"end":{"line":16,"column":3}}}},"branchMap":{},"s":{"0":2,"1":2,"2":2,"3":1,"4":1,"5":1},"f":{"0":2,"1":2},"b":{}}
,"/home/juan/WebstormProjects/PortfolioNest/Portfolio/Links/Application/EditLink.ts": {"path":"/home/juan/WebstormProjects/PortfolioNest/Portfolio/Links/Application/EditLink.ts","statementMap":{"0":{"start":{"line":4,"column":0},"end":{"line":4,"column":60}},"1":{"start":{"line":5,"column":0},"end":{"line":5,"column":56}},"2":{"start":{"line":11,"column":21},"end":{"line":11,"column":37}},"3":{"start":{"line":12,"column":21},"end":{"line":12,"column":51}},"4":{"start":{"line":16,"column":17},"end":{"line":16,"column":51}},"5":{"start":{"line":17,"column":4},"end":{"line":17,"column":54}},"6":{"start":{"line":18,"column":4},"end":{"line":18,"column":48}},"7":{"start":{"line":19,"column":4},"end":{"line":19,"column":44}},"8":{"start":{"line":20,"column":4},"end":{"line":20,"column":37}},"9":{"start":{"line":21,"column":4},"end":{"line":21,"column":16}},"10":{"start":{"line":9,"column":0},"end":{"line":9,"column":13}}},"fnMap":{"0":{"name":"(anonymous_0)","decl":{"start":{"line":10,"column":2},"end":{"line":10,"column":null}},"loc":{"start":{"line":12,"column":51},"end":{"line":13,"column":6}}},"1":{"name":"(anonymous_1)","decl":{"start":{"line":15,"column":2},"end":{"line":15,"column":7}},"loc":{"start":{"line":15,"column":40},"end":{"line":22,"column":3}}}},"branchMap":{},"s":{"0":1,"1":1,"2":2,"3":2,"4":2,"5":1,"6":1,"7":1,"8":1,"9":1,"10":1},"f":{"0":2,"1":2},"b":{}}
,"/home/juan/WebstormProjects/PortfolioNest/Portfolio/Links/Application/GetLinkById.ts": {"path":"/home/juan/WebstormProjects/PortfolioNest/Portfolio/Links/Application/GetLinkById.ts","statementMap":{"0":{"start":{"line":6,"column":31},"end":{"line":6,"column":60}},"1":{"start":{"line":9,"column":17},"end":{"line":9,"column":54}},"2":{"start":{"line":10,"column":4},"end":{"line":12,"column":5}},"3":{"start":{"line":11,"column":6},"end":{"line":11,"column":40}},"4":{"start":{"line":13,"column":4},"end":{"line":13,"column":16}},"5":{"start":{"line":5,"column":0},"end":{"line":5,"column":13}}},"fnMap":{"0":{"name":"(anonymous_0)","decl":{"start":{"line":6,"column":2},"end":{"line":6,"column":31}},"loc":{"start":{"line":6,"column":60},"end":{"line":6,"column":64}}},"1":{"name":"(anonymous_1)","decl":{"start":{"line":8,"column":2},"end":{"line":8,"column":7}},"loc":{"start":{"line":8,"column":26},"end":{"line":14,"column":3}}}},"branchMap":{"0":{"loc":{"start":{"line":10,"column":4},"end":{"line":12,"column":5}},"type":"if","locations":[{"start":{"line":10,"column":4},"end":{"line":12,"column":5}},{"start":{},"end":{}}]}},"s":{"0":2,"1":2,"2":2,"3":1,"4":1,"5":1},"f":{"0":2,"1":2},"b":{"0":[1,1]}}
,"/home/juan/WebstormProjects/PortfolioNest/Portfolio/Links/Application/DTO/CreateLinkRequest.ts": {"path":"/home/juan/WebstormProjects/PortfolioNest/Portfolio/Links/Application/DTO/CreateLinkRequest.ts","statementMap":{"0":{"start":{"line":3,"column":11},"end":{"line":3,"column":24}},"1":{"start":{"line":4,"column":11},"end":{"line":4,"column":22}},"2":{"start":{"line":1,"column":0},"end":{"line":1,"column":13}}},"fnMap":{"0":{"name":"(anonymous_0)","decl":{"start":{"line":2,"column":2},"end":{"line":2,"column":null}},"loc":{"start":{"line":4,"column":22},"end":{"line":5,"column":6}}}},"branchMap":{},"s":{"0":12,"1":12,"2":6},"f":{"0":12},"b":{}}
,"/home/juan/WebstormProjects/PortfolioNest/Portfolio/Links/Application/DTO/DeleteLinkRequest.ts": {"path":"/home/juan/WebstormProjects/PortfolioNest/Portfolio/Links/Application/DTO/DeleteLinkRequest.ts","statementMap":{"0":{"start":{"line":2,"column":21},"end":{"line":2,"column":31}},"1":{"start":{"line":1,"column":0},"end":{"line":1,"column":13}}},"fnMap":{"0":{"name":"(anonymous_0)","decl":{"start":{"line":2,"column":2},"end":{"line":2,"column":21}},"loc":{"start":{"line":2,"column":31},"end":{"line":2,"column":35}}}},"branchMap":{},"s":{"0":4,"1":2},"f":{"0":4},"b":{}}
,"/home/juan/WebstormProjects/PortfolioNest/Portfolio/Links/Application/DTO/EditLinkRequest.ts": {"path":"/home/juan/WebstormProjects/PortfolioNest/Portfolio/Links/Application/DTO/EditLinkRequest.ts","statementMap":{"0":{"start":{"line":5,"column":11},"end":{"line":5,"column":21}},"1":{"start":{"line":6,"column":11},"end":{"line":6,"column":34}},"2":{"start":{"line":3,"column":0},"end":{"line":3,"column":13}}},"fnMap":{"0":{"name":"(anonymous_0)","decl":{"start":{"line":4,"column":2},"end":{"line":4,"column":null}},"loc":{"start":{"line":6,"column":34},"end":{"line":7,"column":6}}}},"branchMap":{},"s":{"0":4,"1":4,"2":2},"f":{"0":4},"b":{}}
,"/home/juan/WebstormProjects/PortfolioNest/Portfolio/Links/Application/DTO/LinkResponse.ts": {"path":"/home/juan/WebstormProjects/PortfolioNest/Portfolio/Links/Application/DTO/LinkResponse.ts","statementMap":{"0":{"start":{"line":6,"column":4},"end":{"line":13,"column":6}},"1":{"start":{"line":4,"column":0},"end":{"line":4,"column":13}}},"fnMap":{"0":{"name":"(anonymous_0)","decl":{"start":{"line":5,"column":2},"end":{"line":5,"column":10}},"loc":{"start":{"line":5,"column":21},"end":{"line":14,"column":3}}}},"branchMap":{},"s":{"0":6,"1":2},"f":{"0":6},"b":{}}
,"/home/juan/WebstormProjects/PortfolioNest/Portfolio/Links/Application/DTO/LinkResponseCollection.ts": {"path":"/home/juan/WebstormProjects/PortfolioNest/Portfolio/Links/Application/DTO/LinkResponseCollection.ts","statementMap":{"0":{"start":{"line":3,"column":0},"end":{"line":3,"column":46}},"1":{"start":{"line":7,"column":4},"end":{"line":7,"column":40}},"2":{"start":{"line":7,"column":30},"end":{"line":7,"column":40}},"3":{"start":{"line":8,"column":4},"end":{"line":10,"column":7}},"4":{"start":{"line":9,"column":6},"end":{"line":9,"column":47}},"5":{"start":{"line":5,"column":0},"end":{"line":5,"column":13}}},"fnMap":{"0":{"name":"(anonymous_0)","decl":{"start":{"line":6,"column":2},"end":{"line":6,"column":10}},"loc":{"start":{"line":6,"column":23},"end":{"line":11,"column":3}}},"1":{"name":"(anonymous_1)","decl":{"start":{"line":8,"column":20},"end":{"line":8,"column":21}},"loc":{"start":{"line":8,"column":29},"end":{"line":10,"column":5}}}},"branchMap":{"0":{"loc":{"start":{"line":7,"column":4},"end":{"line":7,"column":40}},"type":"if","locations":[{"start":{"line":7,"column":4},"end":{"line":7,"column":40}},{"start":{},"end":{}}]}},"s":{"0":1,"1":4,"2":1,"3":3,"4":4,"5":1},"f":{"0":4,"1":4},"b":{"0":[1,3]}}
[...]
,"/home/juan/WebstormProjects/PortfolioNest/Portfolio/Tags/Application/GetTagById.ts": {"path":"/home/juan/WebstormProjects/PortfolioNest/Portfolio/Tags/Application/GetTagById.ts","statementMap":{"0":{"start":{"line":6,"column":4},"end":{"line":6,"column":33}},"1":{"start":{"line":10,"column":16},"end":{"line":10,"column":43}},"2":{"start":{"line":11,"column":4},"end":{"line":13,"column":5}},"3":{"start":{"line":12,"column":6},"end":{"line":12,"column":39}},"4":{"start":{"line":14,"column":4},"end":{"line":14,"column":15}},"5":{"start":{"line":3,"column":0},"end":{"line":3,"column":13}}},"fnMap":{"0":{"name":"(anonymous_0)","decl":{"start":{"line":5,"column":2},"end":{"line":5,"column":14}},"loc":{"start":{"line":5,"column":39},"end":{"line":7,"column":3}}},"1":{"name":"(anonymous_1)","decl":{"start":{"line":9,"column":2},"end":{"line":9,"column":9}},"loc":{"start":{"line":9,"column":20},"end":{"line":15,"column":3}}}},"branchMap":{"0":{"loc":{"start":{"line":11,"column":4},"end":{"line":13,"column":5}},"type":"if","locations":[{"start":{"line":11,"column":4},"end":{"line":13,"column":5}},{"start":{},"end":{}}]}},"s":{"0":0,"1":0,"2":0,"3":0,"4":0,"5":0},"f":{"0":0,"1":0},"b":{"0":[0,0]}}
,"/home/juan/WebstormProjects/PortfolioNest/Portfolio/Tags/Application/DTO/CreateTagRequest.ts": {"path":"/home/juan/WebstormProjects/PortfolioNest/Portfolio/Tags/Application/DTO/CreateTagRequest.ts","statementMap":{"0":{"start":{"line":2,"column":21},"end":{"line":2,"column":34}},"1":{"start":{"line":1,"column":0},"end":{"line":1,"column":13}}},"fnMap":{"0":{"name":"(anonymous_0)","decl":{"start":{"line":2,"column":2},"end":{"line":2,"column":21}},"loc":{"start":{"line":2,"column":34},"end":{"line":4,"column":3}}}},"branchMap":{},"s":{"0":0,"1":0},"f":{"0":0},"b":{}}
,"/home/juan/WebstormProjects/PortfolioNest/Portfolio/Tags/Application/DTO/EditTagRequest.ts": {"path":"/home/juan/WebstormProjects/PortfolioNest/Portfolio/Tags/Application/DTO/EditTagRequest.ts","statementMap":{"0":{"start":{"line":5,"column":11},"end":{"line":5,"column":21}},"1":{"start":{"line":6,"column":11},"end":{"line":6,"column":33}},"2":{"start":{"line":3,"column":0},"end":{"line":3,"column":13}}},"fnMap":{"0":{"name":"(anonymous_0)","decl":{"start":{"line":4,"column":2},"end":{"line":4,"column":null}},"loc":{"start":{"line":6,"column":33},"end":{"line":7,"column":6}}}},"branchMap":{},"s":{"0":0,"1":0,"2":0},"f":{"0":0},"b":{}}
,"/home/juan/WebstormProjects/PortfolioNest/Portfolio/Tags/Application/DTO/TagResponse.ts": {"path":"/home/juan/WebstormProjects/PortfolioNest/Portfolio/Tags/Application/DTO/TagResponse.ts","statementMap":{"0":{"start":{"line":6,"column":4},"end":{"line":12,"column":6}},"1":{"start":{"line":4,"column":0},"end":{"line":4,"column":13}}},"fnMap":{"0":{"name":"(anonymous_0)","decl":{"start":{"line":5,"column":2},"end":{"line":5,"column":10}},"loc":{"start":{"line":5,"column":20},"end":{"line":13,"column":3}}}},"branchMap":{},"s":{"0":0,"1":0},"f":{"0":0},"b":{}}
,"/home/juan/WebstormProjects/PortfolioNest/Portfolio/Tags/Application/DTO/TagResponseCollection.ts": {"path":"/home/juan/WebstormProjects/PortfolioNest/Portfolio/Tags/Application/DTO/TagResponseCollection.ts","statementMap":{"0":{"start":{"line":3,"column":0},"end":{"line":3,"column":44}},"1":{"start":{"line":7,"column":4},"end":{"line":7,"column":40}},"2":{"start":{"line":7,"column":30},"end":{"line":7,"column":40}},"3":{"start":{"line":8,"column":4},"end":{"line":8,"column":62}},"4":{"start":{"line":8,"column":29},"end":{"line":8,"column":60}},"5":{"start":{"line":5,"column":0},"end":{"line":5,"column":13}}},"fnMap":{"0":{"name":"(anonymous_0)","decl":{"start":{"line":6,"column":2},"end":{"line":6,"column":10}},"loc":{"start":{"line":6,"column":22},"end":{"line":9,"column":3}}},"1":{"name":"(anonymous_1)","decl":{"start":{"line":8,"column":20},"end":{"line":8,"column":21}},"loc":{"start":{"line":8,"column":29},"end":{"line":8,"column":60}}}},"branchMap":{"0":{"loc":{"start":{"line":7,"column":4},"end":{"line":7,"column":40}},"type":"if","locations":[{"start":{"line":7,"column":4},"end":{"line":7,"column":40}},{"start":{},"end":{}}]}},"s":{"0":0,"1":0,"2":0,"3":0,"4":0,"5":0},"f":{"0":0,"1":0},"b":{"0":[0,0]}}
,"/home/juan/WebstormProjects/PortfolioNest/Portfolio/Tags/Domain/Tag.ts": {"path":"/home/juan/WebstormProjects/PortfolioNest/Portfolio/Tags/Domain/Tag.ts","statementMap":{"0":{"start":{"line":18,"column":4},"end":{"line":18,"column":18}},"1":{"start":{"line":19,"column":4},"end":{"line":19,"column":24}},"2":{"start":{"line":20,"column":4},"end":{"line":20,"column":32}},"3":{"start":{"line":21,"column":4},"end":{"line":21,"column":34}},"4":{"start":{"line":30,"column":4},"end":{"line":30,"column":53}},"5":{"start":{"line":34,"column":4},"end":{"line":34,"column":20}},"6":{"start":{"line":38,"column":4},"end":{"line":38,"column":23}},"7":{"start":{"line":42,"column":4},"end":{"line":42,"column":24}},"8":{"start":{"line":46,"column":4},"end":{"line":46,"column":27}},"9":{"start":{"line":50,"column":4},"end":{"line":50,"column":28}},"10":{"start":{"line":54,"column":4},"end":{"line":54,"column":28}},"11":{"start":{"line":58,"column":4},"end":{"line":58,"column":29}},"12":{"start":{"line":6,"column":0},"end":{"line":6,"column":13}}},"fnMap":{"0":{"name":"(anonymous_0)","decl":{"start":{"line":12,"column":2},"end":{"line":12,"column":null}},"loc":{"start":{"line":16,"column":26},"end":{"line":22,"column":3}}},"1":{"name":"(anonymous_1)","decl":{"start":{"line":24,"column":2},"end":{"line":24,"column":8}},"loc":{"start":{"line":28,"column":26},"end":{"line":31,"column":3}}},"2":{"name":"(anonymous_2)","decl":{"start":{"line":33,"column":2},"end":{"line":33,"column":6}},"loc":{"start":{"line":33,"column":8},"end":{"line":35,"column":3}}},"3":{"name":"(anonymous_3)","decl":{"start":{"line":37,"column":2},"end":{"line":37,"column":6}},"loc":{"start":{"line":37,"column":11},"end":{"line":39,"column":3}}},"4":{"name":"(anonymous_4)","decl":{"start":{"line":41,"column":2},"end":{"line":41,"column":6}},"loc":{"start":{"line":41,"column":27},"end":{"line":43,"column":3}}},"5":{"name":"(anonymous_5)","decl":{"start":{"line":45,"column":2},"end":{"line":45,"column":6}},"loc":{"start":{"line":45,"column":15},"end":{"line":47,"column":3}}},"6":{"name":"(anonymous_6)","decl":{"start":{"line":49,"column":2},"end":{"line":49,"column":6}},"loc":{"start":{"line":49,"column":32},"end":{"line":51,"column":3}}},"7":{"name":"(anonymous_7)","decl":{"start":{"line":53,"column":2},"end":{"line":53,"column":6}},"loc":{"start":{"line":53,"column":16},"end":{"line":55,"column":3}}},"8":{"name":"(anonymous_8)","decl":{"start":{"line":57,"column":2},"end":{"line":57,"column":6}},"loc":{"start":{"line":57,"column":34},"end":{"line":59,"column":3}}}},"branchMap":{},"s":{"0":0,"1":0,"2":0,"3":0,"4":0,"5":0,"6":0,"7":0,"8":0,"9":0,"10":0,"11":0,"12":0},"f":{"0":0,"1":0,"2":0,"3":0,"4":0,"5":0,"6":0,"7":0,"8":0},"b":{}}
,"/home/juan/WebstormProjects/PortfolioNest/Portfolio/Tags/Domain/ValueObject/TagId.ts": {"path":"/home/juan/WebstormProjects/PortfolioNest/Portfolio/Tags/Domain/ValueObject/TagId.ts","statementMap":{"0":{"start":{"line":1,"column":0},"end":{"line":1,"column":69}},"1":{"start":{"line":7,"column":4},"end":{"line":7,"column":17}},"2":{"start":{"line":11,"column":4},"end":{"line":11,"column":47}},"3":{"start":{"line":15,"column":4},"end":{"line":15,"column":30}},"4":{"start":{"line":19,"column":4},"end":{"line":19,"column":36}},"5":{"start":{"line":3,"column":0},"end":{"line":3,"column":13}}},"fnMap":{"0":{"name":"(anonymous_0)","decl":{"start":{"line":6,"column":2},"end":{"line":6,"column":22}},"loc":{"start":{"line":6,"column":39},"end":{"line":8,"column":3}}},"1":{"name":"(anonymous_1)","decl":{"start":{"line":10,"column":9},"end":{"line":10,"column":15}},"loc":{"start":{"line":10,"column":33},"end":{"line":12,"column":3}}},"2":{"name":"(anonymous_2)","decl":{"start":{"line":14,"column":9},"end":{"line":14,"column":17}},"loc":{"start":{"line":14,"column":17},"end":{"line":16,"column":3}}},"3":{"name":"(anonymous_3)","decl":{"start":{"line":18,"column":9},"end":{"line":18,"column":15}},"loc":{"start":{"line":18,"column":28},"end":{"line":20,"column":3}}}},"branchMap":{},"s":{"0":0,"1":0,"2":0,"3":0,"4":0,"5":0},"f":{"0":0,"1":0,"2":0,"3":0},"b":{}}
,"/home/juan/WebstormProjects/PortfolioNest/Portfolio/Tags/Domain/ValueObject/TagTitle.ts": {"path":"/home/juan/WebstormProjects/PortfolioNest/Portfolio/Tags/Domain/ValueObject/TagTitle.ts","statementMap":{"0":{"start":{"line":1,"column":0},"end":{"line":1,"column":77}},"1":{"start":{"line":7,"column":4},"end":{"line":7,"column":24}},"2":{"start":{"line":10,"column":4},"end":{"line":10,"column":57}},"3":{"start":{"line":14,"column":4},"end":{"line":14,"column":23}},"4":{"start":{"line":3,"column":0},"end":{"line":3,"column":13}}},"fnMap":{"0":{"name":"(anonymous_0)","decl":{"start":{"line":6,"column":2},"end":{"line":6,"column":14}},"loc":{"start":{"line":6,"column":38},"end":{"line":8,"column":3}}},"1":{"name":"(anonymous_1)","decl":{"start":{"line":9,"column":9},"end":{"line":9,"column":15}},"loc":{"start":{"line":9,"column":36},"end":{"line":11,"column":3}}},"2":{"name":"(anonymous_2)","decl":{"start":{"line":13,"column":2},"end":{"line":13,"column":6}},"loc":{"start":{"line":13,"column":11},"end":{"line":15,"column":3}}}},"branchMap":{},"s":{"0":0,"1":0,"2":0,"3":0,"4":0},"f":{"0":0,"1":0,"2":0},"b":{}}
,"/home/juan/WebstormProjects/PortfolioNest/Portfolio/User/Application/CreateUser.ts": {"path":"/home/juan/WebstormProjects/PortfolioNest/Portfolio/User/Application/CreateUser.ts","statementMap":{"0":{"start":{"line":2,"column":0},"end":{"line":2,"column":38}},"1":{"start":{"line":4,"column":0},"end":{"line":4,"column":58}},"2":{"start":{"line":5,"column":0},"end":{"line":5,"column":66}},"3":{"start":{"line":6,"column":0},"end":{"line":6,"column":58}},"4":{"start":{"line":7,"column":0},"end":{"line":7,"column":60}},"5":{"start":{"line":8,"column":0},"end":{"line":8,"column":54}},"6":{"start":{"line":15,"column":4},"end":{"line":15,"column":33}},"7":{"start":{"line":16,"column":4},"end":{"line":16,"column":34}},"8":{"start":{"line":20,"column":4},"end":{"line":32,"column":5}},"9":{"start":{"line":21,"column":19},"end":{"line":26,"column":null}},"10":{"start":{"line":28,"column":6},"end":{"line":28,"column":33}},"11":{"start":{"line":29,"column":6},"end":{"line":29,"column":18}},"12":{"start":{"line":31,"column":6},"end":{"line":31,"column":60}},"13":{"start":{"line":10,"column":0},"end":{"line":10,"column":13}}},"fnMap":{"0":{"name":"(anonymous_0)","decl":{"start":{"line":14,"column":2},"end":{"line":14,"column":14}},"loc":{"start":{"line":14,"column":74},"end":{"line":17,"column":3}}},"1":{"name":"(anonymous_1)","decl":{"start":{"line":19,"column":2},"end":{"line":19,"column":9}},"loc":{"start":{"line":19,"column":40},"end":{"line":33,"column":3}}}},"branchMap":{},"s":{"0":0,"1":0,"2":0,"3":0,"4":0,"5":0,"6":0,"7":0,"8":0,"9":0,"10":0,"11":0,"12":0,"13":0},"f":{"0":0,"1":0},"b":{}}
,"/home/juan/WebstormProjects/PortfolioNest/Portfolio/User/Application/UpdateUserImage.ts": {"path":"/home/juan/WebstormProjects/PortfolioNest/Portfolio/User/Application/UpdateUserImage.ts","statementMap":{"0":{"start":{"line":8,"column":22},"end":{"line":8,"column":46}},"1":{"start":{"line":11,"column":4},"end":{"line":11,"column":51}},"2":{"start":{"line":5,"column":0},"end":{"line":5,"column":13}}},"fnMap":{"0":{"name":"(anonymous_0)","decl":{"start":{"line":8,"column":2},"end":{"line":8,"column":22}},"loc":{"start":{"line":8,"column":46},"end":{"line":8,"column":50}}},"1":{"name":"(anonymous_1)","decl":{"start":{"line":10,"column":2},"end":{"line":10,"column":9}},"loc":{"start":{"line":10,"column":41},"end":{"line":12,"column":3}}}},"branchMap":{},"s":{"0":0,"1":0,"2":0},"f":{"0":0,"1":0},"b":{}}
,"/home/juan/WebstormProjects/PortfolioNest/Portfolio/User/Application/DTO/UpdateUserImageRequest.ts": {"path":"/home/juan/WebstormProjects/PortfolioNest/Portfolio/User/Application/DTO/UpdateUserImageRequest.ts","statementMap":{"0":{"start":{"line":4,"column":11},"end":{"line":4,"column":21}},"1":{"start":{"line":5,"column":11},"end":{"line":5,"column":37}},"2":{"start":{"line":2,"column":0},"end":{"line":2,"column":13}}},"fnMap":{"0":{"name":"(anonymous_0)","decl":{"start":{"line":3,"column":2},"end":{"line":3,"column":null}},"loc":{"start":{"line":5,"column":37},"end":{"line":6,"column":6}}}},"branchMap":{},"s":{"0":0,"1":0,"2":0},"f":{"0":0},"b":{}}
,"/home/juan/WebstormProjects/PortfolioNest/Portfolio/User/Domain/User.ts": {"path":"/home/juan/WebstormProjects/PortfolioNest/Portfolio/User/Domain/User.ts","statementMap":{"0":{"start":{"line":21,"column":4},"end":{"line":21,"column":17}},"1":{"start":{"line":22,"column":4},"end":{"line":22,"column":23}},"2":{"start":{"line":23,"column":4},"end":{"line":23,"column":29}},"3":{"start":{"line":24,"column":4},"end":{"line":24,"column":31}},"4":{"start":{"line":25,"column":4},"end":{"line":25,"column":33}},"5":{"start":{"line":35,"column":4},"end":{"line":35,"column":64}},"6":{"start":{"line":7,"column":0},"end":{"line":7,"column":13}}},"fnMap":{"0":{"name":"(anonymous_0)","decl":{"start":{"line":14,"column":2},"end":{"line":14,"column":null}},"loc":{"start":{"line":19,"column":26},"end":{"line":26,"column":3}}},"1":{"name":"(anonymous_1)","decl":{"start":{"line":28,"column":9},"end":{"line":28,"column":15}},"loc":{"start":{"line":33,"column":26},"end":{"line":36,"column":3}}}},"branchMap":{},"s":{"0":0,"1":0,"2":0,"3":0,"4":0,"5":0,"6":0},"f":{"0":0,"1":0},"b":{}}
,"/home/juan/WebstormProjects/PortfolioNest/Portfolio/User/Domain/ValueObject/UserId.ts": {"path":"/home/juan/WebstormProjects/PortfolioNest/Portfolio/User/Domain/ValueObject/UserId.ts","statementMap":{"0":{"start":{"line":1,"column":0},"end":{"line":1,"column":69}},"1":{"start":{"line":7,"column":4},"end":{"line":7,"column":17}},"2":{"start":{"line":11,"column":4},"end":{"line":11,"column":48}},"3":{"start":{"line":15,"column":4},"end":{"line":15,"column":30}},"4":{"start":{"line":19,"column":4},"end":{"line":19,"column":36}},"5":{"start":{"line":3,"column":0},"end":{"line":3,"column":13}}},"fnMap":{"0":{"name":"(anonymous_0)","decl":{"start":{"line":6,"column":2},"end":{"line":6,"column":22}},"loc":{"start":{"line":6,"column":39},"end":{"line":8,"column":3}}},"1":{"name":"(anonymous_1)","decl":{"start":{"line":10,"column":9},"end":{"line":10,"column":15}},"loc":{"start":{"line":10,"column":33},"end":{"line":12,"column":3}}},"2":{"name":"(anonymous_2)","decl":{"start":{"line":14,"column":9},"end":{"line":14,"column":17}},"loc":{"start":{"line":14,"column":17},"end":{"line":16,"column":3}}},"3":{"name":"(anonymous_3)","decl":{"start":{"line":18,"column":9},"end":{"line":18,"column":15}},"loc":{"start":{"line":18,"column":29},"end":{"line":20,"column":3}}}},"branchMap":{},"s":{"0":0,"1":0,"2":0,"3":0,"4":0,"5":0},"f":{"0":0,"1":0,"2":0,"3":0},"b":{}}
,"/home/juan/WebstormProjects/PortfolioNest/Portfolio/User/Domain/ValueObject/UserMail.ts": {"path":"/home/juan/WebstormProjects/PortfolioNest/Portfolio/User/Domain/ValueObject/UserMail.ts","statementMap":{"0":{"start":{"line":1,"column":0},"end":{"line":1,"column":74}},"1":{"start":{"line":6,"column":4},"end":{"line":6,"column":23}},"2":{"start":{"line":10,"column":4},"end":{"line":10,"column":54}},"3":{"start":{"line":3,"column":0},"end":{"line":3,"column":13}}},"fnMap":{"0":{"name":"(anonymous_0)","decl":{"start":{"line":5,"column":2},"end":{"line":5,"column":22}},"loc":{"start":{"line":5,"column":44},"end":{"line":7,"column":3}}},"1":{"name":"(anonymous_1)","decl":{"start":{"line":9,"column":2},"end":{"line":9,"column":8}},"loc":{"start":{"line":9,"column":28},"end":{"line":11,"column":3}}}},"branchMap":{},"s":{"0":0,"1":0,"2":0,"3":0},"f":{"0":0,"1":0},"b":{}}
,"/home/juan/WebstormProjects/PortfolioNest/Portfolio/User/Domain/ValueObject/UserPassword.ts": {"path":"/home/juan/WebstormProjects/PortfolioNest/Portfolio/User/Domain/ValueObject/UserPassword.ts","statementMap":{"0":{"start":{"line":3,"column":39},"end":{"line":3,"column":40}},"1":{"start":{"line":4,"column":39},"end":{"line":4,"column":42}},"2":{"start":{"line":7,"column":4},"end":{"line":7,"column":23}},"3":{"start":{"line":11,"column":4},"end":{"line":13,"column":5}},"4":{"start":{"line":12,"column":6},"end":{"line":12,"column":51}},"5":{"start":{"line":15,"column":4},"end":{"line":19,"column":5}},"6":{"start":{"line":16,"column":6},"end":{"line":18,"column":8}},"7":{"start":{"line":21,"column":4},"end":{"line":25,"column":5}},"8":{"start":{"line":22,"column":6},"end":{"line":24,"column":8}},"9":{"start":{"line":27,"column":4},"end":{"line":27,"column":38}},"10":{"start":{"line":31,"column":4},"end":{"line":31,"column":22}},"11":{"start":{"line":35,"column":4},"end":{"line":35,"column":38}},"12":{"start":{"line":1,"column":0},"end":{"line":1,"column":13}}},"fnMap":{"0":{"name":"(anonymous_0)","decl":{"start":{"line":6,"column":2},"end":{"line":6,"column":22}},"loc":{"start":{"line":6,"column":35},"end":{"line":8,"column":3}}},"1":{"name":"(anonymous_1)","decl":{"start":{"line":10,"column":9},"end":{"line":10,"column":15}},"loc":{"start":{"line":10,"column":39},"end":{"line":28,"column":3}}},"2":{"name":"(anonymous_2)","decl":{"start":{"line":30,"column":9},"end":{"line":30,"column":17}},"loc":{"start":{"line":30,"column":17},"end":{"line":32,"column":3}}},"3":{"name":"(anonymous_3)","decl":{"start":{"line":34,"column":9},"end":{"line":34,"column":15}},"loc":{"start":{"line":34,"column":35},"end":{"line":36,"column":3}}}},"branchMap":{"0":{"loc":{"start":{"line":11,"column":4},"end":{"line":13,"column":5}},"type":"if","locations":[{"start":{"line":11,"column":4},"end":{"line":13,"column":5}},{"start":{},"end":{}}]},"1":{"loc":{"start":{"line":15,"column":4},"end":{"line":19,"column":5}},"type":"if","locations":[{"start":{"line":15,"column":4},"end":{"line":19,"column":5}},{"start":{},"end":{}}]},"2":{"loc":{"start":{"line":21,"column":4},"end":{"line":25,"column":5}},"type":"if","locations":[{"start":{"line":21,"column":4},"end":{"line":25,"column":5}},{"start":{},"end":{}}]}},"s":{"0":0,"1":0,"2":0,"3":0,"4":0,"5":0,"6":0,"7":0,"8":0,"9":0,"10":0,"11":0,"12":0},"f":{"0":0,"1":0,"2":0,"3":0},"b":{"0":[0,0],"1":[0,0],"2":[0,0]}}
,"/home/juan/WebstormProjects/PortfolioNest/Portfolio/Works/Domain/Work.ts": {"path":"/home/juan/WebstormProjects/PortfolioNest/Portfolio/Works/Domain/Work.ts","statementMap":{"0":{"start":{"line":7,"column":0},"end":{"line":7,"column":13}}},"fnMap":{},"branchMap":{},"s":{"0":0},"f":{},"b":{}}
,"/home/juan/WebstormProjects/PortfolioNest/Portfolio/Works/Domain/ValueObject/WorkCompany.ts": {"path":"/home/juan/WebstormProjects/PortfolioNest/Portfolio/Works/Domain/ValueObject/WorkCompany.ts","statementMap":{"0":{"start":{"line":1,"column":0},"end":{"line":1,"column":13}}},"fnMap":{},"branchMap":{},"s":{"0":0},"f":{},"b":{}}
,"/home/juan/WebstormProjects/PortfolioNest/Portfolio/Works/Domain/ValueObject/WorkDescription.ts": {"path":"/home/juan/WebstormProjects/PortfolioNest/Portfolio/Works/Domain/ValueObject/WorkDescription.ts","statementMap":{"0":{"start":{"line":1,"column":0},"end":{"line":1,"column":13}}},"fnMap":{},"branchMap":{},"s":{"0":0},"f":{},"b":{}}
,"/home/juan/WebstormProjects/PortfolioNest/Portfolio/Works/Domain/ValueObject/WorkId.ts": {"path":"/home/juan/WebstormProjects/PortfolioNest/Portfolio/Works/Domain/ValueObject/WorkId.ts","statementMap":{"0":{"start":{"line":3,"column":0},"end":{"line":3,"column":13}}},"fnMap":{},"branchMap":{},"s":{"0":0},"f":{},"b":{}}
,"/home/juan/WebstormProjects/PortfolioNest/Portfolio/Works/Domain/ValueObject/WorkPosition.ts": {"path":"/home/juan/WebstormProjects/PortfolioNest/Portfolio/Works/Domain/ValueObject/WorkPosition.ts","statementMap":{"0":{"start":{"line":1,"column":0},"end":{"line":1,"column":13}}},"fnMap":{},"branchMap":{},"s":{"0":0},"f":{},"b":{}}
}
